2020-09-05 13:38:43.138180: I tensorflow/core/platform/cpu_feature_guard.cc:143] Your CPU supports instructions that this TensorFlow binary was not compiled to use: SSE4.1 SSE4.2 AVX AVX2 FMA
2020-09-05 13:38:43.179715: I tensorflow/core/platform/profile_utils/cpu_utils.cc:102] CPU Frequency: 2600060000 Hz
2020-09-05 13:38:43.179979: I tensorflow/compiler/xla/service/service.cc:168] XLA service 0x2b32b976f380 initialized for platform Host (this does not guarantee that XLA will be used). Devices:
2020-09-05 13:38:43.179998: I tensorflow/compiler/xla/service/service.cc:176]   StreamExecutor device (0): Host, Default Version
2020-09-05 13:38:43.182434: I tensorflow/stream_executor/platform/default/dso_loader.cc:44] Successfully opened dynamic library libcuda.so.1
2020-09-05 13:38:43.446572: I tensorflow/core/common_runtime/gpu/gpu_device.cc:1561] Found device 0 with properties: 
pciBusID: 0000:09:00.0 name: GeForce GTX 1080 computeCapability: 6.1
coreClock: 1.7335GHz coreCount: 20 deviceMemorySize: 7.93GiB deviceMemoryBandwidth: 298.32GiB/s
2020-09-05 13:38:43.447600: I tensorflow/core/common_runtime/gpu/gpu_device.cc:1561] Found device 1 with properties: 
pciBusID: 0000:88:00.0 name: GeForce GTX 1080 computeCapability: 6.1
coreClock: 1.7335GHz coreCount: 20 deviceMemorySize: 7.93GiB deviceMemoryBandwidth: 298.32GiB/s
2020-09-05 13:38:43.447650: I tensorflow/stream_executor/platform/default/dso_loader.cc:44] Successfully opened dynamic library libcudart.so.10.1
2020-09-05 13:38:43.637462: I tensorflow/stream_executor/platform/default/dso_loader.cc:44] Successfully opened dynamic library libcublas.so.10
2020-09-05 13:38:43.706404: I tensorflow/stream_executor/platform/default/dso_loader.cc:44] Successfully opened dynamic library libcufft.so.10
2020-09-05 13:38:43.775978: I tensorflow/stream_executor/platform/default/dso_loader.cc:44] Successfully opened dynamic library libcurand.so.10
2020-09-05 13:38:43.936614: I tensorflow/stream_executor/platform/default/dso_loader.cc:44] Successfully opened dynamic library libcusolver.so.10
2020-09-05 13:38:43.990193: I tensorflow/stream_executor/platform/default/dso_loader.cc:44] Successfully opened dynamic library libcusparse.so.10
2020-09-05 13:38:44.278566: I tensorflow/stream_executor/platform/default/dso_loader.cc:44] Successfully opened dynamic library libcudnn.so.7
2020-09-05 13:38:44.285011: I tensorflow/core/common_runtime/gpu/gpu_device.cc:1703] Adding visible gpu devices: 0, 1
2020-09-05 13:38:55.034752: I tensorflow/core/common_runtime/gpu/gpu_device.cc:1102] Device interconnect StreamExecutor with strength 1 edge matrix:
2020-09-05 13:38:55.034888: I tensorflow/core/common_runtime/gpu/gpu_device.cc:1108]      0 1 
2020-09-05 13:38:55.034903: I tensorflow/core/common_runtime/gpu/gpu_device.cc:1121] 0:   N N 
2020-09-05 13:38:55.034907: I tensorflow/core/common_runtime/gpu/gpu_device.cc:1121] 1:   N N 
2020-09-05 13:38:55.039618: I tensorflow/core/common_runtime/gpu/gpu_device.cc:1247] Created TensorFlow device (/device:GPU:0 with 7101 MB memory) -> physical GPU (device: 0, name: GeForce GTX 1080, pci bus id: 0000:09:00.0, compute capability: 6.1)
2020-09-05 13:38:55.067036: I tensorflow/core/common_runtime/gpu/gpu_device.cc:1247] Created TensorFlow device (/device:GPU:1 with 7101 MB memory) -> physical GPU (device: 1, name: GeForce GTX 1080, pci bus id: 0000:88:00.0, compute capability: 6.1)
2020-09-05 13:38:55.069585: I tensorflow/compiler/xla/service/service.cc:168] XLA service 0x2b3455604510 initialized for platform CUDA (this does not guarantee that XLA will be used). Devices:
2020-09-05 13:38:55.069602: I tensorflow/compiler/xla/service/service.cc:176]   StreamExecutor device (0): GeForce GTX 1080, Compute Capability 6.1
2020-09-05 13:38:55.069607: I tensorflow/compiler/xla/service/service.cc:176]   StreamExecutor device (1): GeForce GTX 1080, Compute Capability 6.1
2020-09-05 13:38:55.071595: I tensorflow/core/common_runtime/gpu/gpu_device.cc:1561] Found device 0 with properties: 
pciBusID: 0000:09:00.0 name: GeForce GTX 1080 computeCapability: 6.1
coreClock: 1.7335GHz coreCount: 20 deviceMemorySize: 7.93GiB deviceMemoryBandwidth: 298.32GiB/s
2020-09-05 13:38:55.072589: I tensorflow/core/common_runtime/gpu/gpu_device.cc:1561] Found device 1 with properties: 
pciBusID: 0000:88:00.0 name: GeForce GTX 1080 computeCapability: 6.1
coreClock: 1.7335GHz coreCount: 20 deviceMemorySize: 7.93GiB deviceMemoryBandwidth: 298.32GiB/s
2020-09-05 13:38:55.072621: I tensorflow/stream_executor/platform/default/dso_loader.cc:44] Successfully opened dynamic library libcudart.so.10.1
2020-09-05 13:38:55.072643: I tensorflow/stream_executor/platform/default/dso_loader.cc:44] Successfully opened dynamic library libcublas.so.10
2020-09-05 13:38:55.072662: I tensorflow/stream_executor/platform/default/dso_loader.cc:44] Successfully opened dynamic library libcufft.so.10
2020-09-05 13:38:55.072680: I tensorflow/stream_executor/platform/default/dso_loader.cc:44] Successfully opened dynamic library libcurand.so.10
2020-09-05 13:38:55.072695: I tensorflow/stream_executor/platform/default/dso_loader.cc:44] Successfully opened dynamic library libcusolver.so.10
2020-09-05 13:38:55.072710: I tensorflow/stream_executor/platform/default/dso_loader.cc:44] Successfully opened dynamic library libcusparse.so.10
2020-09-05 13:38:55.072727: I tensorflow/stream_executor/platform/default/dso_loader.cc:44] Successfully opened dynamic library libcudnn.so.7
2020-09-05 13:38:55.076516: I tensorflow/core/common_runtime/gpu/gpu_device.cc:1703] Adding visible gpu devices: 0, 1
2020-09-05 13:38:55.076552: I tensorflow/core/common_runtime/gpu/gpu_device.cc:1102] Device interconnect StreamExecutor with strength 1 edge matrix:
2020-09-05 13:38:55.076559: I tensorflow/core/common_runtime/gpu/gpu_device.cc:1108]      0 1 
2020-09-05 13:38:55.076564: I tensorflow/core/common_runtime/gpu/gpu_device.cc:1121] 0:   N N 
2020-09-05 13:38:55.076567: I tensorflow/core/common_runtime/gpu/gpu_device.cc:1121] 1:   N N 
2020-09-05 13:38:55.080112: I tensorflow/core/common_runtime/gpu/gpu_device.cc:1247] Created TensorFlow device (/device:GPU:0 with 7101 MB memory) -> physical GPU (device: 0, name: GeForce GTX 1080, pci bus id: 0000:09:00.0, compute capability: 6.1)
2020-09-05 13:38:55.081106: I tensorflow/core/common_runtime/gpu/gpu_device.cc:1247] Created TensorFlow device (/device:GPU:1 with 7101 MB memory) -> physical GPU (device: 1, name: GeForce GTX 1080, pci bus id: 0000:88:00.0, compute capability: 6.1)
Default GPU Device:/device:GPU:0
Iter: 0  	Training Loss: -1563.8224    
    Negative Log Likelihood: 220.8750	Sigma2 Prior: -1784.6982	Regularization: 0.0008
Iter: 10  	Training Loss: -1619.4849    
    Negative Log Likelihood: 162.3242	Sigma2 Prior: -1781.8099	Regularization: 0.0008
Iter: 20  	Training Loss: -1823.5139    
    Negative Log Likelihood: 188.8598	Sigma2 Prior: -2012.3745	Regularization: 0.0008
Iter: 30  	Training Loss: -1741.3768    
    Negative Log Likelihood: 172.4442	Sigma2 Prior: -1913.8219	Regularization: 0.0008
Iter: 40  	Training Loss: -1727.8895    
    Negative Log Likelihood: 175.2320	Sigma2 Prior: -1903.1224	Regularization: 0.0008
Iter: 50  	Training Loss: -1722.8450    
    Negative Log Likelihood: 169.3305	Sigma2 Prior: -1892.1764	Regularization: 0.0008
Iter: 60  	Training Loss: -1711.1200    
    Negative Log Likelihood: 179.7684	Sigma2 Prior: -1890.8892	Regularization: 0.0008
Iter: 70  	Training Loss: -1713.6923    
    Negative Log Likelihood: 176.5415	Sigma2 Prior: -1890.2346	Regularization: 0.0008
Iter: 80  	Training Loss: -1707.9290    
    Negative Log Likelihood: 176.6140	Sigma2 Prior: -1884.5438	Regularization: 0.0008
Iter: 90  	Training Loss: -1707.5472    
    Negative Log Likelihood: 180.3009	Sigma2 Prior: -1887.8490	Regularization: 0.0008
Iter: 100  	Training Loss: -1708.3778    
    Negative Log Likelihood: 173.7753	Sigma2 Prior: -1882.1539	Regularization: 0.0008
Iter: 110  	Training Loss: -1706.4822    
    Negative Log Likelihood: 178.5735	Sigma2 Prior: -1885.0565	Regularization: 0.0008
Iter: 120  	Training Loss: -1712.9314    
    Negative Log Likelihood: 173.4076	Sigma2 Prior: -1886.3398	Regularization: 0.0008
Iter: 130  	Training Loss: -1710.4794    
    Negative Log Likelihood: 177.9231	Sigma2 Prior: -1888.4033	Regularization: 0.0008
Iter: 140  	Training Loss: -1712.0569    
    Negative Log Likelihood: 175.0899	Sigma2 Prior: -1887.1476	Regularization: 0.0008
Iter: 150  	Training Loss: -1712.3413    
    Negative Log Likelihood: 178.6036	Sigma2 Prior: -1890.9458	Regularization: 0.0008
Iter: 160  	Training Loss: -1710.0895    
    Negative Log Likelihood: 179.4972	Sigma2 Prior: -1889.5875	Regularization: 0.0008
Iter: 170  	Training Loss: -1718.6309    
    Negative Log Likelihood: 173.5350	Sigma2 Prior: -1892.1667	Regularization: 0.0008
Iter: 180  	Training Loss: -1715.0900    
    Negative Log Likelihood: 173.6690	Sigma2 Prior: -1888.7598	Regularization: 0.0008
Iter: 190  	Training Loss: -1715.2169    
    Negative Log Likelihood: 176.6759	Sigma2 Prior: -1891.8937	Regularization: 0.0008
Iter: 200  	Training Loss: -1713.4219    
    Negative Log Likelihood: 179.6628	Sigma2 Prior: -1893.0854	Regularization: 0.0008
Iter: 210  	Training Loss: -1716.8776    
    Negative Log Likelihood: 171.7235	Sigma2 Prior: -1888.6019	Regularization: 0.0008
Iter: 220  	Training Loss: -1714.0889    
    Negative Log Likelihood: 180.7702	Sigma2 Prior: -1894.8599	Regularization: 0.0008
Iter: 230  	Training Loss: -1718.7810    
    Negative Log Likelihood: 176.0728	Sigma2 Prior: -1894.8546	Regularization: 0.0008
Iter: 240  	Training Loss: -1717.1716    
    Negative Log Likelihood: 180.2124	Sigma2 Prior: -1897.3849	Regularization: 0.0008
Iter: 250  	Training Loss: -1716.4139    
    Negative Log Likelihood: 180.7826	Sigma2 Prior: -1897.1974	Regularization: 0.0008
Iter: 260  	Training Loss: -1721.0842    
    Negative Log Likelihood: 173.0668	Sigma2 Prior: -1894.1519	Regularization: 0.0008
Iter: 270  	Training Loss: -1720.1052    
    Negative Log Likelihood: 172.0430	Sigma2 Prior: -1892.1490	Regularization: 0.0008
Iter: 280  	Training Loss: -1717.7552    
    Negative Log Likelihood: 179.4889	Sigma2 Prior: -1897.2450	Regularization: 0.0008
Iter: 290  	Training Loss: -1720.3693    
    Negative Log Likelihood: 175.5044	Sigma2 Prior: -1895.8745	Regularization: 0.0008
Iter: 300  	Training Loss: -1721.2445    
    Negative Log Likelihood: 179.7809	Sigma2 Prior: -1901.0262	Regularization: 0.0008
Iter: 310  	Training Loss: -1726.8223    
    Negative Log Likelihood: 171.7473	Sigma2 Prior: -1898.5704	Regularization: 0.0008
Iter: 320  	Training Loss: -1721.3889    
    Negative Log Likelihood: 175.6257	Sigma2 Prior: -1897.0155	Regularization: 0.0008
Iter: 330  	Training Loss: -1724.3730    
    Negative Log Likelihood: 172.8771	Sigma2 Prior: -1897.2510	Regularization: 0.0008
Iter: 340  	Training Loss: -1728.2501    
    Negative Log Likelihood: 175.3903	Sigma2 Prior: -1903.6414	Regularization: 0.0008
Iter: 350  	Training Loss: -1725.3322    
    Negative Log Likelihood: 176.5589	Sigma2 Prior: -1901.8918	Regularization: 0.0008
Iter: 360  	Training Loss: -1730.3361    
    Negative Log Likelihood: 174.7518	Sigma2 Prior: -1905.0887	Regularization: 0.0008
Iter: 370  	Training Loss: -1729.6565    
    Negative Log Likelihood: 175.7412	Sigma2 Prior: -1905.3986	Regularization: 0.0008
Iter: 380  	Training Loss: -1729.3553    
    Negative Log Likelihood: 175.7985	Sigma2 Prior: -1905.1547	Regularization: 0.0008
Iter: 390  	Training Loss: -1728.6880    
    Negative Log Likelihood: 173.7092	Sigma2 Prior: -1902.3981	Regularization: 0.0008
Iter: 400  	Training Loss: -1730.9459    
    Negative Log Likelihood: 171.8646	Sigma2 Prior: -1902.8114	Regularization: 0.0008
Iter: 410  	Training Loss: -1725.6333    
    Negative Log Likelihood: 172.4364	Sigma2 Prior: -1898.0706	Regularization: 0.0008
Iter: 420  	Training Loss: -1729.3760    
    Negative Log Likelihood: 176.5878	Sigma2 Prior: -1905.9646	Regularization: 0.0008
Iter: 430  	Training Loss: -1720.2584    
    Negative Log Likelihood: 178.9726	Sigma2 Prior: -1899.2319	Regularization: 0.0008
Iter: 440  	Training Loss: -1728.7704    
    Negative Log Likelihood: 170.6942	Sigma2 Prior: -1899.4655	Regularization: 0.0008
Iter: 450  	Training Loss: -1722.1128    
    Negative Log Likelihood: 183.7487	Sigma2 Prior: -1905.8624	Regularization: 0.0008
Iter: 460  	Training Loss: -1727.9154    
    Negative Log Likelihood: 175.2572	Sigma2 Prior: -1903.1735	Regularization: 0.0008
Iter: 470  	Training Loss: -1725.0345    
    Negative Log Likelihood: 178.1180	Sigma2 Prior: -1903.1534	Regularization: 0.0008
Iter: 480  	Training Loss: -1727.9976    
    Negative Log Likelihood: 175.9316	Sigma2 Prior: -1903.9299	Regularization: 0.0008
Iter: 490  	Training Loss: -1726.9420    
    Negative Log Likelihood: 177.2275	Sigma2 Prior: -1904.1703	Regularization: 0.0008
Iter: 500  	Training Loss: -1730.3571    
    Negative Log Likelihood: 175.0963	Sigma2 Prior: -1905.4542	Regularization: 0.0008
Iter: 510  	Training Loss: -1729.8486    
    Negative Log Likelihood: 175.4302	Sigma2 Prior: -1905.2797	Regularization: 0.0008
Iter: 520  	Training Loss: -1730.2456    
    Negative Log Likelihood: 172.7734	Sigma2 Prior: -1903.0199	Regularization: 0.0008
Iter: 530  	Training Loss: -1727.8341    
    Negative Log Likelihood: 174.3775	Sigma2 Prior: -1902.2124	Regularization: 0.0008
Iter: 540  	Training Loss: -1729.5087    
    Negative Log Likelihood: 177.2163	Sigma2 Prior: -1906.7258	Regularization: 0.0008
Iter: 550  	Training Loss: -1732.4785    
    Negative Log Likelihood: 172.8250	Sigma2 Prior: -1905.3043	Regularization: 0.0008
Iter: 560  	Training Loss: -1733.3280    
    Negative Log Likelihood: 171.9272	Sigma2 Prior: -1905.2560	Regularization: 0.0008
Iter: 570  	Training Loss: -1731.0619    
    Negative Log Likelihood: 175.5135	Sigma2 Prior: -1906.5763	Regularization: 0.0008
Iter: 580  	Training Loss: -1735.2032    
    Negative Log Likelihood: 170.7665	Sigma2 Prior: -1905.9706	Regularization: 0.0008
Iter: 590  	Training Loss: -1731.0304    
    Negative Log Likelihood: 179.2515	Sigma2 Prior: -1910.2827	Regularization: 0.0009
Iter: 600  	Training Loss: -1733.9856    
    Negative Log Likelihood: 173.5695	Sigma2 Prior: -1907.5560	Regularization: 0.0009
Iter: 610  	Training Loss: -1727.2632    
    Negative Log Likelihood: 175.3424	Sigma2 Prior: -1902.6064	Regularization: 0.0009
Iter: 620  	Training Loss: -1730.7180    
    Negative Log Likelihood: 175.7211	Sigma2 Prior: -1906.4399	Regularization: 0.0009
Iter: 630  	Training Loss: -1735.8536    
    Negative Log Likelihood: 171.3279	Sigma2 Prior: -1907.1824	Regularization: 0.0009
Iter: 640  	Training Loss: -1728.9188    
    Negative Log Likelihood: 177.6644	Sigma2 Prior: -1906.5840	Regularization: 0.0009
Iter: 650  	Training Loss: -1731.4385    
    Negative Log Likelihood: 176.2441	Sigma2 Prior: -1907.6835	Regularization: 0.0009
Iter: 660  	Training Loss: -1733.7552    
    Negative Log Likelihood: 174.5796	Sigma2 Prior: -1908.3357	Regularization: 0.0009
Iter: 670  	Training Loss: -1736.5300    
    Negative Log Likelihood: 175.0050	Sigma2 Prior: -1911.5359	Regularization: 0.0009
Iter: 680  	Training Loss: -1732.5618    
    Negative Log Likelihood: 177.2789	Sigma2 Prior: -1909.8416	Regularization: 0.0009
Iter: 690  	Training Loss: -1727.7400    
    Negative Log Likelihood: 178.8975	Sigma2 Prior: -1906.6383	Regularization: 0.0009
Iter: 700  	Training Loss: -1737.9861    
    Negative Log Likelihood: 171.4153	Sigma2 Prior: -1909.4022	Regularization: 0.0009
Iter: 710  	Training Loss: -1733.6370    
    Negative Log Likelihood: 176.4511	Sigma2 Prior: -1910.0889	Regularization: 0.0009
Iter: 720  	Training Loss: -1729.1211    
    Negative Log Likelihood: 177.9123	Sigma2 Prior: -1907.0342	Regularization: 0.0009
Iter: 730  	Training Loss: -1728.9728    
    Negative Log Likelihood: 175.6715	Sigma2 Prior: -1904.6451	Regularization: 0.0009
Iter: 740  	Training Loss: -1735.2911    
    Negative Log Likelihood: 173.9348	Sigma2 Prior: -1909.2268	Regularization: 0.0009
Iter: 750  	Training Loss: -1730.2952    
    Negative Log Likelihood: 177.6353	Sigma2 Prior: -1907.9314	Regularization: 0.0009
Iter: 760  	Training Loss: -1730.5472    
    Negative Log Likelihood: 180.9025	Sigma2 Prior: -1911.4506	Regularization: 0.0009
Iter: 770  	Training Loss: -1731.2281    
    Negative Log Likelihood: 177.6933	Sigma2 Prior: -1908.9222	Regularization: 0.0009
Iter: 780  	Training Loss: -1734.0409    
    Negative Log Likelihood: 176.2135	Sigma2 Prior: -1910.2552	Regularization: 0.0009
Iter: 790  	Training Loss: -1733.5381    
    Negative Log Likelihood: 175.0890	Sigma2 Prior: -1908.6279	Regularization: 0.0009
Iter: 800  	Training Loss: -1734.9708    
    Negative Log Likelihood: 171.1452	Sigma2 Prior: -1906.1168	Regularization: 0.0009
Iter: 810  	Training Loss: -1735.4744    
    Negative Log Likelihood: 171.3499	Sigma2 Prior: -1906.8251	Regularization: 0.0009
Iter: 820  	Training Loss: -1736.2002    
    Negative Log Likelihood: 172.1871	Sigma2 Prior: -1908.3882	Regularization: 0.0009
Iter: 830  	Training Loss: -1729.9230    
    Negative Log Likelihood: 179.2708	Sigma2 Prior: -1909.1946	Regularization: 0.0009
Iter: 840  	Training Loss: -1730.9360    
    Negative Log Likelihood: 179.4232	Sigma2 Prior: -1910.3601	Regularization: 0.0009
Iter: 850  	Training Loss: -1735.7201    
    Negative Log Likelihood: 175.7648	Sigma2 Prior: -1911.4857	Regularization: 0.0009
Iter: 860  	Training Loss: -1735.9115    
    Negative Log Likelihood: 172.8392	Sigma2 Prior: -1908.7516	Regularization: 0.0009
Iter: 870  	Training Loss: -1734.2383    
    Negative Log Likelihood: 179.1827	Sigma2 Prior: -1913.4219	Regularization: 0.0009
Iter: 880  	Training Loss: -1734.0616    
    Negative Log Likelihood: 179.9744	Sigma2 Prior: -1914.0369	Regularization: 0.0009
Iter: 890  	Training Loss: -1746.0033    
    Negative Log Likelihood: 169.2291	Sigma2 Prior: -1915.2333	Regularization: 0.0009
Iter: 900  	Training Loss: -1731.9758    
    Negative Log Likelihood: 181.1450	Sigma2 Prior: -1913.1217	Regularization: 0.0009
Iter: 910  	Training Loss: -1733.7109    
    Negative Log Likelihood: 176.8083	Sigma2 Prior: -1910.5201	Regularization: 0.0009
Iter: 920  	Training Loss: -1740.9801    
    Negative Log Likelihood: 171.1122	Sigma2 Prior: -1912.0931	Regularization: 0.0009
Iter: 930  	Training Loss: -1736.8759    
    Negative Log Likelihood: 177.1529	Sigma2 Prior: -1914.0297	Regularization: 0.0009
Iter: 940  	Training Loss: -1737.1177    
    Negative Log Likelihood: 170.5935	Sigma2 Prior: -1907.7120	Regularization: 0.0009
Iter: 950  	Training Loss: -1733.0189    
    Negative Log Likelihood: 175.9904	Sigma2 Prior: -1909.0101	Regularization: 0.0009
Iter: 960  	Training Loss: -1735.1040    
    Negative Log Likelihood: 178.1720	Sigma2 Prior: -1913.2769	Regularization: 0.0009
Iter: 970  	Training Loss: -1737.0914    
    Negative Log Likelihood: 168.9322	Sigma2 Prior: -1906.0245	Regularization: 0.0009
Iter: 980  	Training Loss: -1735.1205    
    Negative Log Likelihood: 179.0864	Sigma2 Prior: -1914.2078	Regularization: 0.0009
Iter: 990  	Training Loss: -1739.3887    
    Negative Log Likelihood: 171.1276	Sigma2 Prior: -1910.5172	Regularization: 0.0009
Changing learning rate to: 5e-05
Iter: 1000  	Training Loss: -1737.7458    
    Negative Log Likelihood: 175.7735	Sigma2 Prior: -1913.5203	Regularization: 0.0009
Iter: 1010  	Training Loss: -1736.2008    
    Negative Log Likelihood: 175.0090	Sigma2 Prior: -1911.2107	Regularization: 0.0009
Iter: 1020  	Training Loss: -1736.0282    
    Negative Log Likelihood: 174.8798	Sigma2 Prior: -1910.9089	Regularization: 0.0009
Iter: 1030  	Training Loss: -1737.6849    
    Negative Log Likelihood: 175.7507	Sigma2 Prior: -1913.4365	Regularization: 0.0009
Iter: 1040  	Training Loss: -1734.2986    
    Negative Log Likelihood: 177.6772	Sigma2 Prior: -1911.9767	Regularization: 0.0009
Iter: 1050  	Training Loss: -1738.7770    
    Negative Log Likelihood: 174.9823	Sigma2 Prior: -1913.7601	Regularization: 0.0009
Iter: 1060  	Training Loss: -1734.5566    
    Negative Log Likelihood: 174.4718	Sigma2 Prior: -1909.0293	Regularization: 0.0009
Iter: 1070  	Training Loss: -1734.4163    
    Negative Log Likelihood: 179.7487	Sigma2 Prior: -1914.1659	Regularization: 0.0009
Iter: 1080  	Training Loss: -1734.7550    
    Negative Log Likelihood: 176.8530	Sigma2 Prior: -1911.6089	Regularization: 0.0009
Iter: 1090  	Training Loss: -1740.1912    
    Negative Log Likelihood: 173.8952	Sigma2 Prior: -1914.0873	Regularization: 0.0009
Iter: 1100  	Training Loss: -1733.6832    
    Negative Log Likelihood: 180.7749	Sigma2 Prior: -1914.4590	Regularization: 0.0009
Iter: 1110  	Training Loss: -1736.6232    
    Negative Log Likelihood: 177.5119	Sigma2 Prior: -1914.1359	Regularization: 0.0009
Iter: 1120  	Training Loss: -1738.6392    
    Negative Log Likelihood: 174.7624	Sigma2 Prior: -1913.4025	Regularization: 0.0009
Iter: 1130  	Training Loss: -1736.7903    
    Negative Log Likelihood: 177.0256	Sigma2 Prior: -1913.8168	Regularization: 0.0009
Iter: 1140  	Training Loss: -1731.0665    
    Negative Log Likelihood: 180.1674	Sigma2 Prior: -1911.2349	Regularization: 0.0009
Iter: 1150  	Training Loss: -1738.6946    
    Negative Log Likelihood: 172.7861	Sigma2 Prior: -1911.4816	Regularization: 0.0009
Iter: 1160  	Training Loss: -1741.7600    
    Negative Log Likelihood: 171.1572	Sigma2 Prior: -1912.9180	Regularization: 0.0009
Iter: 1170  	Training Loss: -1732.0375    
    Negative Log Likelihood: 183.5589	Sigma2 Prior: -1915.5973	Regularization: 0.0009
Iter: 1180  	Training Loss: -1740.8767    
    Negative Log Likelihood: 173.9256	Sigma2 Prior: -1914.8031	Regularization: 0.0009
Iter: 1190  	Training Loss: -1742.9868    
    Negative Log Likelihood: 173.9923	Sigma2 Prior: -1916.9800	Regularization: 0.0009
Iter: 1200  	Training Loss: -1735.0411    
    Negative Log Likelihood: 181.4689	Sigma2 Prior: -1916.5109	Regularization: 0.0009
Iter: 1210  	Training Loss: -1736.2076    
    Negative Log Likelihood: 179.7128	Sigma2 Prior: -1915.9213	Regularization: 0.0009
Iter: 1220  	Training Loss: -1740.5206    
    Negative Log Likelihood: 176.4633	Sigma2 Prior: -1916.9847	Regularization: 0.0009
Iter: 1230  	Training Loss: -1737.2614    
    Negative Log Likelihood: 178.6610	Sigma2 Prior: -1915.9232	Regularization: 0.0009
Iter: 1240  	Training Loss: -1737.9419    
    Negative Log Likelihood: 176.4183	Sigma2 Prior: -1914.3611	Regularization: 0.0009
Iter: 1250  	Training Loss: -1740.5469    
    Negative Log Likelihood: 177.5683	Sigma2 Prior: -1918.1161	Regularization: 0.0009
Iter: 1260  	Training Loss: -1746.2037    
    Negative Log Likelihood: 174.2374	Sigma2 Prior: -1920.4419	Regularization: 0.0009
Iter: 1270  	Training Loss: -1747.5859    
    Negative Log Likelihood: 172.3506	Sigma2 Prior: -1919.9374	Regularization: 0.0009
Iter: 1280  	Training Loss: -1743.7688    
    Negative Log Likelihood: 173.7087	Sigma2 Prior: -1917.4784	Regularization: 0.0009
Iter: 1290  	Training Loss: -1743.8685    
    Negative Log Likelihood: 176.6613	Sigma2 Prior: -1920.5308	Regularization: 0.0009
Iter: 1300  	Training Loss: -1743.1445    
    Negative Log Likelihood: 175.6340	Sigma2 Prior: -1918.7794	Regularization: 0.0009
Iter: 1310  	Training Loss: -1746.9373    
    Negative Log Likelihood: 174.1385	Sigma2 Prior: -1921.0767	Regularization: 0.0009
Iter: 1320  	Training Loss: -1747.8473    
    Negative Log Likelihood: 174.5324	Sigma2 Prior: -1922.3806	Regularization: 0.0009
Iter: 1330  	Training Loss: -1742.6487    
    Negative Log Likelihood: 179.5050	Sigma2 Prior: -1922.1545	Regularization: 0.0009
Iter: 1340  	Training Loss: -1745.1876    
    Negative Log Likelihood: 178.5679	Sigma2 Prior: -1923.7563	Regularization: 0.0009
Iter: 1350  	Training Loss: -1745.9326    
    Negative Log Likelihood: 173.7161	Sigma2 Prior: -1919.6495	Regularization: 0.0009
Iter: 1360  	Training Loss: -1747.2642    
    Negative Log Likelihood: 176.2577	Sigma2 Prior: -1923.5227	Regularization: 0.0009
Iter: 1370  	Training Loss: -1747.7872    
    Negative Log Likelihood: 177.1989	Sigma2 Prior: -1924.9869	Regularization: 0.0009
Iter: 1380  	Training Loss: -1753.1249    
    Negative Log Likelihood: 169.6843	Sigma2 Prior: -1922.8101	Regularization: 0.0009
Iter: 1390  	Training Loss: -1748.8510    
    Negative Log Likelihood: 175.8959	Sigma2 Prior: -1924.7477	Regularization: 0.0009
Iter: 1400  	Training Loss: -1749.4794    
    Negative Log Likelihood: 175.4151	Sigma2 Prior: -1924.8953	Regularization: 0.0009
Iter: 1410  	Training Loss: -1751.2794    
    Negative Log Likelihood: 176.1966	Sigma2 Prior: -1927.4768	Regularization: 0.0009
Iter: 1420  	Training Loss: -1751.6393    
    Negative Log Likelihood: 177.1743	Sigma2 Prior: -1928.8143	Regularization: 0.0009
Iter: 1430  	Training Loss: -1753.5682    
    Negative Log Likelihood: 173.9620	Sigma2 Prior: -1927.5310	Regularization: 0.0009
Iter: 1440  	Training Loss: -1756.8699    
    Negative Log Likelihood: 172.1087	Sigma2 Prior: -1928.9795	Regularization: 0.0009
Iter: 1450  	Training Loss: -1756.2167    
    Negative Log Likelihood: 179.2228	Sigma2 Prior: -1935.4403	Regularization: 0.0009
Iter: 1460  	Training Loss: -1755.1965    
    Negative Log Likelihood: 177.4743	Sigma2 Prior: -1932.6718	Regularization: 0.0009
Iter: 1470  	Training Loss: -1761.0804    
    Negative Log Likelihood: 175.4389	Sigma2 Prior: -1936.5201	Regularization: 0.0009
Iter: 1480  	Training Loss: -1755.0398    
    Negative Log Likelihood: 177.6535	Sigma2 Prior: -1932.6941	Regularization: 0.0009
Iter: 1490  	Training Loss: -1755.8022    
    Negative Log Likelihood: 175.3759	Sigma2 Prior: -1931.1790	Regularization: 0.0009
Iter: 1500  	Training Loss: -1760.0438    
    Negative Log Likelihood: 176.0639	Sigma2 Prior: -1936.1085	Regularization: 0.0009
Iter: 1510  	Training Loss: -1758.2936    
    Negative Log Likelihood: 172.0695	Sigma2 Prior: -1930.3640	Regularization: 0.0009
Iter: 1520  	Training Loss: -1760.1793    
    Negative Log Likelihood: 175.4355	Sigma2 Prior: -1935.6156	Regularization: 0.0009
Iter: 1530  	Training Loss: -1761.2821    
    Negative Log Likelihood: 170.7477	Sigma2 Prior: -1932.0306	Regularization: 0.0009
Iter: 1540  	Training Loss: -1760.7063    
    Negative Log Likelihood: 173.7705	Sigma2 Prior: -1934.4777	Regularization: 0.0009
Iter: 1550  	Training Loss: -1762.9071    
    Negative Log Likelihood: 175.8188	Sigma2 Prior: -1938.7267	Regularization: 0.0009
Iter: 1560  	Training Loss: -1763.5559    
    Negative Log Likelihood: 176.3754	Sigma2 Prior: -1939.9321	Regularization: 0.0009
Iter: 1570  	Training Loss: -1763.7057    
    Negative Log Likelihood: 180.8046	Sigma2 Prior: -1944.5111	Regularization: 0.0009
Iter: 1580  	Training Loss: -1775.7083    
    Negative Log Likelihood: 170.0925	Sigma2 Prior: -1945.8015	Regularization: 0.0009
Iter: 1590  	Training Loss: -1770.0231    
    Negative Log Likelihood: 173.2484	Sigma2 Prior: -1943.2723	Regularization: 0.0009
Iter: 1600  	Training Loss: -1770.5741    
    Negative Log Likelihood: 174.5884	Sigma2 Prior: -1945.1633	Regularization: 0.0009
Iter: 1610  	Training Loss: -1775.3990    
    Negative Log Likelihood: 176.3571	Sigma2 Prior: -1951.7570	Regularization: 0.0009
Iter: 1620  	Training Loss: -1775.9124    
    Negative Log Likelihood: 174.2986	Sigma2 Prior: -1950.2118	Regularization: 0.0009
Iter: 1630  	Training Loss: -1783.4091    
    Negative Log Likelihood: 177.1971	Sigma2 Prior: -1960.6071	Regularization: 0.0009
Iter: 1640  	Training Loss: -1784.9222    
    Negative Log Likelihood: 176.5735	Sigma2 Prior: -1961.4966	Regularization: 0.0009
Iter: 1650  	Training Loss: -1789.5325    
    Negative Log Likelihood: 172.5336	Sigma2 Prior: -1962.0669	Regularization: 0.0009
Iter: 1660  	Training Loss: -1796.2789    
    Negative Log Likelihood: 171.9417	Sigma2 Prior: -1968.2214	Regularization: 0.0009
Iter: 1670  	Training Loss: -1787.8164    
    Negative Log Likelihood: 180.7394	Sigma2 Prior: -1968.5566	Regularization: 0.0009
Iter: 1680  	Training Loss: -1799.4557    
    Negative Log Likelihood: 173.4218	Sigma2 Prior: -1972.8783	Regularization: 0.0009
Iter: 1690  	Training Loss: -1801.1555    
    Negative Log Likelihood: 174.2890	Sigma2 Prior: -1975.4453	Regularization: 0.0009
Iter: 1700  	Training Loss: -1799.7996    
    Negative Log Likelihood: 174.5028	Sigma2 Prior: -1974.3032	Regularization: 0.0009
Iter: 1710  	Training Loss: -1797.8417    
    Negative Log Likelihood: 178.9746	Sigma2 Prior: -1976.8171	Regularization: 0.0009
Iter: 1720  	Training Loss: -1805.9033    
    Negative Log Likelihood: 175.6600	Sigma2 Prior: -1981.5642	Regularization: 0.0009
Iter: 1730  	Training Loss: -1806.9595    
    Negative Log Likelihood: 175.4168	Sigma2 Prior: -1982.3771	Regularization: 0.0009
Iter: 1740  	Training Loss: -1800.6616    
    Negative Log Likelihood: 179.6972	Sigma2 Prior: -1980.3596	Regularization: 0.0009
Iter: 1750  	Training Loss: -1804.1237    
    Negative Log Likelihood: 177.0999	Sigma2 Prior: -1981.2245	Regularization: 0.0009
Iter: 1760  	Training Loss: -1810.8817    
    Negative Log Likelihood: 175.6979	Sigma2 Prior: -1986.5806	Regularization: 0.0009
Iter: 1770  	Training Loss: -1811.5133    
    Negative Log Likelihood: 177.1392	Sigma2 Prior: -1988.6533	Regularization: 0.0009
Iter: 1780  	Training Loss: -1812.7499    
    Negative Log Likelihood: 176.1535	Sigma2 Prior: -1988.9043	Regularization: 0.0009
Iter: 1790  	Training Loss: -1809.3606    
    Negative Log Likelihood: 175.1082	Sigma2 Prior: -1984.4696	Regularization: 0.0009
Iter: 1800  	Training Loss: -1808.9799    
    Negative Log Likelihood: 174.0024	Sigma2 Prior: -1982.9830	Regularization: 0.0009
Iter: 1810  	Training Loss: -1811.1316    
    Negative Log Likelihood: 177.6925	Sigma2 Prior: -1988.8251	Regularization: 0.0009
Iter: 1820  	Training Loss: -1811.1976    
    Negative Log Likelihood: 174.9833	Sigma2 Prior: -1986.1819	Regularization: 0.0009
Iter: 1830  	Training Loss: -1816.4396    
    Negative Log Likelihood: 172.4883	Sigma2 Prior: -1988.9288	Regularization: 0.0009
Iter: 1840  	Training Loss: -1810.4926    
    Negative Log Likelihood: 173.8983	Sigma2 Prior: -1984.3918	Regularization: 0.0009
Iter: 1850  	Training Loss: -1799.8888    
    Negative Log Likelihood: 175.1989	Sigma2 Prior: -1975.0887	Regularization: 0.0009
Iter: 1860  	Training Loss: -1807.8387    
    Negative Log Likelihood: 176.4615	Sigma2 Prior: -1984.3011	Regularization: 0.0009
Iter: 1870  	Training Loss: -1811.2214    
    Negative Log Likelihood: 172.3730	Sigma2 Prior: -1983.5955	Regularization: 0.0009
Iter: 1880  	Training Loss: -1810.5148    
    Negative Log Likelihood: 173.7252	Sigma2 Prior: -1984.2410	Regularization: 0.0009
Iter: 1890  	Training Loss: -1814.9471    
    Negative Log Likelihood: 172.7146	Sigma2 Prior: -1987.6627	Regularization: 0.0009
Iter: 1900  	Training Loss: -1809.9146    
    Negative Log Likelihood: 173.5828	Sigma2 Prior: -1983.4984	Regularization: 0.0009
Iter: 1910  	Training Loss: -1810.6090    
    Negative Log Likelihood: 172.0031	Sigma2 Prior: -1982.6132	Regularization: 0.0009
Iter: 1920  	Training Loss: -1808.0371    
    Negative Log Likelihood: 172.2962	Sigma2 Prior: -1980.3342	Regularization: 0.0009
Iter: 1930  	Training Loss: -1817.0585    
    Negative Log Likelihood: 173.3706	Sigma2 Prior: -1990.4301	Regularization: 0.0009
Iter: 1940  	Training Loss: -1811.5691    
    Negative Log Likelihood: 173.1421	Sigma2 Prior: -1984.7122	Regularization: 0.0009
Iter: 1950  	Training Loss: -1810.7202    
    Negative Log Likelihood: 174.1098	Sigma2 Prior: -1984.8311	Regularization: 0.0009
Iter: 1960  	Training Loss: -1811.6019    
    Negative Log Likelihood: 175.2491	Sigma2 Prior: -1986.8521	Regularization: 0.0009
Iter: 1970  	Training Loss: -1816.0623    
    Negative Log Likelihood: 169.6931	Sigma2 Prior: -1985.7563	Regularization: 0.0009
Iter: 1980  	Training Loss: -1810.8406    
    Negative Log Likelihood: 170.3721	Sigma2 Prior: -1981.2137	Regularization: 0.0009
Iter: 1990  	Training Loss: -1817.4598    
    Negative Log Likelihood: 173.4311	Sigma2 Prior: -1990.8920	Regularization: 0.0009
Changing learning rate to: 2.5e-05
Iter: 2000  	Training Loss: -1805.9956    
    Negative Log Likelihood: 171.9905	Sigma2 Prior: -1977.9871	Regularization: 0.0009
Iter: 2010  	Training Loss: -1813.3450    
    Negative Log Likelihood: 173.5421	Sigma2 Prior: -1986.8881	Regularization: 0.0009
Iter: 2020  	Training Loss: -1806.8671    
    Negative Log Likelihood: 175.9839	Sigma2 Prior: -1982.8519	Regularization: 0.0009
Iter: 2030  	Training Loss: -1811.4999    
    Negative Log Likelihood: 176.5819	Sigma2 Prior: -1988.0828	Regularization: 0.0009
Iter: 2040  	Training Loss: -1815.4780    
    Negative Log Likelihood: 173.6625	Sigma2 Prior: -1989.1415	Regularization: 0.0009
Iter: 2050  	Training Loss: -1816.0912    
    Negative Log Likelihood: 173.2252	Sigma2 Prior: -1989.3174	Regularization: 0.0009
Iter: 2060  	Training Loss: -1812.3342    
    Negative Log Likelihood: 175.1504	Sigma2 Prior: -1987.4856	Regularization: 0.0009
Iter: 2070  	Training Loss: -1809.5479    
    Negative Log Likelihood: 176.5548	Sigma2 Prior: -1986.1036	Regularization: 0.0009
Iter: 2080  	Training Loss: -1812.2561    
    Negative Log Likelihood: 177.2084	Sigma2 Prior: -1989.4656	Regularization: 0.0009
Iter: 2090  	Training Loss: -1806.7369    
    Negative Log Likelihood: 179.1750	Sigma2 Prior: -1985.9130	Regularization: 0.0009
Iter: 2100  	Training Loss: -1813.7253    
    Negative Log Likelihood: 175.3913	Sigma2 Prior: -1989.1176	Regularization: 0.0009
Iter: 2110  	Training Loss: -1814.9639    
    Negative Log Likelihood: 174.7152	Sigma2 Prior: -1989.6801	Regularization: 0.0009
Iter: 2120  	Training Loss: -1809.5227    
    Negative Log Likelihood: 177.2012	Sigma2 Prior: -1986.7249	Regularization: 0.0009
Iter: 2130  	Training Loss: -1815.3912    
    Negative Log Likelihood: 174.1915	Sigma2 Prior: -1989.5837	Regularization: 0.0009
Iter: 2140  	Training Loss: -1814.9796    
    Negative Log Likelihood: 169.5050	Sigma2 Prior: -1984.4856	Regularization: 0.0009
Iter: 2150  	Training Loss: -1807.8616    
    Negative Log Likelihood: 179.4528	Sigma2 Prior: -1987.3153	Regularization: 0.0009
Iter: 2160  	Training Loss: -1817.8519    
    Negative Log Likelihood: 173.9777	Sigma2 Prior: -1991.8306	Regularization: 0.0009
Iter: 2170  	Training Loss: -1814.1936    
    Negative Log Likelihood: 171.8496	Sigma2 Prior: -1986.0442	Regularization: 0.0009
Iter: 2180  	Training Loss: -1811.7737    
    Negative Log Likelihood: 174.9652	Sigma2 Prior: -1986.7399	Regularization: 0.0009
Iter: 2190  	Training Loss: -1816.8663    
    Negative Log Likelihood: 172.1620	Sigma2 Prior: -1989.0293	Regularization: 0.0009
Iter: 2200  	Training Loss: -1818.3268    
    Negative Log Likelihood: 173.8158	Sigma2 Prior: -1992.1436	Regularization: 0.0009
Iter: 2210  	Training Loss: -1811.0432    
    Negative Log Likelihood: 178.7337	Sigma2 Prior: -1989.7778	Regularization: 0.0009
Iter: 2220  	Training Loss: -1814.4070    
    Negative Log Likelihood: 172.4629	Sigma2 Prior: -1986.8708	Regularization: 0.0009
Iter: 2230  	Training Loss: -1818.7686    
    Negative Log Likelihood: 171.8432	Sigma2 Prior: -1990.6128	Regularization: 0.0009
Iter: 2240  	Training Loss: -1814.3279    
    Negative Log Likelihood: 176.7278	Sigma2 Prior: -1991.0566	Regularization: 0.0009
Iter: 2250  	Training Loss: -1810.6012    
    Negative Log Likelihood: 174.2341	Sigma2 Prior: -1984.8363	Regularization: 0.0009
Iter: 2260  	Training Loss: -1803.5746    
    Negative Log Likelihood: 180.4725	Sigma2 Prior: -1984.0480	Regularization: 0.0009
Iter: 2270  	Training Loss: -1815.3542    
    Negative Log Likelihood: 172.7958	Sigma2 Prior: -1988.1510	Regularization: 0.0009
Iter: 2280  	Training Loss: -1806.5332    
    Negative Log Likelihood: 176.1873	Sigma2 Prior: -1982.7214	Regularization: 0.0009
Iter: 2290  	Training Loss: -1808.0598    
    Negative Log Likelihood: 172.4418	Sigma2 Prior: -1980.5026	Regularization: 0.0009
Iter: 2300  	Training Loss: -1801.7290    
    Negative Log Likelihood: 173.3101	Sigma2 Prior: -1975.0400	Regularization: 0.0009
Iter: 2310  	Training Loss: -1808.3656    
    Negative Log Likelihood: 173.3836	Sigma2 Prior: -1981.7501	Regularization: 0.0009
Iter: 2320  	Training Loss: -1804.5363    
    Negative Log Likelihood: 172.1573	Sigma2 Prior: -1976.6946	Regularization: 0.0009
Iter: 2330  	Training Loss: -1804.1654    
    Negative Log Likelihood: 170.7985	Sigma2 Prior: -1974.9648	Regularization: 0.0009
Iter: 2340  	Training Loss: -1797.5320    
    Negative Log Likelihood: 180.5240	Sigma2 Prior: -1978.0570	Regularization: 0.0009
Iter: 2350  	Training Loss: -1797.5944    
    Negative Log Likelihood: 176.4611	Sigma2 Prior: -1974.0564	Regularization: 0.0009
Iter: 2360  	Training Loss: -1797.3796    
    Negative Log Likelihood: 176.9602	Sigma2 Prior: -1974.3408	Regularization: 0.0009
Iter: 2370  	Training Loss: -1802.6952    
    Negative Log Likelihood: 179.1593	Sigma2 Prior: -1981.8555	Regularization: 0.0009
Iter: 2380  	Training Loss: -1799.0226    
    Negative Log Likelihood: 177.1862	Sigma2 Prior: -1976.2097	Regularization: 0.0009
Iter: 2390  	Training Loss: -1804.1123    
    Negative Log Likelihood: 172.3757	Sigma2 Prior: -1976.4890	Regularization: 0.0009
Iter: 2400  	Training Loss: -1800.5110    
    Negative Log Likelihood: 177.2921	Sigma2 Prior: -1977.8041	Regularization: 0.0009
Iter: 2410  	Training Loss: -1800.6289    
    Negative Log Likelihood: 177.3885	Sigma2 Prior: -1978.0183	Regularization: 0.0009
Iter: 2420  	Training Loss: -1803.5688    
    Negative Log Likelihood: 174.3182	Sigma2 Prior: -1977.8881	Regularization: 0.0009
Iter: 2430  	Training Loss: -1801.1807    
    Negative Log Likelihood: 179.7626	Sigma2 Prior: -1980.9442	Regularization: 0.0009
Iter: 2440  	Training Loss: -1799.9324    
    Negative Log Likelihood: 176.9637	Sigma2 Prior: -1976.8971	Regularization: 0.0009
Iter: 2450  	Training Loss: -1804.4012    
    Negative Log Likelihood: 173.4404	Sigma2 Prior: -1977.8427	Regularization: 0.0009
Iter: 2460  	Training Loss: -1800.1539    
    Negative Log Likelihood: 174.4557	Sigma2 Prior: -1974.6106	Regularization: 0.0009
Iter: 2470  	Training Loss: -1795.2273    
    Negative Log Likelihood: 181.2313	Sigma2 Prior: -1976.4596	Regularization: 0.0009
Iter: 2480  	Training Loss: -1799.1780    
    Negative Log Likelihood: 176.4937	Sigma2 Prior: -1975.6726	Regularization: 0.0009
Iter: 2490  	Training Loss: -1799.1986    
    Negative Log Likelihood: 175.4936	Sigma2 Prior: -1974.6931	Regularization: 0.0009
Iter: 2500  	Training Loss: -1799.1359    
    Negative Log Likelihood: 174.9107	Sigma2 Prior: -1974.0475	Regularization: 0.0009
Iter: 2510  	Training Loss: -1802.7258    
    Negative Log Likelihood: 172.2685	Sigma2 Prior: -1974.9954	Regularization: 0.0009
Iter: 2520  	Training Loss: -1797.5145    
    Negative Log Likelihood: 177.2930	Sigma2 Prior: -1974.8086	Regularization: 0.0009
Iter: 2530  	Training Loss: -1801.7064    
    Negative Log Likelihood: 173.0927	Sigma2 Prior: -1974.8002	Regularization: 0.0009
Iter: 2540  	Training Loss: -1803.9293    
    Negative Log Likelihood: 170.0437	Sigma2 Prior: -1973.9740	Regularization: 0.0009
Iter: 2550  	Training Loss: -1794.7333    
    Negative Log Likelihood: 177.6548	Sigma2 Prior: -1972.3890	Regularization: 0.0009
Iter: 2560  	Training Loss: -1800.1824    
    Negative Log Likelihood: 173.6358	Sigma2 Prior: -1973.8192	Regularization: 0.0009
Iter: 2570  	Training Loss: -1804.0204    
    Negative Log Likelihood: 172.4973	Sigma2 Prior: -1976.5187	Regularization: 0.0009
Iter: 2580  	Training Loss: -1796.2805    
    Negative Log Likelihood: 178.2880	Sigma2 Prior: -1974.5695	Regularization: 0.0009
Iter: 2590  	Training Loss: -1800.3796    
    Negative Log Likelihood: 173.3351	Sigma2 Prior: -1973.7157	Regularization: 0.0009
Iter: 2600  	Training Loss: -1805.7596    
    Negative Log Likelihood: 169.8161	Sigma2 Prior: -1975.5768	Regularization: 0.0009
Iter: 2610  	Training Loss: -1799.9008    
    Negative Log Likelihood: 174.7402	Sigma2 Prior: -1974.6420	Regularization: 0.0009
Iter: 2620  	Training Loss: -1794.3285    
    Negative Log Likelihood: 175.8009	Sigma2 Prior: -1970.1304	Regularization: 0.0009
Iter: 2630  	Training Loss: -1800.0245    
    Negative Log Likelihood: 171.6053	Sigma2 Prior: -1971.6309	Regularization: 0.0009
Iter: 2640  	Training Loss: -1797.1174    
    Negative Log Likelihood: 183.6742	Sigma2 Prior: -1980.7926	Regularization: 0.0009
Iter: 2650  	Training Loss: -1790.5292    
    Negative Log Likelihood: 175.7182	Sigma2 Prior: -1966.2484	Regularization: 0.0009
Iter: 2660  	Training Loss: -1790.3275    
    Negative Log Likelihood: 174.8169	Sigma2 Prior: -1965.1454	Regularization: 0.0009
Iter: 2670  	Training Loss: -1797.7373    
    Negative Log Likelihood: 173.1700	Sigma2 Prior: -1970.9082	Regularization: 0.0009
Iter: 2680  	Training Loss: -1795.0820    
    Negative Log Likelihood: 178.4575	Sigma2 Prior: -1973.5405	Regularization: 0.0009
Iter: 2690  	Training Loss: -1795.8966    
    Negative Log Likelihood: 177.8267	Sigma2 Prior: -1973.7242	Regularization: 0.0009
Iter: 2700  	Training Loss: -1799.2189    
    Negative Log Likelihood: 177.3604	Sigma2 Prior: -1976.5803	Regularization: 0.0009
Iter: 2710  	Training Loss: -1793.2538    
    Negative Log Likelihood: 177.0952	Sigma2 Prior: -1970.3500	Regularization: 0.0009
Iter: 2720  	Training Loss: -1792.2205    
    Negative Log Likelihood: 175.6398	Sigma2 Prior: -1967.8612	Regularization: 0.0009
Iter: 2730  	Training Loss: -1793.5693    
    Negative Log Likelihood: 176.6372	Sigma2 Prior: -1970.2075	Regularization: 0.0009
Iter: 2740  	Training Loss: -1795.1255    
    Negative Log Likelihood: 176.6866	Sigma2 Prior: -1971.8130	Regularization: 0.0009
Iter: 2750  	Training Loss: -1804.9380    
    Negative Log Likelihood: 171.3069	Sigma2 Prior: -1976.2458	Regularization: 0.0009
Iter: 2760  	Training Loss: -1793.9104    
    Negative Log Likelihood: 177.1174	Sigma2 Prior: -1971.0287	Regularization: 0.0009
Iter: 2770  	Training Loss: -1795.1403    
    Negative Log Likelihood: 179.3380	Sigma2 Prior: -1974.4792	Regularization: 0.0009
Iter: 2780  	Training Loss: -1795.6715    
    Negative Log Likelihood: 176.8665	Sigma2 Prior: -1972.5389	Regularization: 0.0009
Iter: 2790  	Training Loss: -1798.4440    
    Negative Log Likelihood: 174.6852	Sigma2 Prior: -1973.1301	Regularization: 0.0009
Iter: 2800  	Training Loss: -1797.0096    
    Negative Log Likelihood: 171.5159	Sigma2 Prior: -1968.5265	Regularization: 0.0009
Iter: 2810  	Training Loss: -1797.3456    
    Negative Log Likelihood: 176.9385	Sigma2 Prior: -1974.2850	Regularization: 0.0009
Iter: 2820  	Training Loss: -1793.6875    
    Negative Log Likelihood: 176.9078	Sigma2 Prior: -1970.5963	Regularization: 0.0009
Iter: 2830  	Training Loss: -1793.4136    
    Negative Log Likelihood: 178.8158	Sigma2 Prior: -1972.2303	Regularization: 0.0009
Iter: 2840  	Training Loss: -1788.3452    
    Negative Log Likelihood: 178.7150	Sigma2 Prior: -1967.0612	Regularization: 0.0009
Iter: 2850  	Training Loss: -1797.4884    
    Negative Log Likelihood: 177.6189	Sigma2 Prior: -1975.1083	Regularization: 0.0009
Iter: 2860  	Training Loss: -1792.8988    
    Negative Log Likelihood: 173.3497	Sigma2 Prior: -1966.2495	Regularization: 0.0009
Iter: 2870  	Training Loss: -1793.5835    
    Negative Log Likelihood: 177.5379	Sigma2 Prior: -1971.1224	Regularization: 0.0009
Iter: 2880  	Training Loss: -1793.6776    
    Negative Log Likelihood: 175.4378	Sigma2 Prior: -1969.1163	Regularization: 0.0009
Iter: 2890  	Training Loss: -1797.8751    
    Negative Log Likelihood: 172.0911	Sigma2 Prior: -1969.9672	Regularization: 0.0009
Iter: 2900  	Training Loss: -1794.9725    
    Negative Log Likelihood: 179.6978	Sigma2 Prior: -1974.6714	Regularization: 0.0009
Iter: 2910  	Training Loss: -1795.2190    
    Negative Log Likelihood: 174.4033	Sigma2 Prior: -1969.6233	Regularization: 0.0009
Iter: 2920  	Training Loss: -1797.6515    
    Negative Log Likelihood: 173.8291	Sigma2 Prior: -1971.4816	Regularization: 0.0009
Iter: 2930  	Training Loss: -1792.9471    
    Negative Log Likelihood: 176.1829	Sigma2 Prior: -1969.1310	Regularization: 0.0009
Iter: 2940  	Training Loss: -1795.6681    
    Negative Log Likelihood: 175.3910	Sigma2 Prior: -1971.0601	Regularization: 0.0009
Iter: 2950  	Training Loss: -1804.2212    
    Negative Log Likelihood: 171.7568	Sigma2 Prior: -1975.9790	Regularization: 0.0010
Iter: 2960  	Training Loss: -1793.6125    
    Negative Log Likelihood: 176.2939	Sigma2 Prior: -1969.9075	Regularization: 0.0010
Iter: 2970  	Training Loss: -1791.3363    
    Negative Log Likelihood: 173.7970	Sigma2 Prior: -1965.1343	Regularization: 0.0010
Iter: 2980  	Training Loss: -1791.7659    
    Negative Log Likelihood: 177.1763	Sigma2 Prior: -1968.9431	Regularization: 0.0010
Iter: 2990  	Training Loss: -1805.7572    
    Negative Log Likelihood: 170.5850	Sigma2 Prior: -1976.3431	Regularization: 0.0010
Iter: 2999  	Training Loss: -1794.3979    
    Negative Log Likelihood: 174.9154	Sigma2 Prior: -1969.3143	Regularization: 0.0010
Done training with 3000 iterations
