2020-11-29 19:55:45.793035: I tensorflow/core/platform/cpu_feature_guard.cc:143] Your CPU supports instructions that this TensorFlow binary was not compiled to use: SSE4.1 SSE4.2 AVX AVX2 FMA
2020-11-29 19:55:45.800692: I tensorflow/core/platform/profile_utils/cpu_utils.cc:102] CPU Frequency: 2593875000 Hz
2020-11-29 19:55:45.801159: I tensorflow/compiler/xla/service/service.cc:168] XLA service 0x2aee0a5a86b0 initialized for platform Host (this does not guarantee that XLA will be used). Devices:
2020-11-29 19:55:45.801178: I tensorflow/compiler/xla/service/service.cc:176]   StreamExecutor device (0): Host, Default Version
2020-11-29 19:55:45.801362: W tensorflow/stream_executor/platform/default/dso_loader.cc:55] Could not load dynamic library 'libcuda.so.1'; dlerror: libcuda.so.1: cannot open shared object file: No such file or directory; LD_LIBRARY_PATH: /share/apps/gcc/6.3.0/lib64:/share/apps/gcc/6.3.0/lib:/share/apps/mpc/1.0.3/gnu/lib:/share/apps/mpfr/3.1.5/gnu/lib:/share/apps/gmp/6.1.2/gnu/lib:/share/apps/centos/7/usr/lib64:/opt/slurm/lib64
2020-11-29 19:55:45.801380: E tensorflow/stream_executor/cuda/cuda_driver.cc:313] failed call to cuInit: UNKNOWN ERROR (303)
2020-11-29 19:55:45.801395: I tensorflow/stream_executor/cuda/cuda_diagnostics.cc:156] kernel driver does not appear to be running on this host (c20-04): /proc/driver/nvidia/version does not exist
Using TensorFlow backend.
executing program?? /scratch/hh2263/Spokenweb_data/resampled/01 Ted Berrigan 1086-11-004.wav
<_io.BufferedWriter name='/scratch/hh2263/Spokenweb_data/resampled/stream_3min_score/01 Ted Berrigan 1086-11-004.pkl'>  finished!
2020-11-29 20:01:55.727598: I tensorflow/core/platform/cpu_feature_guard.cc:143] Your CPU supports instructions that this TensorFlow binary was not compiled to use: SSE4.1 SSE4.2 AVX AVX2 FMA
2020-11-29 20:01:55.743341: I tensorflow/core/platform/profile_utils/cpu_utils.cc:102] CPU Frequency: 2593875000 Hz
2020-11-29 20:01:55.744020: I tensorflow/compiler/xla/service/service.cc:168] XLA service 0x2b5bc2ac3780 initialized for platform Host (this does not guarantee that XLA will be used). Devices:
2020-11-29 20:01:55.744058: I tensorflow/compiler/xla/service/service.cc:176]   StreamExecutor device (0): Host, Default Version
2020-11-29 20:01:55.744409: W tensorflow/stream_executor/platform/default/dso_loader.cc:55] Could not load dynamic library 'libcuda.so.1'; dlerror: libcuda.so.1: cannot open shared object file: No such file or directory; LD_LIBRARY_PATH: /share/apps/gcc/6.3.0/lib64:/share/apps/gcc/6.3.0/lib:/share/apps/mpc/1.0.3/gnu/lib:/share/apps/mpfr/3.1.5/gnu/lib:/share/apps/gmp/6.1.2/gnu/lib:/share/apps/centos/7/usr/lib64:/opt/slurm/lib64
2020-11-29 20:01:55.744451: E tensorflow/stream_executor/cuda/cuda_driver.cc:313] failed call to cuInit: UNKNOWN ERROR (303)
2020-11-29 20:01:55.744477: I tensorflow/stream_executor/cuda/cuda_diagnostics.cc:156] kernel driver does not appear to be running on this host (c20-04): /proc/driver/nvidia/version does not exist
Using TensorFlow backend.
executing program?? /scratch/hh2263/Spokenweb_data/resampled/01 John Newlove I006-11-143.wav
<_io.BufferedWriter name='/scratch/hh2263/Spokenweb_data/resampled/stream_3min_score/01 John Newlove I006-11-143.pkl'>  finished!
2020-11-29 20:06:53.141177: I tensorflow/core/platform/cpu_feature_guard.cc:143] Your CPU supports instructions that this TensorFlow binary was not compiled to use: SSE4.1 SSE4.2 AVX AVX2 FMA
2020-11-29 20:06:53.156534: I tensorflow/core/platform/profile_utils/cpu_utils.cc:102] CPU Frequency: 2593875000 Hz
2020-11-29 20:06:53.157207: I tensorflow/compiler/xla/service/service.cc:168] XLA service 0x2b5e99e8e760 initialized for platform Host (this does not guarantee that XLA will be used). Devices:
2020-11-29 20:06:53.157259: I tensorflow/compiler/xla/service/service.cc:176]   StreamExecutor device (0): Host, Default Version
2020-11-29 20:06:53.157587: W tensorflow/stream_executor/platform/default/dso_loader.cc:55] Could not load dynamic library 'libcuda.so.1'; dlerror: libcuda.so.1: cannot open shared object file: No such file or directory; LD_LIBRARY_PATH: /share/apps/gcc/6.3.0/lib64:/share/apps/gcc/6.3.0/lib:/share/apps/mpc/1.0.3/gnu/lib:/share/apps/mpfr/3.1.5/gnu/lib:/share/apps/gmp/6.1.2/gnu/lib:/share/apps/centos/7/usr/lib64:/opt/slurm/lib64
2020-11-29 20:06:53.157625: E tensorflow/stream_executor/cuda/cuda_driver.cc:313] failed call to cuInit: UNKNOWN ERROR (303)
2020-11-29 20:06:53.157653: I tensorflow/stream_executor/cuda/cuda_diagnostics.cc:156] kernel driver does not appear to be running on this host (c20-04): /proc/driver/nvidia/version does not exist
Using TensorFlow backend.
executing program?? /scratch/hh2263/Spokenweb_data/resampled/2-01 Joel Oppenheimer.wav
<_io.BufferedWriter name='/scratch/hh2263/Spokenweb_data/resampled/stream_3min_score/2-01 Joel Oppenheimer.pkl'>  finished!
2020-11-29 20:15:24.262248: I tensorflow/core/platform/cpu_feature_guard.cc:143] Your CPU supports instructions that this TensorFlow binary was not compiled to use: SSE4.1 SSE4.2 AVX AVX2 FMA
2020-11-29 20:15:24.276686: I tensorflow/core/platform/profile_utils/cpu_utils.cc:102] CPU Frequency: 2593875000 Hz
2020-11-29 20:15:24.277330: I tensorflow/compiler/xla/service/service.cc:168] XLA service 0x2b508039c390 initialized for platform Host (this does not guarantee that XLA will be used). Devices:
2020-11-29 20:15:24.277365: I tensorflow/compiler/xla/service/service.cc:176]   StreamExecutor device (0): Host, Default Version
2020-11-29 20:15:24.277680: W tensorflow/stream_executor/platform/default/dso_loader.cc:55] Could not load dynamic library 'libcuda.so.1'; dlerror: libcuda.so.1: cannot open shared object file: No such file or directory; LD_LIBRARY_PATH: /share/apps/gcc/6.3.0/lib64:/share/apps/gcc/6.3.0/lib:/share/apps/mpc/1.0.3/gnu/lib:/share/apps/mpfr/3.1.5/gnu/lib:/share/apps/gmp/6.1.2/gnu/lib:/share/apps/centos/7/usr/lib64:/opt/slurm/lib64
2020-11-29 20:15:24.277709: E tensorflow/stream_executor/cuda/cuda_driver.cc:313] failed call to cuInit: UNKNOWN ERROR (303)
2020-11-29 20:15:24.277737: I tensorflow/stream_executor/cuda/cuda_diagnostics.cc:156] kernel driver does not appear to be running on this host (c20-04): /proc/driver/nvidia/version does not exist
Using TensorFlow backend.
executing program?? /scratch/hh2263/Spokenweb_data/resampled/01 Chris Levenson I006-11-104.2.wav
<_io.BufferedWriter name='/scratch/hh2263/Spokenweb_data/resampled/stream_3min_score/01 Chris Levenson I006-11-104.2.pkl'>  finished!
