2020-11-29 15:19:26.131019: I tensorflow/core/platform/cpu_feature_guard.cc:143] Your CPU supports instructions that this TensorFlow binary was not compiled to use: SSE4.1 SSE4.2 AVX
2020-11-29 15:19:26.142052: I tensorflow/core/platform/profile_utils/cpu_utils.cc:102] CPU Frequency: 2999765000 Hz
2020-11-29 15:19:26.142535: I tensorflow/compiler/xla/service/service.cc:168] XLA service 0x2ba518ed52f0 initialized for platform Host (this does not guarantee that XLA will be used). Devices:
2020-11-29 15:19:26.142555: I tensorflow/compiler/xla/service/service.cc:176]   StreamExecutor device (0): Host, Default Version
2020-11-29 15:19:26.143308: W tensorflow/stream_executor/platform/default/dso_loader.cc:55] Could not load dynamic library 'libcuda.so.1'; dlerror: libcuda.so.1: cannot open shared object file: No such file or directory; LD_LIBRARY_PATH: /share/apps/gcc/6.3.0/lib64:/share/apps/gcc/6.3.0/lib:/share/apps/mpc/1.0.3/gnu/lib:/share/apps/mpfr/3.1.5/gnu/lib:/share/apps/gmp/6.1.2/gnu/lib:/share/apps/centos/7/usr/lib64:/opt/slurm/lib64
2020-11-29 15:19:26.143328: E tensorflow/stream_executor/cuda/cuda_driver.cc:313] failed call to cuInit: UNKNOWN ERROR (303)
2020-11-29 15:19:26.143346: I tensorflow/stream_executor/cuda/cuda_diagnostics.cc:156] kernel driver does not appear to be running on this host (c39-13): /proc/driver/nvidia/version does not exist
Using TensorFlow backend.
executing program?? /scratch/hh2263/Spokenweb_data/resampled/01 Jerome Rothenberg I006-11-095.1.wav
in while loop
0 2846.9754375
in while loop
600 2846.9754375
in while loop
1200 2846.9754375
in while loop
1800 2846.9754375
in while loop
2400 2846.9754375
<_io.BufferedWriter name='/scratch/hh2263/Spokenweb_data/resampled/stream_10min_score/01 Jerome Rothenberg I006-11-095.1.pkl'>  finished!
2020-11-29 15:30:00.702695: I tensorflow/core/platform/cpu_feature_guard.cc:143] Your CPU supports instructions that this TensorFlow binary was not compiled to use: SSE4.1 SSE4.2 AVX
2020-11-29 15:30:00.710821: I tensorflow/core/platform/profile_utils/cpu_utils.cc:102] CPU Frequency: 2999765000 Hz
2020-11-29 15:30:00.711253: I tensorflow/compiler/xla/service/service.cc:168] XLA service 0x2ae53cfa0ef0 initialized for platform Host (this does not guarantee that XLA will be used). Devices:
2020-11-29 15:30:00.711274: I tensorflow/compiler/xla/service/service.cc:176]   StreamExecutor device (0): Host, Default Version
2020-11-29 15:30:00.711521: W tensorflow/stream_executor/platform/default/dso_loader.cc:55] Could not load dynamic library 'libcuda.so.1'; dlerror: libcuda.so.1: cannot open shared object file: No such file or directory; LD_LIBRARY_PATH: /share/apps/gcc/6.3.0/lib64:/share/apps/gcc/6.3.0/lib:/share/apps/mpc/1.0.3/gnu/lib:/share/apps/mpfr/3.1.5/gnu/lib:/share/apps/gmp/6.1.2/gnu/lib:/share/apps/centos/7/usr/lib64:/opt/slurm/lib64
2020-11-29 15:30:00.711540: E tensorflow/stream_executor/cuda/cuda_driver.cc:313] failed call to cuInit: UNKNOWN ERROR (303)
2020-11-29 15:30:00.711558: I tensorflow/stream_executor/cuda/cuda_diagnostics.cc:156] kernel driver does not appear to be running on this host (c39-13): /proc/driver/nvidia/version does not exist
Using TensorFlow backend.
executing program?? /scratch/hh2263/Spokenweb_data/resampled/01 Al Purdy- Of All People I006-11-037.2.wav
in while loop
0 1003.1020625
in while loop
600 1003.1020625
<_io.BufferedWriter name='/scratch/hh2263/Spokenweb_data/resampled/stream_10min_score/01 Al Purdy- Of All People I006-11-037.2.pkl'>  finished!
2020-11-29 15:33:32.156385: I tensorflow/core/platform/cpu_feature_guard.cc:143] Your CPU supports instructions that this TensorFlow binary was not compiled to use: SSE4.1 SSE4.2 AVX
2020-11-29 15:33:32.167003: I tensorflow/core/platform/profile_utils/cpu_utils.cc:102] CPU Frequency: 2999765000 Hz
2020-11-29 15:33:32.167467: I tensorflow/compiler/xla/service/service.cc:168] XLA service 0x2af18dc34340 initialized for platform Host (this does not guarantee that XLA will be used). Devices:
2020-11-29 15:33:32.167488: I tensorflow/compiler/xla/service/service.cc:176]   StreamExecutor device (0): Host, Default Version
2020-11-29 15:33:32.167788: W tensorflow/stream_executor/platform/default/dso_loader.cc:55] Could not load dynamic library 'libcuda.so.1'; dlerror: libcuda.so.1: cannot open shared object file: No such file or directory; LD_LIBRARY_PATH: /share/apps/gcc/6.3.0/lib64:/share/apps/gcc/6.3.0/lib:/share/apps/mpc/1.0.3/gnu/lib:/share/apps/mpfr/3.1.5/gnu/lib:/share/apps/gmp/6.1.2/gnu/lib:/share/apps/centos/7/usr/lib64:/opt/slurm/lib64
2020-11-29 15:33:32.167808: E tensorflow/stream_executor/cuda/cuda_driver.cc:313] failed call to cuInit: UNKNOWN ERROR (303)
2020-11-29 15:33:32.167826: I tensorflow/stream_executor/cuda/cuda_diagnostics.cc:156] kernel driver does not appear to be running on this host (c39-13): /proc/driver/nvidia/version does not exist
Using TensorFlow backend.
executing program?? /scratch/hh2263/Spokenweb_data/resampled/01 Gary Snyder I006-11-106=AC2.wav
in while loop
0 2625.4570625
in while loop
600 2625.4570625
in while loop
1200 2625.4570625
in while loop
1800 2625.4570625
in while loop
2400 2625.4570625
<_io.BufferedWriter name='/scratch/hh2263/Spokenweb_data/resampled/stream_10min_score/01 Gary Snyder I006-11-106=AC2.pkl'>  finished!
2020-11-29 15:37:16.422191: I tensorflow/core/platform/cpu_feature_guard.cc:143] Your CPU supports instructions that this TensorFlow binary was not compiled to use: SSE4.1 SSE4.2 AVX
2020-11-29 15:37:16.433020: I tensorflow/core/platform/profile_utils/cpu_utils.cc:102] CPU Frequency: 2999765000 Hz
2020-11-29 15:37:16.433462: I tensorflow/compiler/xla/service/service.cc:168] XLA service 0x2b68c0daa250 initialized for platform Host (this does not guarantee that XLA will be used). Devices:
2020-11-29 15:37:16.433483: I tensorflow/compiler/xla/service/service.cc:176]   StreamExecutor device (0): Host, Default Version
2020-11-29 15:37:16.433789: W tensorflow/stream_executor/platform/default/dso_loader.cc:55] Could not load dynamic library 'libcuda.so.1'; dlerror: libcuda.so.1: cannot open shared object file: No such file or directory; LD_LIBRARY_PATH: /share/apps/gcc/6.3.0/lib64:/share/apps/gcc/6.3.0/lib:/share/apps/mpc/1.0.3/gnu/lib:/share/apps/mpfr/3.1.5/gnu/lib:/share/apps/gmp/6.1.2/gnu/lib:/share/apps/centos/7/usr/lib64:/opt/slurm/lib64
2020-11-29 15:37:16.433808: E tensorflow/stream_executor/cuda/cuda_driver.cc:313] failed call to cuInit: UNKNOWN ERROR (303)
2020-11-29 15:37:16.433827: I tensorflow/stream_executor/cuda/cuda_diagnostics.cc:156] kernel driver does not appear to be running on this host (c39-13): /proc/driver/nvidia/version does not exist
Using TensorFlow backend.
executing program?? /scratch/hh2263/Spokenweb_data/resampled/01 Henry Beissel.wav
in while loop
0 2980.3973125
in while loop
600 2980.3973125
in while loop
1200 2980.3973125
in while loop
1800 2980.3973125
in while loop
2400 2980.3973125
<_io.BufferedWriter name='/scratch/hh2263/Spokenweb_data/resampled/stream_10min_score/01 Henry Beissel.pkl'>  finished!
