2020-11-29 19:55:44.545894: I tensorflow/core/platform/cpu_feature_guard.cc:143] Your CPU supports instructions that this TensorFlow binary was not compiled to use: SSE4.1 SSE4.2 AVX AVX2 FMA
2020-11-29 19:55:44.558474: I tensorflow/core/platform/profile_utils/cpu_utils.cc:102] CPU Frequency: 2594085000 Hz
2020-11-29 19:55:44.559097: I tensorflow/compiler/xla/service/service.cc:168] XLA service 0x2afc3e0b3340 initialized for platform Host (this does not guarantee that XLA will be used). Devices:
2020-11-29 19:55:44.559128: I tensorflow/compiler/xla/service/service.cc:176]   StreamExecutor device (0): Host, Default Version
2020-11-29 19:55:44.559407: W tensorflow/stream_executor/platform/default/dso_loader.cc:55] Could not load dynamic library 'libcuda.so.1'; dlerror: libcuda.so.1: cannot open shared object file: No such file or directory; LD_LIBRARY_PATH: /share/apps/gcc/6.3.0/lib64:/share/apps/gcc/6.3.0/lib:/share/apps/mpc/1.0.3/gnu/lib:/share/apps/mpfr/3.1.5/gnu/lib:/share/apps/gmp/6.1.2/gnu/lib:/share/apps/centos/7/usr/lib64:/opt/slurm/lib64
2020-11-29 19:55:44.559432: E tensorflow/stream_executor/cuda/cuda_driver.cc:313] failed call to cuInit: UNKNOWN ERROR (303)
2020-11-29 19:55:44.559455: I tensorflow/stream_executor/cuda/cuda_diagnostics.cc:156] kernel driver does not appear to be running on this host (c25-04): /proc/driver/nvidia/version does not exist
Using TensorFlow backend.
executing program?? /scratch/hh2263/Spokenweb_data/resampled/12-01 Michael McClure I006-11-160.1.wav
<_io.BufferedWriter name='/scratch/hh2263/Spokenweb_data/resampled/stream_3min_score/12-01 Michael McClure I006-11-160.1.pkl'>  finished!
2020-11-29 20:02:06.502200: I tensorflow/core/platform/cpu_feature_guard.cc:143] Your CPU supports instructions that this TensorFlow binary was not compiled to use: SSE4.1 SSE4.2 AVX AVX2 FMA
2020-11-29 20:02:06.517600: I tensorflow/core/platform/profile_utils/cpu_utils.cc:102] CPU Frequency: 2594085000 Hz
2020-11-29 20:02:06.518297: I tensorflow/compiler/xla/service/service.cc:168] XLA service 0x2abf28eec4c0 initialized for platform Host (this does not guarantee that XLA will be used). Devices:
2020-11-29 20:02:06.518333: I tensorflow/compiler/xla/service/service.cc:176]   StreamExecutor device (0): Host, Default Version
2020-11-29 20:02:06.519463: W tensorflow/stream_executor/platform/default/dso_loader.cc:55] Could not load dynamic library 'libcuda.so.1'; dlerror: libcuda.so.1: cannot open shared object file: No such file or directory; LD_LIBRARY_PATH: /share/apps/gcc/6.3.0/lib64:/share/apps/gcc/6.3.0/lib:/share/apps/mpc/1.0.3/gnu/lib:/share/apps/mpfr/3.1.5/gnu/lib:/share/apps/gmp/6.1.2/gnu/lib:/share/apps/centos/7/usr/lib64:/opt/slurm/lib64
2020-11-29 20:02:06.519496: E tensorflow/stream_executor/cuda/cuda_driver.cc:313] failed call to cuInit: UNKNOWN ERROR (303)
2020-11-29 20:02:06.519523: I tensorflow/stream_executor/cuda/cuda_diagnostics.cc:156] kernel driver does not appear to be running on this host (c25-04): /proc/driver/nvidia/version does not exist
Using TensorFlow backend.
executing program?? /scratch/hh2263/Spokenweb_data/resampled/1-01 Allen Ginsberg 3.wav
<_io.BufferedWriter name='/scratch/hh2263/Spokenweb_data/resampled/stream_3min_score/1-01 Allen Ginsberg 3.pkl'>  finished!
2020-11-29 20:15:19.556500: I tensorflow/core/platform/cpu_feature_guard.cc:143] Your CPU supports instructions that this TensorFlow binary was not compiled to use: SSE4.1 SSE4.2 AVX AVX2 FMA
2020-11-29 20:15:19.570973: I tensorflow/core/platform/profile_utils/cpu_utils.cc:102] CPU Frequency: 2594085000 Hz
2020-11-29 20:15:19.571688: I tensorflow/compiler/xla/service/service.cc:168] XLA service 0x2af7f2217160 initialized for platform Host (this does not guarantee that XLA will be used). Devices:
2020-11-29 20:15:19.571726: I tensorflow/compiler/xla/service/service.cc:176]   StreamExecutor device (0): Host, Default Version
2020-11-29 20:15:19.572073: W tensorflow/stream_executor/platform/default/dso_loader.cc:55] Could not load dynamic library 'libcuda.so.1'; dlerror: libcuda.so.1: cannot open shared object file: No such file or directory; LD_LIBRARY_PATH: /share/apps/gcc/6.3.0/lib64:/share/apps/gcc/6.3.0/lib:/share/apps/mpc/1.0.3/gnu/lib:/share/apps/mpfr/3.1.5/gnu/lib:/share/apps/gmp/6.1.2/gnu/lib:/share/apps/centos/7/usr/lib64:/opt/slurm/lib64
2020-11-29 20:15:19.572111: E tensorflow/stream_executor/cuda/cuda_driver.cc:313] failed call to cuInit: UNKNOWN ERROR (303)
2020-11-29 20:15:19.572145: I tensorflow/stream_executor/cuda/cuda_diagnostics.cc:156] kernel driver does not appear to be running on this host (c25-04): /proc/driver/nvidia/version does not exist
Using TensorFlow backend.
executing program?? /scratch/hh2263/Spokenweb_data/resampled/01 Charles Reznikoff I006-11-153.wav
<_io.BufferedWriter name='/scratch/hh2263/Spokenweb_data/resampled/stream_3min_score/01 Charles Reznikoff I006-11-153.pkl'>  finished!
2020-11-29 20:21:47.072121: I tensorflow/core/platform/cpu_feature_guard.cc:143] Your CPU supports instructions that this TensorFlow binary was not compiled to use: SSE4.1 SSE4.2 AVX AVX2 FMA
2020-11-29 20:21:47.087579: I tensorflow/core/platform/profile_utils/cpu_utils.cc:102] CPU Frequency: 2594085000 Hz
2020-11-29 20:21:47.088362: I tensorflow/compiler/xla/service/service.cc:168] XLA service 0x2b87f76f1620 initialized for platform Host (this does not guarantee that XLA will be used). Devices:
2020-11-29 20:21:47.088400: I tensorflow/compiler/xla/service/service.cc:176]   StreamExecutor device (0): Host, Default Version
2020-11-29 20:21:47.088737: W tensorflow/stream_executor/platform/default/dso_loader.cc:55] Could not load dynamic library 'libcuda.so.1'; dlerror: libcuda.so.1: cannot open shared object file: No such file or directory; LD_LIBRARY_PATH: /share/apps/gcc/6.3.0/lib64:/share/apps/gcc/6.3.0/lib:/share/apps/mpc/1.0.3/gnu/lib:/share/apps/mpfr/3.1.5/gnu/lib:/share/apps/gmp/6.1.2/gnu/lib:/share/apps/centos/7/usr/lib64:/opt/slurm/lib64
2020-11-29 20:21:47.088769: E tensorflow/stream_executor/cuda/cuda_driver.cc:313] failed call to cuInit: UNKNOWN ERROR (303)
2020-11-29 20:21:47.088796: I tensorflow/stream_executor/cuda/cuda_diagnostics.cc:156] kernel driver does not appear to be running on this host (c25-04): /proc/driver/nvidia/version does not exist
Using TensorFlow backend.
executing program?? /scratch/hh2263/Spokenweb_data/resampled/01 Robert Kelly.wav
<_io.BufferedWriter name='/scratch/hh2263/Spokenweb_data/resampled/stream_3min_score/01 Robert Kelly.pkl'>  finished!
