2020-11-29 16:36:00.227393: I tensorflow/core/platform/cpu_feature_guard.cc:143] Your CPU supports instructions that this TensorFlow binary was not compiled to use: SSE4.1 SSE4.2 AVX
2020-11-29 16:36:00.235492: I tensorflow/core/platform/profile_utils/cpu_utils.cc:102] CPU Frequency: 3000050000 Hz
2020-11-29 16:36:00.235924: I tensorflow/compiler/xla/service/service.cc:168] XLA service 0x2b10bac53040 initialized for platform Host (this does not guarantee that XLA will be used). Devices:
2020-11-29 16:36:00.235944: I tensorflow/compiler/xla/service/service.cc:176]   StreamExecutor device (0): Host, Default Version
2020-11-29 16:36:00.236155: W tensorflow/stream_executor/platform/default/dso_loader.cc:55] Could not load dynamic library 'libcuda.so.1'; dlerror: libcuda.so.1: cannot open shared object file: No such file or directory; LD_LIBRARY_PATH: /share/apps/gcc/6.3.0/lib64:/share/apps/gcc/6.3.0/lib:/share/apps/mpc/1.0.3/gnu/lib:/share/apps/mpfr/3.1.5/gnu/lib:/share/apps/gmp/6.1.2/gnu/lib:/share/apps/centos/7/usr/lib64:/opt/slurm/lib64
2020-11-29 16:36:00.236175: E tensorflow/stream_executor/cuda/cuda_driver.cc:313] failed call to cuInit: UNKNOWN ERROR (303)
2020-11-29 16:36:00.236194: I tensorflow/stream_executor/cuda/cuda_diagnostics.cc:156] kernel driver does not appear to be running on this host (c39-02): /proc/driver/nvidia/version does not exist
Using TensorFlow backend.
executing program?? /scratch/hh2263/Spokenweb_data/resampled/1-01 Allen Ginsberg 2.wav
in while loop
0 3751.1836875
in while loop
600 3751.1836875
in while loop
1200 3751.1836875
in while loop
1800 3751.1836875
in while loop
2400 3751.1836875
in while loop
3000 3751.1836875
in while loop
3600 3751.1836875
<_io.BufferedWriter name='/scratch/hh2263/Spokenweb_data/resampled/stream_10min_score/1-01 Allen Ginsberg 2.pkl'>  finished!
2020-11-29 16:53:56.648203: I tensorflow/core/platform/cpu_feature_guard.cc:143] Your CPU supports instructions that this TensorFlow binary was not compiled to use: SSE4.1 SSE4.2 AVX
2020-11-29 16:53:56.656089: I tensorflow/core/platform/profile_utils/cpu_utils.cc:102] CPU Frequency: 3000050000 Hz
2020-11-29 16:53:56.656531: I tensorflow/compiler/xla/service/service.cc:168] XLA service 0x2b1c3b29dee0 initialized for platform Host (this does not guarantee that XLA will be used). Devices:
2020-11-29 16:53:56.656550: I tensorflow/compiler/xla/service/service.cc:176]   StreamExecutor device (0): Host, Default Version
2020-11-29 16:53:56.656768: W tensorflow/stream_executor/platform/default/dso_loader.cc:55] Could not load dynamic library 'libcuda.so.1'; dlerror: libcuda.so.1: cannot open shared object file: No such file or directory; LD_LIBRARY_PATH: /share/apps/gcc/6.3.0/lib64:/share/apps/gcc/6.3.0/lib:/share/apps/mpc/1.0.3/gnu/lib:/share/apps/mpfr/3.1.5/gnu/lib:/share/apps/gmp/6.1.2/gnu/lib:/share/apps/centos/7/usr/lib64:/opt/slurm/lib64
2020-11-29 16:53:56.656788: E tensorflow/stream_executor/cuda/cuda_driver.cc:313] failed call to cuInit: UNKNOWN ERROR (303)
2020-11-29 16:53:56.656807: I tensorflow/stream_executor/cuda/cuda_diagnostics.cc:156] kernel driver does not appear to be running on this host (c39-02): /proc/driver/nvidia/version does not exist
Using TensorFlow backend.
executing program?? /scratch/hh2263/Spokenweb_data/resampled/2-01 Daphne Marlatt.wav
in while loop
0 2544.674875
in while loop
600 2544.674875
in while loop
1200 2544.674875
in while loop
1800 2544.674875
in while loop
2400 2544.674875
<_io.BufferedWriter name='/scratch/hh2263/Spokenweb_data/resampled/stream_10min_score/2-01 Daphne Marlatt.pkl'>  finished!
2020-11-29 16:57:49.223598: I tensorflow/core/platform/cpu_feature_guard.cc:143] Your CPU supports instructions that this TensorFlow binary was not compiled to use: SSE4.1 SSE4.2 AVX
2020-11-29 16:57:49.231613: I tensorflow/core/platform/profile_utils/cpu_utils.cc:102] CPU Frequency: 3000050000 Hz
2020-11-29 16:57:49.232090: I tensorflow/compiler/xla/service/service.cc:168] XLA service 0x2ac66d9ca1f0 initialized for platform Host (this does not guarantee that XLA will be used). Devices:
2020-11-29 16:57:49.232110: I tensorflow/compiler/xla/service/service.cc:176]   StreamExecutor device (0): Host, Default Version
2020-11-29 16:57:49.232327: W tensorflow/stream_executor/platform/default/dso_loader.cc:55] Could not load dynamic library 'libcuda.so.1'; dlerror: libcuda.so.1: cannot open shared object file: No such file or directory; LD_LIBRARY_PATH: /share/apps/gcc/6.3.0/lib64:/share/apps/gcc/6.3.0/lib:/share/apps/mpc/1.0.3/gnu/lib:/share/apps/mpfr/3.1.5/gnu/lib:/share/apps/gmp/6.1.2/gnu/lib:/share/apps/centos/7/usr/lib64:/opt/slurm/lib64
2020-11-29 16:57:49.232347: E tensorflow/stream_executor/cuda/cuda_driver.cc:313] failed call to cuInit: UNKNOWN ERROR (303)
2020-11-29 16:57:49.232366: I tensorflow/stream_executor/cuda/cuda_diagnostics.cc:156] kernel driver does not appear to be running on this host (c39-02): /proc/driver/nvidia/version does not exist
Using TensorFlow backend.
executing program?? /scratch/hh2263/Spokenweb_data/resampled/01 D.G. Jones and Eli Mandel 2.wav
in while loop
0 2809.5216875
in while loop
600 2809.5216875
in while loop
1200 2809.5216875
in while loop
1800 2809.5216875
in while loop
2400 2809.5216875
<_io.BufferedWriter name='/scratch/hh2263/Spokenweb_data/resampled/stream_10min_score/01 D.G. Jones and Eli Mandel 2.pkl'>  finished!
2020-11-29 17:03:07.384188: I tensorflow/core/platform/cpu_feature_guard.cc:143] Your CPU supports instructions that this TensorFlow binary was not compiled to use: SSE4.1 SSE4.2 AVX
2020-11-29 17:03:07.392134: I tensorflow/core/platform/profile_utils/cpu_utils.cc:102] CPU Frequency: 3000050000 Hz
2020-11-29 17:03:07.392561: I tensorflow/compiler/xla/service/service.cc:168] XLA service 0x2b0058e5c1b0 initialized for platform Host (this does not guarantee that XLA will be used). Devices:
2020-11-29 17:03:07.392582: I tensorflow/compiler/xla/service/service.cc:176]   StreamExecutor device (0): Host, Default Version
2020-11-29 17:03:07.392800: W tensorflow/stream_executor/platform/default/dso_loader.cc:55] Could not load dynamic library 'libcuda.so.1'; dlerror: libcuda.so.1: cannot open shared object file: No such file or directory; LD_LIBRARY_PATH: /share/apps/gcc/6.3.0/lib64:/share/apps/gcc/6.3.0/lib:/share/apps/mpc/1.0.3/gnu/lib:/share/apps/mpfr/3.1.5/gnu/lib:/share/apps/gmp/6.1.2/gnu/lib:/share/apps/centos/7/usr/lib64:/opt/slurm/lib64
2020-11-29 17:03:07.392821: E tensorflow/stream_executor/cuda/cuda_driver.cc:313] failed call to cuInit: UNKNOWN ERROR (303)
2020-11-29 17:03:07.392840: I tensorflow/stream_executor/cuda/cuda_diagnostics.cc:156] kernel driver does not appear to be running on this host (c39-02): /proc/driver/nvidia/version does not exist
Using TensorFlow backend.
executing program?? /scratch/hh2263/Spokenweb_data/resampled/01 Charles Simic I006-11-115.wav
in while loop
0 3024.9099375
in while loop
600 3024.9099375
in while loop
1200 3024.9099375
in while loop
1800 3024.9099375
in while loop
2400 3024.9099375
in while loop
3000 3024.9099375
<_io.BufferedWriter name='/scratch/hh2263/Spokenweb_data/resampled/stream_10min_score/01 Charles Simic I006-11-115.pkl'>  finished!
