2020-11-29 19:55:47.647253: I tensorflow/core/platform/cpu_feature_guard.cc:143] Your CPU supports instructions that this TensorFlow binary was not compiled to use: SSE4.1 SSE4.2 AVX AVX2 FMA
2020-11-29 19:55:47.656221: I tensorflow/core/platform/profile_utils/cpu_utils.cc:102] CPU Frequency: 2593935000 Hz
2020-11-29 19:55:47.656674: I tensorflow/compiler/xla/service/service.cc:168] XLA service 0x2ae6d30783c0 initialized for platform Host (this does not guarantee that XLA will be used). Devices:
2020-11-29 19:55:47.656695: I tensorflow/compiler/xla/service/service.cc:176]   StreamExecutor device (0): Host, Default Version
2020-11-29 19:55:47.656881: W tensorflow/stream_executor/platform/default/dso_loader.cc:55] Could not load dynamic library 'libcuda.so.1'; dlerror: libcuda.so.1: cannot open shared object file: No such file or directory; LD_LIBRARY_PATH: /share/apps/gcc/6.3.0/lib64:/share/apps/gcc/6.3.0/lib:/share/apps/mpc/1.0.3/gnu/lib:/share/apps/mpfr/3.1.5/gnu/lib:/share/apps/gmp/6.1.2/gnu/lib:/share/apps/centos/7/usr/lib64:/opt/slurm/lib64
2020-11-29 19:55:47.656899: E tensorflow/stream_executor/cuda/cuda_driver.cc:313] failed call to cuInit: UNKNOWN ERROR (303)
2020-11-29 19:55:47.656914: I tensorflow/stream_executor/cuda/cuda_diagnostics.cc:156] kernel driver does not appear to be running on this host (c20-03): /proc/driver/nvidia/version does not exist
Using TensorFlow backend.
executing program?? /scratch/hh2263/Spokenweb_data/resampled/01 Kenneth Koch I006-11-039.21.wav
<_io.BufferedWriter name='/scratch/hh2263/Spokenweb_data/resampled/stream_3min_score/01 Kenneth Koch I006-11-039.21.pkl'>  finished!
2020-11-29 19:58:53.828703: I tensorflow/core/platform/cpu_feature_guard.cc:143] Your CPU supports instructions that this TensorFlow binary was not compiled to use: SSE4.1 SSE4.2 AVX AVX2 FMA
2020-11-29 19:58:53.843685: I tensorflow/core/platform/profile_utils/cpu_utils.cc:102] CPU Frequency: 2593935000 Hz
2020-11-29 19:58:53.844344: I tensorflow/compiler/xla/service/service.cc:168] XLA service 0x2b4f92487580 initialized for platform Host (this does not guarantee that XLA will be used). Devices:
2020-11-29 19:58:53.844378: I tensorflow/compiler/xla/service/service.cc:176]   StreamExecutor device (0): Host, Default Version
2020-11-29 19:58:53.844699: W tensorflow/stream_executor/platform/default/dso_loader.cc:55] Could not load dynamic library 'libcuda.so.1'; dlerror: libcuda.so.1: cannot open shared object file: No such file or directory; LD_LIBRARY_PATH: /share/apps/gcc/6.3.0/lib64:/share/apps/gcc/6.3.0/lib:/share/apps/mpc/1.0.3/gnu/lib:/share/apps/mpfr/3.1.5/gnu/lib:/share/apps/gmp/6.1.2/gnu/lib:/share/apps/centos/7/usr/lib64:/opt/slurm/lib64
2020-11-29 19:58:53.844729: E tensorflow/stream_executor/cuda/cuda_driver.cc:313] failed call to cuInit: UNKNOWN ERROR (303)
2020-11-29 19:58:53.844756: I tensorflow/stream_executor/cuda/cuda_diagnostics.cc:156] kernel driver does not appear to be running on this host (c20-03): /proc/driver/nvidia/version does not exist
Using TensorFlow backend.
executing program?? /scratch/hh2263/Spokenweb_data/resampled/01 Jackson MacLow 3.wav
<_io.BufferedWriter name='/scratch/hh2263/Spokenweb_data/resampled/stream_3min_score/01 Jackson MacLow 3.pkl'>  finished!
2020-11-29 20:03:52.642620: I tensorflow/core/platform/cpu_feature_guard.cc:143] Your CPU supports instructions that this TensorFlow binary was not compiled to use: SSE4.1 SSE4.2 AVX AVX2 FMA
2020-11-29 20:03:52.656435: I tensorflow/core/platform/profile_utils/cpu_utils.cc:102] CPU Frequency: 2593935000 Hz
2020-11-29 20:03:52.657135: I tensorflow/compiler/xla/service/service.cc:168] XLA service 0x2af294ddc7d0 initialized for platform Host (this does not guarantee that XLA will be used). Devices:
2020-11-29 20:03:52.657170: I tensorflow/compiler/xla/service/service.cc:176]   StreamExecutor device (0): Host, Default Version
2020-11-29 20:03:52.657478: W tensorflow/stream_executor/platform/default/dso_loader.cc:55] Could not load dynamic library 'libcuda.so.1'; dlerror: libcuda.so.1: cannot open shared object file: No such file or directory; LD_LIBRARY_PATH: /share/apps/gcc/6.3.0/lib64:/share/apps/gcc/6.3.0/lib:/share/apps/mpc/1.0.3/gnu/lib:/share/apps/mpfr/3.1.5/gnu/lib:/share/apps/gmp/6.1.2/gnu/lib:/share/apps/centos/7/usr/lib64:/opt/slurm/lib64
2020-11-29 20:03:52.657514: E tensorflow/stream_executor/cuda/cuda_driver.cc:313] failed call to cuInit: UNKNOWN ERROR (303)
2020-11-29 20:03:52.657550: I tensorflow/stream_executor/cuda/cuda_diagnostics.cc:156] kernel driver does not appear to be running on this host (c20-03): /proc/driver/nvidia/version does not exist
Using TensorFlow backend.
executing program?? /scratch/hh2263/Spokenweb_data/resampled/01 Chris Levenson I006-11-104.1.wav
<_io.BufferedWriter name='/scratch/hh2263/Spokenweb_data/resampled/stream_3min_score/01 Chris Levenson I006-11-104.1.pkl'>  finished!
2020-11-29 20:07:48.656645: I tensorflow/core/platform/cpu_feature_guard.cc:143] Your CPU supports instructions that this TensorFlow binary was not compiled to use: SSE4.1 SSE4.2 AVX AVX2 FMA
2020-11-29 20:07:48.669916: I tensorflow/core/platform/profile_utils/cpu_utils.cc:102] CPU Frequency: 2593935000 Hz
2020-11-29 20:07:48.670364: I tensorflow/compiler/xla/service/service.cc:168] XLA service 0x2b22013cc950 initialized for platform Host (this does not guarantee that XLA will be used). Devices:
2020-11-29 20:07:48.670385: I tensorflow/compiler/xla/service/service.cc:176]   StreamExecutor device (0): Host, Default Version
2020-11-29 20:07:48.670609: W tensorflow/stream_executor/platform/default/dso_loader.cc:55] Could not load dynamic library 'libcuda.so.1'; dlerror: libcuda.so.1: cannot open shared object file: No such file or directory; LD_LIBRARY_PATH: /share/apps/gcc/6.3.0/lib64:/share/apps/gcc/6.3.0/lib:/share/apps/mpc/1.0.3/gnu/lib:/share/apps/mpfr/3.1.5/gnu/lib:/share/apps/gmp/6.1.2/gnu/lib:/share/apps/centos/7/usr/lib64:/opt/slurm/lib64
2020-11-29 20:07:48.670626: E tensorflow/stream_executor/cuda/cuda_driver.cc:313] failed call to cuInit: UNKNOWN ERROR (303)
2020-11-29 20:07:48.670644: I tensorflow/stream_executor/cuda/cuda_diagnostics.cc:156] kernel driver does not appear to be running on this host (c20-03): /proc/driver/nvidia/version does not exist
Using TensorFlow backend.
executing program?? /scratch/hh2263/Spokenweb_data/resampled/01 Kenneth Koch I006-11-039.1.wav
<_io.BufferedWriter name='/scratch/hh2263/Spokenweb_data/resampled/stream_3min_score/01 Kenneth Koch I006-11-039.1.pkl'>  finished!
