2020-11-29 19:56:05.887022: I tensorflow/core/platform/cpu_feature_guard.cc:143] Your CPU supports instructions that this TensorFlow binary was not compiled to use: SSE4.1 SSE4.2 AVX AVX2 FMA
2020-11-29 19:56:05.929236: I tensorflow/core/platform/profile_utils/cpu_utils.cc:102] CPU Frequency: 2593995000 Hz
2020-11-29 19:56:05.929802: I tensorflow/compiler/xla/service/service.cc:168] XLA service 0x2b57bf9cb820 initialized for platform Host (this does not guarantee that XLA will be used). Devices:
2020-11-29 19:56:05.929831: I tensorflow/compiler/xla/service/service.cc:176]   StreamExecutor device (0): Host, Default Version
2020-11-29 19:56:05.930753: W tensorflow/stream_executor/platform/default/dso_loader.cc:55] Could not load dynamic library 'libcuda.so.1'; dlerror: libcuda.so.1: cannot open shared object file: No such file or directory; LD_LIBRARY_PATH: /share/apps/gcc/6.3.0/lib64:/share/apps/gcc/6.3.0/lib:/share/apps/mpc/1.0.3/gnu/lib:/share/apps/mpfr/3.1.5/gnu/lib:/share/apps/gmp/6.1.2/gnu/lib:/share/apps/centos/7/usr/lib64:/opt/slurm/lib64
2020-11-29 19:56:05.930792: E tensorflow/stream_executor/cuda/cuda_driver.cc:313] failed call to cuInit: UNKNOWN ERROR (303)
2020-11-29 19:56:05.930823: I tensorflow/stream_executor/cuda/cuda_diagnostics.cc:156] kernel driver does not appear to be running on this host (c20-02): /proc/driver/nvidia/version does not exist
Using TensorFlow backend.
executing program?? /scratch/hh2263/Spokenweb_data/resampled/01 Barbara Howes I086-11-024.wav
<_io.BufferedWriter name='/scratch/hh2263/Spokenweb_data/resampled/stream_3min_score/01 Barbara Howes I086-11-024.pkl'>  finished!
2020-11-29 20:02:39.315953: I tensorflow/core/platform/cpu_feature_guard.cc:143] Your CPU supports instructions that this TensorFlow binary was not compiled to use: SSE4.1 SSE4.2 AVX AVX2 FMA
2020-11-29 20:02:39.331247: I tensorflow/core/platform/profile_utils/cpu_utils.cc:102] CPU Frequency: 2593995000 Hz
2020-11-29 20:02:39.331939: I tensorflow/compiler/xla/service/service.cc:168] XLA service 0x2ad05d9016c0 initialized for platform Host (this does not guarantee that XLA will be used). Devices:
2020-11-29 20:02:39.331976: I tensorflow/compiler/xla/service/service.cc:176]   StreamExecutor device (0): Host, Default Version
2020-11-29 20:02:39.332323: W tensorflow/stream_executor/platform/default/dso_loader.cc:55] Could not load dynamic library 'libcuda.so.1'; dlerror: libcuda.so.1: cannot open shared object file: No such file or directory; LD_LIBRARY_PATH: /share/apps/gcc/6.3.0/lib64:/share/apps/gcc/6.3.0/lib:/share/apps/mpc/1.0.3/gnu/lib:/share/apps/mpfr/3.1.5/gnu/lib:/share/apps/gmp/6.1.2/gnu/lib:/share/apps/centos/7/usr/lib64:/opt/slurm/lib64
2020-11-29 20:02:39.332356: E tensorflow/stream_executor/cuda/cuda_driver.cc:313] failed call to cuInit: UNKNOWN ERROR (303)
2020-11-29 20:02:39.332385: I tensorflow/stream_executor/cuda/cuda_diagnostics.cc:156] kernel driver does not appear to be running on this host (c20-02): /proc/driver/nvidia/version does not exist
Using TensorFlow backend.
executing program?? /scratch/hh2263/Spokenweb_data/resampled/01 Eli Mandel.wav
<_io.BufferedWriter name='/scratch/hh2263/Spokenweb_data/resampled/stream_3min_score/01 Eli Mandel.pkl'>  finished!
2020-11-29 20:09:42.002820: I tensorflow/core/platform/cpu_feature_guard.cc:143] Your CPU supports instructions that this TensorFlow binary was not compiled to use: SSE4.1 SSE4.2 AVX AVX2 FMA
2020-11-29 20:09:42.017152: I tensorflow/core/platform/profile_utils/cpu_utils.cc:102] CPU Frequency: 2593995000 Hz
2020-11-29 20:09:42.017813: I tensorflow/compiler/xla/service/service.cc:168] XLA service 0x2ae64059d6d0 initialized for platform Host (this does not guarantee that XLA will be used). Devices:
2020-11-29 20:09:42.017858: I tensorflow/compiler/xla/service/service.cc:176]   StreamExecutor device (0): Host, Default Version
2020-11-29 20:09:42.018196: W tensorflow/stream_executor/platform/default/dso_loader.cc:55] Could not load dynamic library 'libcuda.so.1'; dlerror: libcuda.so.1: cannot open shared object file: No such file or directory; LD_LIBRARY_PATH: /share/apps/gcc/6.3.0/lib64:/share/apps/gcc/6.3.0/lib:/share/apps/mpc/1.0.3/gnu/lib:/share/apps/mpfr/3.1.5/gnu/lib:/share/apps/gmp/6.1.2/gnu/lib:/share/apps/centos/7/usr/lib64:/opt/slurm/lib64
2020-11-29 20:09:42.018234: E tensorflow/stream_executor/cuda/cuda_driver.cc:313] failed call to cuInit: UNKNOWN ERROR (303)
2020-11-29 20:09:42.018263: I tensorflow/stream_executor/cuda/cuda_diagnostics.cc:156] kernel driver does not appear to be running on this host (c20-02): /proc/driver/nvidia/version does not exist
Using TensorFlow backend.
executing program?? /scratch/hh2263/Spokenweb_data/resampled/01 Phyllis Webb.wav
<_io.BufferedWriter name='/scratch/hh2263/Spokenweb_data/resampled/stream_3min_score/01 Phyllis Webb.pkl'>  finished!
2020-11-29 20:13:01.864286: I tensorflow/core/platform/cpu_feature_guard.cc:143] Your CPU supports instructions that this TensorFlow binary was not compiled to use: SSE4.1 SSE4.2 AVX AVX2 FMA
2020-11-29 20:13:01.878109: I tensorflow/core/platform/profile_utils/cpu_utils.cc:102] CPU Frequency: 2593995000 Hz
2020-11-29 20:13:01.878802: I tensorflow/compiler/xla/service/service.cc:168] XLA service 0x2b6d8b0d6430 initialized for platform Host (this does not guarantee that XLA will be used). Devices:
2020-11-29 20:13:01.878839: I tensorflow/compiler/xla/service/service.cc:176]   StreamExecutor device (0): Host, Default Version
2020-11-29 20:13:01.879196: W tensorflow/stream_executor/platform/default/dso_loader.cc:55] Could not load dynamic library 'libcuda.so.1'; dlerror: libcuda.so.1: cannot open shared object file: No such file or directory; LD_LIBRARY_PATH: /share/apps/gcc/6.3.0/lib64:/share/apps/gcc/6.3.0/lib:/share/apps/mpc/1.0.3/gnu/lib:/share/apps/mpfr/3.1.5/gnu/lib:/share/apps/gmp/6.1.2/gnu/lib:/share/apps/centos/7/usr/lib64:/opt/slurm/lib64
2020-11-29 20:13:01.879228: E tensorflow/stream_executor/cuda/cuda_driver.cc:313] failed call to cuInit: UNKNOWN ERROR (303)
2020-11-29 20:13:01.879257: I tensorflow/stream_executor/cuda/cuda_diagnostics.cc:156] kernel driver does not appear to be running on this host (c20-02): /proc/driver/nvidia/version does not exist
Using TensorFlow backend.
executing program?? /scratch/hh2263/Spokenweb_data/resampled/01 Bisset, Bill.wav
<_io.BufferedWriter name='/scratch/hh2263/Spokenweb_data/resampled/stream_3min_score/01 Bisset, Bill.pkl'>  finished!
