2020-11-29 15:19:26.098720: I tensorflow/core/platform/cpu_feature_guard.cc:143] Your CPU supports instructions that this TensorFlow binary was not compiled to use: SSE4.1 SSE4.2 AVX
2020-11-29 15:19:26.121600: I tensorflow/core/platform/profile_utils/cpu_utils.cc:102] CPU Frequency: 3000000000 Hz
2020-11-29 15:19:26.122019: I tensorflow/compiler/xla/service/service.cc:168] XLA service 0x2ab84c3bd460 initialized for platform Host (this does not guarantee that XLA will be used). Devices:
2020-11-29 15:19:26.122039: I tensorflow/compiler/xla/service/service.cc:176]   StreamExecutor device (0): Host, Default Version
2020-11-29 15:19:26.122717: W tensorflow/stream_executor/platform/default/dso_loader.cc:55] Could not load dynamic library 'libcuda.so.1'; dlerror: libcuda.so.1: cannot open shared object file: No such file or directory; LD_LIBRARY_PATH: /share/apps/gcc/6.3.0/lib64:/share/apps/gcc/6.3.0/lib:/share/apps/mpc/1.0.3/gnu/lib:/share/apps/mpfr/3.1.5/gnu/lib:/share/apps/gmp/6.1.2/gnu/lib:/share/apps/centos/7/usr/lib64:/opt/slurm/lib64
2020-11-29 15:19:26.122736: E tensorflow/stream_executor/cuda/cuda_driver.cc:313] failed call to cuInit: UNKNOWN ERROR (303)
2020-11-29 15:19:26.122758: I tensorflow/stream_executor/cuda/cuda_diagnostics.cc:156] kernel driver does not appear to be running on this host (c39-10): /proc/driver/nvidia/version does not exist
Using TensorFlow backend.
executing program?? /scratch/hh2263/Spokenweb_data/resampled/01 Michael McClure I006-11-160.2.wav
in while loop
0 2742.508875
in while loop
600 2742.508875
in while loop
1200 2742.508875
in while loop
1800 2742.508875
in while loop
2400 2742.508875
<_io.BufferedWriter name='/scratch/hh2263/Spokenweb_data/resampled/stream_10min_score/01 Michael McClure I006-11-160.2.pkl'>  finished!
2020-11-29 15:26:15.139301: I tensorflow/core/platform/cpu_feature_guard.cc:143] Your CPU supports instructions that this TensorFlow binary was not compiled to use: SSE4.1 SSE4.2 AVX
2020-11-29 15:26:15.147064: I tensorflow/core/platform/profile_utils/cpu_utils.cc:102] CPU Frequency: 3000000000 Hz
2020-11-29 15:26:15.147478: I tensorflow/compiler/xla/service/service.cc:168] XLA service 0x2b736fc3e150 initialized for platform Host (this does not guarantee that XLA will be used). Devices:
2020-11-29 15:26:15.147497: I tensorflow/compiler/xla/service/service.cc:176]   StreamExecutor device (0): Host, Default Version
2020-11-29 15:26:15.147691: W tensorflow/stream_executor/platform/default/dso_loader.cc:55] Could not load dynamic library 'libcuda.so.1'; dlerror: libcuda.so.1: cannot open shared object file: No such file or directory; LD_LIBRARY_PATH: /share/apps/gcc/6.3.0/lib64:/share/apps/gcc/6.3.0/lib:/share/apps/mpc/1.0.3/gnu/lib:/share/apps/mpfr/3.1.5/gnu/lib:/share/apps/gmp/6.1.2/gnu/lib:/share/apps/centos/7/usr/lib64:/opt/slurm/lib64
2020-11-29 15:26:15.147710: E tensorflow/stream_executor/cuda/cuda_driver.cc:313] failed call to cuInit: UNKNOWN ERROR (303)
2020-11-29 15:26:15.147729: I tensorflow/stream_executor/cuda/cuda_diagnostics.cc:156] kernel driver does not appear to be running on this host (c39-10): /proc/driver/nvidia/version does not exist
Using TensorFlow backend.
executing program?? /scratch/hh2263/Spokenweb_data/resampled/01 George Bowering I006-11-034.1.wav
in while loop
0 2925.55175
in while loop
600 2925.55175
in while loop
1200 2925.55175
in while loop
1800 2925.55175
in while loop
2400 2925.55175
<_io.BufferedWriter name='/scratch/hh2263/Spokenweb_data/resampled/stream_10min_score/01 George Bowering I006-11-034.1.pkl'>  finished!
2020-11-29 15:33:32.099139: I tensorflow/core/platform/cpu_feature_guard.cc:143] Your CPU supports instructions that this TensorFlow binary was not compiled to use: SSE4.1 SSE4.2 AVX
2020-11-29 15:33:32.107080: I tensorflow/core/platform/profile_utils/cpu_utils.cc:102] CPU Frequency: 3000000000 Hz
2020-11-29 15:33:32.107511: I tensorflow/compiler/xla/service/service.cc:168] XLA service 0x2b0547ee3430 initialized for platform Host (this does not guarantee that XLA will be used). Devices:
2020-11-29 15:33:32.107531: I tensorflow/compiler/xla/service/service.cc:176]   StreamExecutor device (0): Host, Default Version
2020-11-29 15:33:32.107734: W tensorflow/stream_executor/platform/default/dso_loader.cc:55] Could not load dynamic library 'libcuda.so.1'; dlerror: libcuda.so.1: cannot open shared object file: No such file or directory; LD_LIBRARY_PATH: /share/apps/gcc/6.3.0/lib64:/share/apps/gcc/6.3.0/lib:/share/apps/mpc/1.0.3/gnu/lib:/share/apps/mpfr/3.1.5/gnu/lib:/share/apps/gmp/6.1.2/gnu/lib:/share/apps/centos/7/usr/lib64:/opt/slurm/lib64
2020-11-29 15:33:32.107753: E tensorflow/stream_executor/cuda/cuda_driver.cc:313] failed call to cuInit: UNKNOWN ERROR (303)
2020-11-29 15:33:32.107771: I tensorflow/stream_executor/cuda/cuda_diagnostics.cc:156] kernel driver does not appear to be running on this host (c39-10): /proc/driver/nvidia/version does not exist
Using TensorFlow backend.
executing program?? /scratch/hh2263/Spokenweb_data/resampled/3-01 Jackson MacLow 1.wav
in while loop
0 2473.6914375
in while loop
600 2473.6914375
in while loop
1200 2473.6914375
in while loop
1800 2473.6914375
in while loop
2400 2473.6914375
<_io.BufferedWriter name='/scratch/hh2263/Spokenweb_data/resampled/stream_10min_score/3-01 Jackson MacLow 1.pkl'>  finished!
2020-11-29 15:41:03.336510: I tensorflow/core/platform/cpu_feature_guard.cc:143] Your CPU supports instructions that this TensorFlow binary was not compiled to use: SSE4.1 SSE4.2 AVX
2020-11-29 15:41:03.344258: I tensorflow/core/platform/profile_utils/cpu_utils.cc:102] CPU Frequency: 3000000000 Hz
2020-11-29 15:41:03.344681: I tensorflow/compiler/xla/service/service.cc:168] XLA service 0x2b9f42490340 initialized for platform Host (this does not guarantee that XLA will be used). Devices:
2020-11-29 15:41:03.344701: I tensorflow/compiler/xla/service/service.cc:176]   StreamExecutor device (0): Host, Default Version
2020-11-29 15:41:03.344894: W tensorflow/stream_executor/platform/default/dso_loader.cc:55] Could not load dynamic library 'libcuda.so.1'; dlerror: libcuda.so.1: cannot open shared object file: No such file or directory; LD_LIBRARY_PATH: /share/apps/gcc/6.3.0/lib64:/share/apps/gcc/6.3.0/lib:/share/apps/mpc/1.0.3/gnu/lib:/share/apps/mpfr/3.1.5/gnu/lib:/share/apps/gmp/6.1.2/gnu/lib:/share/apps/centos/7/usr/lib64:/opt/slurm/lib64
2020-11-29 15:41:03.344912: E tensorflow/stream_executor/cuda/cuda_driver.cc:313] failed call to cuInit: UNKNOWN ERROR (303)
2020-11-29 15:41:03.344932: I tensorflow/stream_executor/cuda/cuda_diagnostics.cc:156] kernel driver does not appear to be running on this host (c39-10): /proc/driver/nvidia/version does not exist
Using TensorFlow backend.
executing program?? /scratch/hh2263/Spokenweb_data/resampled/01 George Bowering I086-11-006.wav
in while loop
0 1978.943875
in while loop
600 1978.943875
in while loop
1200 1978.943875
in while loop
1800 1978.943875
<_io.BufferedWriter name='/scratch/hh2263/Spokenweb_data/resampled/stream_10min_score/01 George Bowering I086-11-006.pkl'>  finished!
