2020-11-29 16:09:36.793436: I tensorflow/core/platform/cpu_feature_guard.cc:143] Your CPU supports instructions that this TensorFlow binary was not compiled to use: SSE4.1 SSE4.2 AVX
2020-11-29 16:09:36.801459: I tensorflow/core/platform/profile_utils/cpu_utils.cc:102] CPU Frequency: 2999830000 Hz
2020-11-29 16:09:36.801894: I tensorflow/compiler/xla/service/service.cc:168] XLA service 0x2b7981c105e0 initialized for platform Host (this does not guarantee that XLA will be used). Devices:
2020-11-29 16:09:36.801914: I tensorflow/compiler/xla/service/service.cc:176]   StreamExecutor device (0): Host, Default Version
2020-11-29 16:09:36.802134: W tensorflow/stream_executor/platform/default/dso_loader.cc:55] Could not load dynamic library 'libcuda.so.1'; dlerror: libcuda.so.1: cannot open shared object file: No such file or directory; LD_LIBRARY_PATH: /share/apps/gcc/6.3.0/lib64:/share/apps/gcc/6.3.0/lib:/share/apps/mpc/1.0.3/gnu/lib:/share/apps/mpfr/3.1.5/gnu/lib:/share/apps/gmp/6.1.2/gnu/lib:/share/apps/centos/7/usr/lib64:/opt/slurm/lib64
2020-11-29 16:09:36.802154: E tensorflow/stream_executor/cuda/cuda_driver.cc:313] failed call to cuInit: UNKNOWN ERROR (303)
2020-11-29 16:09:36.802174: I tensorflow/stream_executor/cuda/cuda_diagnostics.cc:156] kernel driver does not appear to be running on this host (c40-01): /proc/driver/nvidia/version does not exist
Using TensorFlow backend.
executing program?? /scratch/hh2263/Spokenweb_data/resampled/01 D.G. Jones and Eli Mandel.wav
in while loop
0 2980.5830625
in while loop
600 2980.5830625
in while loop
1200 2980.5830625
in while loop
1800 2980.5830625
in while loop
2400 2980.5830625
<_io.BufferedWriter name='/scratch/hh2263/Spokenweb_data/resampled/stream_10min_score/01 D.G. Jones and Eli Mandel.pkl'>  finished!
2020-11-29 16:18:30.179122: I tensorflow/core/platform/cpu_feature_guard.cc:143] Your CPU supports instructions that this TensorFlow binary was not compiled to use: SSE4.1 SSE4.2 AVX
2020-11-29 16:18:30.187117: I tensorflow/core/platform/profile_utils/cpu_utils.cc:102] CPU Frequency: 2999830000 Hz
2020-11-29 16:18:30.187537: I tensorflow/compiler/xla/service/service.cc:168] XLA service 0x2b164a5bc7a0 initialized for platform Host (this does not guarantee that XLA will be used). Devices:
2020-11-29 16:18:30.187557: I tensorflow/compiler/xla/service/service.cc:176]   StreamExecutor device (0): Host, Default Version
2020-11-29 16:18:30.187766: W tensorflow/stream_executor/platform/default/dso_loader.cc:55] Could not load dynamic library 'libcuda.so.1'; dlerror: libcuda.so.1: cannot open shared object file: No such file or directory; LD_LIBRARY_PATH: /share/apps/gcc/6.3.0/lib64:/share/apps/gcc/6.3.0/lib:/share/apps/mpc/1.0.3/gnu/lib:/share/apps/mpfr/3.1.5/gnu/lib:/share/apps/gmp/6.1.2/gnu/lib:/share/apps/centos/7/usr/lib64:/opt/slurm/lib64
2020-11-29 16:18:30.187786: E tensorflow/stream_executor/cuda/cuda_driver.cc:313] failed call to cuInit: UNKNOWN ERROR (303)
2020-11-29 16:18:30.187806: I tensorflow/stream_executor/cuda/cuda_diagnostics.cc:156] kernel driver does not appear to be running on this host (c40-01): /proc/driver/nvidia/version does not exist
Using TensorFlow backend.
executing program?? /scratch/hh2263/Spokenweb_data/resampled/01 Robert Creeley 1006-11-089.2.wav
in while loop
0 4067.04475
in while loop
600 4067.04475
in while loop
1200 4067.04475
in while loop
1800 4067.04475
in while loop
2400 4067.04475
in while loop
3000 4067.04475
in while loop
3600 4067.04475
<_io.BufferedWriter name='/scratch/hh2263/Spokenweb_data/resampled/stream_10min_score/01 Robert Creeley 1006-11-089.2.pkl'>  finished!
2020-11-29 16:33:43.982969: I tensorflow/core/platform/cpu_feature_guard.cc:143] Your CPU supports instructions that this TensorFlow binary was not compiled to use: SSE4.1 SSE4.2 AVX
2020-11-29 16:33:43.990948: I tensorflow/core/platform/profile_utils/cpu_utils.cc:102] CPU Frequency: 2999830000 Hz
2020-11-29 16:33:43.991375: I tensorflow/compiler/xla/service/service.cc:168] XLA service 0x2b6563cf50a0 initialized for platform Host (this does not guarantee that XLA will be used). Devices:
2020-11-29 16:33:43.991400: I tensorflow/compiler/xla/service/service.cc:176]   StreamExecutor device (0): Host, Default Version
2020-11-29 16:33:43.991615: W tensorflow/stream_executor/platform/default/dso_loader.cc:55] Could not load dynamic library 'libcuda.so.1'; dlerror: libcuda.so.1: cannot open shared object file: No such file or directory; LD_LIBRARY_PATH: /share/apps/gcc/6.3.0/lib64:/share/apps/gcc/6.3.0/lib:/share/apps/mpc/1.0.3/gnu/lib:/share/apps/mpfr/3.1.5/gnu/lib:/share/apps/gmp/6.1.2/gnu/lib:/share/apps/centos/7/usr/lib64:/opt/slurm/lib64
2020-11-29 16:33:43.991635: E tensorflow/stream_executor/cuda/cuda_driver.cc:313] failed call to cuInit: UNKNOWN ERROR (303)
2020-11-29 16:33:43.991655: I tensorflow/stream_executor/cuda/cuda_diagnostics.cc:156] kernel driver does not appear to be running on this host (c40-01): /proc/driver/nvidia/version does not exist
Using TensorFlow backend.
executing program?? /scratch/hh2263/Spokenweb_data/resampled/01 George Bowering I006-11-034.2.wav
in while loop
0 1963.7348125
in while loop
600 1963.7348125
in while loop
1200 1963.7348125
in while loop
1800 1963.7348125
<_io.BufferedWriter name='/scratch/hh2263/Spokenweb_data/resampled/stream_10min_score/01 George Bowering I006-11-034.2.pkl'>  finished!
2020-11-29 16:39:41.242452: I tensorflow/core/platform/cpu_feature_guard.cc:143] Your CPU supports instructions that this TensorFlow binary was not compiled to use: SSE4.1 SSE4.2 AVX
2020-11-29 16:39:41.250429: I tensorflow/core/platform/profile_utils/cpu_utils.cc:102] CPU Frequency: 2999830000 Hz
2020-11-29 16:39:41.250876: I tensorflow/compiler/xla/service/service.cc:168] XLA service 0x2aaf7d88be90 initialized for platform Host (this does not guarantee that XLA will be used). Devices:
2020-11-29 16:39:41.250896: I tensorflow/compiler/xla/service/service.cc:176]   StreamExecutor device (0): Host, Default Version
2020-11-29 16:39:41.251110: W tensorflow/stream_executor/platform/default/dso_loader.cc:55] Could not load dynamic library 'libcuda.so.1'; dlerror: libcuda.so.1: cannot open shared object file: No such file or directory; LD_LIBRARY_PATH: /share/apps/gcc/6.3.0/lib64:/share/apps/gcc/6.3.0/lib:/share/apps/mpc/1.0.3/gnu/lib:/share/apps/mpfr/3.1.5/gnu/lib:/share/apps/gmp/6.1.2/gnu/lib:/share/apps/centos/7/usr/lib64:/opt/slurm/lib64
2020-11-29 16:39:41.251130: E tensorflow/stream_executor/cuda/cuda_driver.cc:313] failed call to cuInit: UNKNOWN ERROR (303)
2020-11-29 16:39:41.251149: I tensorflow/stream_executor/cuda/cuda_diagnostics.cc:156] kernel driver does not appear to be running on this host (c40-01): /proc/driver/nvidia/version does not exist
Using TensorFlow backend.
executing program?? /scratch/hh2263/Spokenweb_data/resampled/01 Earle Birney I006-11-018.2.wav
in while loop
0 2478.1729375
in while loop
600 2478.1729375
in while loop
1200 2478.1729375
in while loop
1800 2478.1729375
in while loop
2400 2478.1729375
<_io.BufferedWriter name='/scratch/hh2263/Spokenweb_data/resampled/stream_10min_score/01 Earle Birney I006-11-018.2.pkl'>  finished!
