making  p259
making  p305
making  p283
make p283_001
make p283_067
make p283_335
make p283_055
make p283_417
make p283_095
make p283_459
make p283_407
make p283_116
make p283_002
make p283_443
make p283_003
make p283_075
make p283_307
make p283_282
make p283_333
make p283_209
make p283_203
make p283_132
make p283_271
make p283_312
make p283_387
make p283_058
make p283_143
make p283_366
make p283_027
make p283_199
make p283_191
make p283_461
make p283_156
make p283_370
make p283_050
make p283_410
make p283_079
make p283_297
make p283_040
make p283_276
make p283_112
make p283_390
make p283_004
make p283_124
make p283_392
make p283_214
make p283_260
make p283_320
make p283_043
make p283_418
make p283_384
make p283_047
make p283_185
make p283_164
make p283_352
make p283_380
make p283_129
make p283_012
make p283_348
make p283_140
make p283_187
make p283_313
make p283_183
make p283_265
make p283_293
make p283_010
make p283_166
make p283_170
make p283_385
make p283_302
make p283_318
make p283_258
make p283_283
make p283_316
make p283_363
make p283_465
make p283_165
make p283_249
make p283_007
make p283_033
make p283_091
make p283_182
make p283_299
make p283_059
make p283_096
make p283_456
make p283_077
make p283_072
make p283_228
make p283_371
make p283_036
make p283_044
make p283_341
make p283_107
make p283_415
make p283_405
make p283_222
make p283_351
make p283_251
make p283_200
make p283_445
make p283_305
make p283_065
make p283_227
make p283_068
make p283_332
make p283_354
make p283_159
make p283_357
make p283_041
make p283_071
make p283_125
make p283_064
make p283_190
make p283_128
make p283_253
make p283_424
make p283_119
make p283_239
make p283_139
make p283_453
make p283_169
make p283_234
make p283_267
make p283_158
make p283_219
make p283_127
make p283_404
make p283_448
make p283_212
make p283_386
make p283_428
make p283_131
make p283_452
make p283_334
make p283_188
make p283_186
make p283_284
make p283_229
make p283_053
make p283_029
make p283_133
make p283_145
make p283_178
make p283_233
make p283_306
make p283_406
make p283_383
make p283_241
make p283_195
make p283_296
make p283_344
make p283_275
make p283_261
make p283_046
make p283_242
make p283_358
make p283_155
make p283_262
make p283_362
make p283_092
make p283_208
make p283_172
make p283_083
make p283_327
make p283_220
make p283_218
make p283_039
make p283_427
make p283_090
make p283_401
make p283_397
make p283_255
make p283_204
make p283_211
make p283_207
make p283_248
make p283_304
make p283_102
make p283_115
make p283_291
make p283_100
make p283_396
make p283_106
make p283_042
make p283_429
make p283_105
make p283_114
make p283_217
make p283_026
make p283_471
make p283_138
make p283_098
make p283_111
make p283_154
make p283_210
make p283_236
make p283_294
make p283_420
make p283_069
make p283_113
make p283_130
make p283_020
make p283_263
make p283_364
make p283_244
make p283_110
make p283_372
make p283_350
make p283_153
make p283_440
make p283_340
make p283_345
make p283_015
make p283_330
make p283_126
make p283_061
make p283_054
make p283_264
make p283_121
make p283_451
make p283_279
make p283_006
make p283_152
make p283_175
make p283_056
make p283_122
make p283_237
make p283_171
make p283_035
make p283_328
make p283_180
make p283_189
make p283_160
make p283_099
make p283_163
make p283_076
make p283_395
make p283_437
make p283_442
make p283_376
make p283_338
make p283_011
make p283_274
make p283_391
make p283_326
make p283_466
make p283_087
make p283_393
make p283_468
make p283_379
make p283_254
make p283_231
make p283_201
make p283_247
make p283_289
make p283_382
make p283_021
make p283_103
make p283_349
make p283_343
make p283_467
make p283_361
make p283_359
make p283_062
make p283_168
make p283_301
make p283_194
make p283_221
make p283_270
make p283_134
make p283_309
make p283_016
make p283_024
make p283_089
make p283_403
make p283_032
make p283_014
make p283_272
make p283_136
make p283_422
make p283_224
make p283_377
make p283_104
make p283_460
make p283_441
make p283_394
make p283_281
make p283_181
make p283_457
make p283_411
make p283_086
make p283_202
make p283_438
make p283_093
make p283_240
make p283_323
make p283_161
make p283_288
make p283_399
make p283_022
make p283_176
make p283_295
make p283_184
make p283_057
make p283_226
make p283_337
make p283_339
make p283_028
make p283_225
make p283_447
make p283_388
make p283_081
make p283_400
make p283_462
make p283_206
make p283_082
make p283_101
make p283_085
make p283_310
make p283_080
make p283_369
make p283_423
make p283_378
make p283_078
make p283_336
make p283_347
make p283_173
make p283_073
make p283_314
make p283_259
make p283_367
make p283_074
make p283_331
make p283_416
make p283_052
make p283_425
make p283_315
make p283_365
make p283_038
make p283_049
make p283_277
make p283_360
make p283_147
make p283_412
make p283_470
make p283_118
make p283_381
make p283_444
make p283_353
make p283_368
make p283_278
make p283_356
make p283_120
make p283_426
make p283_013
make p283_469
make p283_409
make p283_238
make p283_088
make p283_463
make p283_151
make p283_436
make p283_252
make p283_433
make p283_149
make p283_157
make p283_123
make p283_008
make p283_245
make p283_311
make p283_060
make p283_458
make p283_250
make p283_257
make p283_273
make p283_230
make p283_179
make p283_300
make p283_232
make p283_317
make p283_434
make p283_048
make p283_223
make p283_414
make p283_196
make p283_287
make p283_174
make p283_455
make p283_464
make p283_298
make p283_025
make p283_256
making  p246
make p246_017
make p246_264
make p246_162
make p246_342
make p246_073
make p246_337
make p246_016
make p246_133
make p246_293
make p246_325
make p246_077
make p246_052
make p246_237
make p246_158
make p246_282
make p246_090
make p246_234
make p246_063
make p246_024
make p246_351
make p246_209
make p246_229
make p246_109
make p246_276
make p246_350
make p246_297
make p246_292
make p246_283
make p246_318
make p246_347
make p246_019
make p246_278
make p246_187
make p246_273
make p246_305
make p246_031
make p246_285
make p246_323
make p246_151
make p246_046
make p246_127
make p246_230
make p246_141
make p246_057
make p246_261
make p246_193
make p246_091
make p246_291
make p246_228
make p246_070
make p246_067
make p246_099
make p246_013
make p246_341
make p246_094
make p246_014
make p246_208
make p246_197
make p246_300
make p246_201
make p246_049
make p246_159
make p246_252
make p246_188
make p246_138
make p246_075
make p246_265
make p246_199
make p246_344
make p246_241
make p246_110
make p246_295
make p246_233
make p246_164
make p246_268
make p246_348
make p246_145
make p246_123
make p246_128
make p246_154
make p246_262
make p246_150
make p246_097
make p246_096
make p246_039
make p246_079
make p246_253
make p246_175
make p246_085
make p246_087
make p246_308
make p246_218
make p246_021
make p246_043
make p246_012
make p246_008
make p246_298
make p246_360
make p246_332
make p246_163
make p246_303
make p246_306
make p246_244
make p246_248
make p246_062
make p246_249
make p246_243
make p246_240
make p246_354
make p246_307
make p246_172
make p246_086
make p246_333
make p246_176
make p246_312
make p246_034
make p246_153
make p246_304
make p246_274
make p246_126
make p246_179
make p246_112
make p246_111
make p246_160
make p246_207
make p246_203
make p246_222
make p246_004
make p246_174
make p246_242
make p246_263
make p246_142
make p246_098
make p246_192
make p246_105
make p246_302
make p246_210
make p246_130
make p246_279
make p246_235
make p246_239
make p246_336
make p246_271
make p246_290
make p246_058
make p246_327
make p246_284
make p246_035
make p246_212
make p246_357
make p246_200
make p246_294
make p246_065
make p246_011
make p246_161
make p246_267
make p246_053
make p246_072
make p246_231
make p246_006
make p246_270
make p246_048
make p246_120
make p246_340
make p246_136
make p246_106
make p246_156
make p246_082
make p246_178
make p246_054
make p246_125
make p246_093
make p246_184
make p246_194
make p246_041
make p246_122
make p246_232
make p246_001
make p246_358
make p246_361
make p246_311
make p246_221
make p246_314
make p246_206
make p246_216
make p246_140
make p246_185
make p246_319
make p246_102
make p246_289
make p246_326
make p246_313
make p246_277
make p246_254
make p246_245
make p246_196
make p246_215
make p246_051
make p246_170
make p246_135
make p246_080
make p246_026
make p246_257
make p246_345
make p246_324
make p246_339
make p246_190
make p246_309
make p246_355
make p246_032
make p246_137
make p246_226
make p246_299
make p246_205
make p246_060
make p246_121
make p246_148
make p246_225
make p246_116
make p246_214
make p246_258
make p246_009
make p246_281
make p246_015
make p246_238
make p246_119
make p246_007
make p246_287
make p246_045
make p246_005
make p246_177
make p246_157
make p246_113
make p246_191
make p246_033
make p246_083
make p246_038
make p246_081
make p246_349
make p246_074
make p246_334
make p246_335
make p246_029
make p246_147
make p246_117
make p246_322
make p246_139
make p246_010
make p246_165
make p246_353
make p246_195
make p246_047
make p246_296
make p246_320
make p246_220
make p246_025
make p246_301
make p246_329
make p246_066
make p246_104
make p246_189
make p246_315
make p246_002
make p246_076
make p246_288
make p246_088
make p246_069
make p246_168
make p246_055
make p246_124
make p246_173
make p246_275
make p246_352
make p246_089
make p246_247
make p246_180
make p246_028
make p246_346
make p246_198
make p246_003
make p246_095
make p246_321
make p246_027
make p246_118
make p246_115
make p246_171
make p246_101
make p246_103
make p246_152
make p246_129
make p246_182
make p246_272
make p246_056
make p246_064
make p246_338
make p246_023
make p246_044
make p246_181
make p246_183
make p246_114
make p246_020
make p246_186
make p246_219
make p246_259
make p246_036
make p246_059
make p246_100
make p246_022
make p246_260
make p246_316
make p246_068
make p246_359
make p246_143
make p246_146
make p246_040
make p246_280
make p246_328
Traceback (most recent call last):
  File "/home/hh2263/Speaker-Diarization/augmentation_ver3.py", line 112, in <module>
    augmentation(SRC_path,ir_path,idx_start,idx_end)
  File "/home/hh2263/Speaker-Diarization/augmentation_ver3.py", line 101, in augmentation
    jam_out)
  File "/home/hh2263/muda/muda/core.py", line 168, in save
    psf.write(filename_audio, y, sr, **kwargs)
  File "/home/hh2263/miniconda3/envs/spokenweb/lib/python3.7/site-packages/soundfile.py", line 431, in write
    subtype, endian, format, closefd) as f:
  File "/home/hh2263/miniconda3/envs/spokenweb/lib/python3.7/site-packages/soundfile.py", line 740, in __init__
    self._file = self._open(file, mode_int, closefd)
  File "/home/hh2263/miniconda3/envs/spokenweb/lib/python3.7/site-packages/soundfile.py", line 1265, in _open
    "Error opening {0!r}: ".format(self.name))
  File "/home/hh2263/miniconda3/envs/spokenweb/lib/python3.7/site-packages/soundfile.py", line 1455, in _error_check
    raise RuntimeError(prefix + _ffi.string(err_str).decode('utf-8', 'replace'))
RuntimeError: Error opening '/scratch/hh2263/VCTK/VCTK-Corpus/wav48_muda_2/p246/p246_328_g00.wav': System error.
