making  p295
making  p263
making  p374
make p374_079
make p374_073
make p374_346
make p374_232
make p374_389
make p374_343
make p374_064
make p374_089
make p374_191
make p374_018
make p374_327
make p374_167
make p374_153
make p374_323
make p374_088
make p374_317
make p374_027
make p374_194
make p374_400
make p374_424
make p374_135
make p374_026
make p374_239
make p374_262
make p374_231
make p374_401
make p374_020
make p374_052
make p374_422
make p374_071
make p374_045
make p374_410
make p374_072
make p374_061
make p374_158
make p374_117
make p374_352
make p374_173
make p374_181
make p374_269
make p374_256
make p374_060
make p374_234
make p374_215
make p374_403
make p374_075
make p374_287
make p374_296
make p374_066
make p374_004
make p374_316
make p374_385
make p374_080
make p374_272
make p374_268
make p374_408
make p374_047
make p374_360
make p374_180
make p374_254
make p374_392
make p374_187
make p374_228
make p374_236
make p374_219
make p374_267
make p374_182
make p374_412
make p374_165
make p374_247
make p374_294
make p374_206
make p374_258
make p374_332
make p374_188
make p374_084
make p374_303
make p374_076
make p374_065
make p374_051
make p374_218
make p374_399
make p374_314
make p374_046
make p374_384
make p374_063
make p374_242
make p374_339
make p374_156
make p374_207
make p374_291
make p374_293
make p374_390
make p374_273
make p374_281
make p374_134
make p374_122
make p374_298
make p374_362
make p374_172
make p374_118
make p374_104
make p374_333
make p374_160
make p374_139
make p374_152
make p374_054
make p374_221
make p374_305
make p374_348
make p374_142
make p374_288
make p374_301
make p374_381
make p374_204
make p374_019
make p374_283
make p374_222
make p374_189
make p374_175
make p374_415
make p374_208
make p374_264
make p374_326
make p374_251
make p374_021
make p374_217
make p374_289
make p374_396
make p374_265
make p374_233
make p374_082
make p374_014
make p374_309
make p374_308
make p374_123
make p374_423
make p374_277
make p374_361
make p374_001
make p374_341
make p374_395
make p374_252
make p374_049
make p374_150
make p374_039
make p374_371
make p374_270
make p374_121
make p374_101
make p374_083
make p374_255
make p374_030
make p374_202
make p374_290
make p374_087
make p374_353
make p374_096
make p374_006
make p374_383
make p374_337
make p374_321
make p374_319
make p374_077
make p374_246
make p374_259
make p374_240
make p374_350
make p374_419
make p374_108
make p374_044
make p374_155
make p374_331
make p374_237
make p374_248
make p374_040
make p374_190
make p374_393
make p374_100
make p374_263
make p374_205
make p374_355
make p374_302
make p374_245
make p374_377
make p374_137
make p374_103
make p374_261
make p374_012
make p374_058
make p374_380
make p374_017
make p374_068
make p374_275
make p374_149
make p374_328
make p374_209
make p374_154
make p374_174
make p374_120
make p374_129
make p374_125
make p374_168
make p374_313
make p374_038
make p374_176
make p374_023
make p374_235
make p374_166
make p374_364
make p374_368
make p374_094
make p374_138
make p374_318
make p374_241
make p374_007
make p374_324
make p374_238
make p374_002
make p374_271
make p374_411
make p374_057
make p374_322
make p374_055
make p374_192
make p374_184
make p374_421
make p374_300
make p374_099
make p374_110
make p374_029
make p374_024
make p374_146
make p374_005
make p374_111
make p374_041
make p374_056
make p374_159
make p374_112
make p374_113
make p374_213
make p374_284
make p374_320
make p374_306
make p374_013
make p374_354
make p374_170
make p374_274
make p374_050
make p374_016
make p374_200
make p374_211
make p374_356
make p374_098
make p374_406
make p374_143
make p374_413
make p374_417
make p374_074
make p374_312
make p374_249
make p374_048
make p374_032
make p374_229
make p374_171
make p374_372
make p374_366
make p374_278
make p374_053
make p374_216
make p374_349
make p374_220
make p374_402
make p374_416
make p374_025
make p374_253
make p374_078
make p374_157
make p374_358
make p374_250
make p374_286
make p374_119
make p374_109
make p374_196
make p374_033
make p374_161
make p374_257
make p374_304
make p374_148
make p374_330
make p374_226
make p374_388
make p374_243
make p374_102
make p374_144
make p374_126
make p374_003
make p374_292
make p374_340
make p374_214
make p374_387
make p374_085
make p374_409
make p374_015
make p374_107
make p374_062
make p374_338
make p374_114
make p374_130
make p374_374
make p374_164
make p374_145
make p374_225
make p374_070
make p374_260
make p374_363
make p374_295
make p374_386
make p374_373
making  p261
make p261_111
make p261_216
make p261_297
make p261_178
make p261_231
make p261_377
make p261_024
make p261_471
make p261_042
make p261_446
make p261_102
make p261_187
make p261_274
make p261_388
make p261_358
make p261_242
make p261_238
make p261_213
make p261_112
make p261_137
make p261_269
make p261_338
make p261_094
make p261_337
make p261_032
make p261_062
make p261_326
make p261_185
make p261_414
make p261_333
make p261_107
make p261_366
make p261_473
make p261_452
make p261_399
make p261_362
make p261_159
make p261_205
make p261_003
make p261_288
make p261_175
make p261_349
make p261_348
make p261_078
make p261_234
make p261_299
make p261_413
make p261_054
make p261_002
make p261_365
make p261_374
make p261_170
make p261_117
make p261_144
make p261_391
make p261_101
make p261_315
make p261_039
make p261_309
make p261_149
make p261_323
make p261_008
make p261_464
make p261_143
make p261_060
make p261_316
make p261_240
make p261_318
make p261_434
make p261_190
make p261_184
make p261_128
make p261_289
make p261_352
make p261_432
make p261_007
make p261_038
make p261_418
make p261_402
make p261_065
make p261_236
make p261_211
make p261_448
make p261_447
make p261_376
make p261_379
make p261_098
make p261_090
make p261_373
make p261_436
make p261_030
make p261_049
make p261_192
make p261_416
make p261_232
make p261_180
make p261_018
make p261_063
make p261_463
make p261_385
make p261_146
make p261_005
make p261_036
make p261_367
make p261_311
make p261_335
make p261_099
make p261_093
make p261_303
make p261_076
make p261_109
make p261_300
make p261_286
make p261_425
make p261_393
make p261_167
make p261_222
make p261_330
make p261_468
make p261_302
make p261_082
make p261_407
make p261_351
make p261_156
make p261_258
make p261_219
make p261_382
make p261_275
make p261_223
make p261_057
make p261_173
make p261_397
make p261_116
make p261_052
make p261_235
make p261_279
make p261_154
make p261_225
make p261_246
make p261_228
make p261_444
make p261_058
make p261_138
make p261_428
make p261_255
make p261_155
make p261_383
make p261_202
make p261_404
make p261_284
make p261_435
make p261_183
make p261_339
make p261_198
make p261_061
make p261_026
make p261_023
make p261_201
make p261_408
make p261_011
make p261_361
make p261_359
make p261_139
make p261_459
make p261_262
make p261_087
make p261_088
make p261_340
make p261_046
make p261_287
make p261_456
make p261_264
make p261_051
make p261_260
make p261_395
make p261_040
make p261_210
make p261_266
make p261_265
make p261_079
make p261_292
make p261_073
make p261_135
make p261_386
make p261_177
make p261_261
make p261_014
make p261_203
make p261_071
make p261_291
make p261_294
make p261_268
make p261_045
make p261_419
make p261_396
make p261_186
make p261_161
make p261_251
make p261_273
make p261_462
make p261_401
make p261_233
make p261_047
make p261_230
make p261_085
make p261_439
make p261_092
make p261_229
make p261_208
make p261_334
make p261_089
make p261_344
make p261_443
make p261_091
make p261_321
make p261_141
make p261_081
make p261_410
make p261_324
make p261_424
make p261_142
make p261_237
make p261_426
make p261_412
make p261_126
make p261_181
make p261_103
make p261_132
make p261_472
make p261_174
make p261_145
make p261_033
make p261_004
make p261_035
make p261_409
make p261_345
make p261_317
make p261_182
make p261_450
make p261_387
make p261_394
make p261_083
make p261_469
make p261_263
make p261_151
make p261_442
make p261_224
make p261_466
make p261_214
make p261_281
make p261_215
make p261_254
make p261_176
make p261_470
make p261_106
make p261_077
make p261_381
make p261_369
make p261_130
make p261_125
make p261_421
make p261_133
make p261_296
make p261_368
make p261_066
make p261_336
make p261_070
make p261_332
make p261_313
make p261_163
make p261_086
make p261_276
make p261_123
make p261_454
make p261_423
make p261_105
make p261_372
make p261_420
make p261_384
make p261_108
make p261_243
make p261_217
make p261_363
make p261_153
make p261_293
make p261_209
make p261_400
make p261_256
make p261_022
make p261_104
make p261_405
make p261_319
make p261_259
make p261_451
make p261_278
make p261_114
make p261_165
make p261_445
make p261_430
make p261_191
make p261_157
make p261_188
make p261_295
make p261_305
make p261_150
make p261_074
make p261_271
make p261_283
make p261_427
make p261_064
make p261_378
make p261_312
make p261_084
make p261_028
make p261_055
make p261_342
make p261_067
make p261_320
make p261_010
make p261_172
make p261_025
make p261_158
make p261_140
make p261_244
make p261_044
make p261_019
make p261_199
make p261_355
make p261_280
make p261_441
make p261_147
make p261_272
make p261_298
make p261_433
make p261_148
make p261_207
make p261_270
make p261_304
make p261_169
make p261_277
make p261_461
make p261_195
make p261_072
make p261_068
make p261_290
make p261_353
make p261_431
make p261_012
make p261_252
make p261_162
make p261_422
make p261_152
make p261_017
make p261_034
make p261_027
make p261_129
make p261_204
make p261_097
make p261_380
make p261_164
make p261_059
make p261_226
make p261_458
make p261_197
make p261_220
make p261_029
make p261_322
make p261_048
make p261_166
make p261_227
make p261_200
make p261_247
make p261_406
make p261_310
make p261_249
make p261_285
make p261_364
make p261_053
make p261_460
make p261_325
make p261_390
make p261_136
make p261_015
make p261_206
make p261_020
make p261_006
make p261_411
make p261_193
make p261_218
make p261_120
make p261_328
make p261_453
make p261_392
make p261_021
make p261_095
make p261_115
make p261_122
make p261_119
make p261_069
make p261_331
make p261_398
make p261_031
make p261_248
make p261_168
make p261_056
make p261_370
make p261_179
make p261_013
make p261_016
make p261_350
make p261_241
make p261_347
make p261_194
make p261_110
make p261_041
make p261_341
make p261_113
make p261_415
make p261_096
make p261_257
make p261_357
make p261_455
make p261_124
make p261_314
make p261_308
make p261_239
make p261_127
make p261_245
make p261_050
make p261_075
make p261_212
make p261_121
make p261_131
make p261_282
make p261_403
make p261_250
make p261_253
make p261_171
make p261_440
make p261_375
make p261_001
make p261_037
make p261_371
make p261_467
make p261_429
make p261_134
make p261_267
make p261_343
make p261_189
make p261_301
make p261_043
make p261_327
make p261_221
make p261_417
make p261_437
make p261_457
make p261_438
make p261_356
make p261_009
make p261_360
make p261_080
make p261_449
make p261_346
make p261_160
make p261_306
make p261_307
make p261_465
make p261_100
make p261_474
make p261_329
make p261_196
make p261_389
make p261_118
make p261_354
making  p297
make p297_258
make p297_401
make p297_191
make p297_193
make p297_319
make p297_359
make p297_310
make p297_013
make p297_106
make p297_331
make p297_286
make p297_223
make p297_203
make p297_305
make p297_126
make p297_132
make p297_035
make p297_159
make p297_288
make p297_057
make p297_048
make p297_269
make p297_006
make p297_268
make p297_256
make p297_363
make p297_218
make p297_281
make p297_356
make p297_046
make p297_056
make p297_375
make p297_400
make p297_355
make p297_183
make p297_121
make p297_118
make p297_023
make p297_354
make p297_003
make p297_079
make p297_016
make p297_179
make p297_130
make p297_017
make p297_175
make p297_408
make p297_333
make p297_196
make p297_365
make p297_366
make p297_030
make p297_026
make p297_350
make p297_251
make p297_151
make p297_104
make p297_071
make p297_014
make p297_395
make p297_045
make p297_387
make p297_038
make p297_195
make p297_265
make p297_072
make p297_173
make p297_271
make p297_369
make p297_047
make p297_181
make p297_011
make p297_321
make p297_273
make p297_221
make p297_192
make p297_311
make p297_212
make p297_406
make p297_107
make p297_391
make p297_178
make p297_385
make p297_060
make p297_367
make p297_373
make p297_083
make p297_276
make p297_390
make p297_070
make p297_024
make p297_313
make p297_032
make p297_240
make p297_152
make p297_012
make p297_257
make p297_100
make p297_236
make p297_143
make p297_061
make p297_360
make p297_343
make p297_049
make p297_021
make p297_076
make p297_303
make p297_141
make p297_352
make p297_147
make p297_422
make p297_105
make p297_416
make p297_335
make p297_259
make p297_074
make p297_207
make p297_077
make p297_353
make p297_099
make p297_402
make p297_370
make p297_190
make p297_290
make p297_298
make p297_338
make p297_182
make p297_036
make p297_050
make p297_304
make p297_272
make p297_231
make p297_377
make p297_383
make p297_413
make p297_042
make p297_242
make p297_170
make p297_019
make p297_283
make p297_301
make p297_220
make p297_235
make p297_309
make p297_374
make p297_294
make p297_167
Traceback (most recent call last):
  File "/home/hh2263/Speaker-Diarization/augmentation_ver3.py", line 112, in <module>
    augmentation(SRC_path,ir_path,idx_start,idx_end)
  File "/home/hh2263/Speaker-Diarization/augmentation_ver3.py", line 101, in augmentation
    jam_out)
  File "/home/hh2263/muda/muda/core.py", line 171, in save
    jam.save(filename_jam, strict=strict, fmt=fmt)
  File "/home/hh2263/miniconda3/envs/spokenweb/lib/python3.7/site-packages/jams/core.py", line 1778, in save
    with _open(path_or_file, mode='w', fmt=fmt) as fdesc:
  File "/home/hh2263/miniconda3/envs/spokenweb/lib/python3.7/contextlib.py", line 112, in __enter__
    return next(self.gen)
  File "/home/hh2263/miniconda3/envs/spokenweb/lib/python3.7/site-packages/jams/core.py", line 142, in _open
    with open_map[ext](name_or_fdesc, mode=mode) as fdesc:
OSError: [Errno 122] Disk quota exceeded: '/scratch/hh2263/VCTK/VCTK-Corpus/wav48_muda_2/p297/p297_167._g02.jams'
