making  p361
making  p345
making  p323
make p323_282
make p323_382
make p323_309
make p323_389
make p323_272
make p323_132
make p323_385
make p323_012
make p323_359
make p323_058
make p323_048
make p323_257
make p323_183
make p323_253
make p323_072
make p323_065
make p323_123
make p323_335
make p323_043
make p323_406
make p323_347
make p323_254
make p323_040
make p323_373
make p323_240
make p323_214
make p323_056
make p323_290
make p323_384
make p323_336
make p323_081
make p323_246
make p323_140
make p323_388
make p323_416
make p323_016
make p323_103
make p323_363
make p323_055
make p323_341
make p323_090
make p323_113
make p323_275
make p323_403
make p323_047
make p323_210
make p323_305
make p323_391
make p323_356
make p323_312
make p323_096
make p323_268
make p323_332
make p323_261
make p323_318
make p323_024
make p323_337
make p323_052
make p323_077
make p323_003
make p323_266
make p323_180
make p323_353
make p323_247
make p323_285
make p323_204
make p323_326
make p323_358
make p323_126
make p323_398
make p323_360
make p323_062
make p323_408
make p323_015
make p323_351
make p323_346
make p323_367
make p323_120
make p323_327
make p323_008
make p323_032
make p323_300
make p323_034
make p323_028
make p323_079
make p323_192
make p323_269
make p323_181
make p323_298
make p323_245
make p323_380
make p323_134
make p323_099
make p323_387
make p323_392
make p323_020
make p323_216
make p323_092
make p323_263
make p323_125
make p323_299
make p323_145
make p323_106
make p323_074
make p323_083
make p323_248
make p323_376
make p323_225
make p323_026
make p323_100
make p323_174
make p323_005
make p323_111
make p323_054
make p323_409
make p323_162
make p323_220
make p323_109
make p323_236
make p323_004
make p323_400
make p323_281
make p323_348
make p323_046
make p323_021
make p323_104
make p323_007
make p323_293
make p323_209
make p323_412
make p323_187
make p323_219
make p323_035
make p323_284
make p323_258
make p323_295
make p323_006
make p323_252
make p323_196
make p323_302
make p323_085
make p323_168
make p323_339
make p323_038
make p323_184
make p323_259
make p323_421
make p323_169
make p323_371
make p323_107
make p323_395
make p323_105
make p323_029
make p323_186
make p323_019
make p323_319
make p323_157
make p323_147
make p323_208
make p323_267
make p323_042
make p323_224
make p323_142
make p323_084
make p323_345
make p323_033
make p323_023
make p323_156
make p323_230
make p323_041
make p323_330
make p323_301
make p323_164
make p323_241
make p323_121
make p323_143
make p323_306
make p323_418
make p323_242
make p323_031
make p323_320
make p323_197
make p323_141
make p323_116
make p323_185
make p323_260
make p323_013
make p323_422
make p323_124
make p323_372
make p323_308
make p323_178
make p323_203
make p323_402
make p323_025
make p323_251
make p323_256
make p323_390
make p323_053
make p323_206
make p323_066
make p323_399
make p323_340
make p323_171
make p323_010
make p323_354
make p323_108
make p323_362
make p323_037
make p323_036
make p323_237
make p323_153
make p323_067
make p323_294
make p323_316
make p323_009
make p323_118
make p323_130
make p323_364
make p323_277
make p323_365
make p323_396
make p323_064
make p323_011
make p323_167
make p323_119
make p323_276
make p323_022
making  p300
make p300_208
make p300_360
make p300_371
make p300_228
make p300_362
make p300_250
make p300_139
make p300_098
make p300_197
make p300_354
make p300_378
make p300_135
make p300_161
make p300_086
make p300_181
make p300_207
make p300_145
make p300_079
make p300_071
make p300_212
make p300_133
make p300_380
make p300_391
make p300_171
make p300_069
make p300_392
make p300_090
make p300_064
make p300_264
make p300_256
make p300_347
make p300_039
make p300_246
make p300_363
make p300_231
make p300_101
make p300_016
make p300_179
make p300_318
make p300_150
make p300_055
make p300_306
make p300_058
make p300_005
make p300_376
make p300_338
make p300_364
make p300_300
make p300_319
make p300_073
make p300_349
make p300_097
make p300_280
make p300_227
make p300_074
make p300_176
make p300_308
make p300_037
make p300_314
make p300_315
make p300_361
make p300_388
make p300_032
make p300_396
make p300_062
make p300_202
make p300_022
make p300_369
make p300_134
make p300_247
make p300_356
make p300_184
make p300_233
make p300_144
make p300_076
make p300_003
make p300_299
make p300_001
make p300_254
make p300_214
make p300_244
make p300_234
make p300_289
make p300_122
make p300_053
make p300_311
make p300_343
make p300_146
make p300_063
make p300_253
make p300_322
make p300_092
make p300_290
make p300_104
make p300_260
make p300_107
make p300_373
make p300_019
make p300_243
make p300_043
make p300_111
make p300_334
make p300_193
make p300_024
make p300_291
make p300_366
make p300_324
make p300_002
make p300_186
make p300_067
make p300_048
make p300_346
make p300_281
make p300_106
make p300_342
make p300_381
make p300_173
make p300_309
make p300_035
make p300_158
make p300_278
make p300_258
make p300_307
make p300_216
make p300_034
make p300_210
make p300_222
make p300_028
make p300_109
make p300_010
make p300_065
make p300_358
make p300_169
make p300_047
make p300_219
make p300_007
make p300_274
make p300_209
make p300_066
make p300_238
make p300_191
make p300_323
make p300_336
make p300_152
make p300_033
make p300_183
make p300_068
make p300_052
make p300_084
make p300_223
make p300_162
make p300_259
make p300_114
make p300_057
make p300_352
make p300_121
make p300_157
make p300_257
make p300_215
make p300_393
make p300_174
make p300_159
make p300_266
make p300_310
make p300_041
make p300_333
make p300_155
make p300_077
make p300_273
make p300_112
make p300_091
make p300_230
make p300_006
make p300_195
make p300_021
make p300_242
make p300_277
make p300_029
make p300_172
make p300_192
make p300_027
make p300_301
make p300_044
make p300_082
make p300_269
make p300_128
make p300_382
make p300_283
make p300_031
make p300_286
make p300_030
make p300_075
make p300_335
make p300_151
make p300_023
make p300_272
make p300_327
make p300_072
make p300_025
make p300_078
make p300_326
make p300_194
make p300_385
make p300_153
make p300_229
make p300_100
make p300_330
make p300_263
make p300_359
make p300_120
make p300_102
make p300_093
make p300_288
make p300_262
make p300_154
make p300_387
make p300_252
make p300_203
make p300_042
make p300_059
make p300_085
make p300_302
make p300_321
make p300_026
make p300_061
make p300_304
make p300_080
make p300_305
make p300_147
make p300_296
make p300_204
make p300_164
make p300_020
make p300_138
make p300_237
make p300_221
make p300_040
make p300_218
make p300_339
make p300_160
make p300_235
make p300_295
make p300_397
make p300_180
make p300_293
make p300_375
make p300_126
make p300_400
make p300_275
make p300_249
make p300_200
make p300_345
make p300_245
make p300_241
make p300_389
make p300_284
make p300_368
make p300_178
make p300_175
make p300_142
make p300_036
make p300_050
make p300_060
make p300_331
make p300_206
make p300_130
make p300_143
make p300_045
make p300_265
make p300_394
make p300_018
make p300_189
make p300_370
make p300_213
make p300_211
make p300_094
make p300_398
make p300_251
make p300_156
make p300_170
make p300_317
make p300_187
make p300_131
make p300_386
make p300_199
make p300_365
make p300_167
make p300_390
make p300_185
make p300_049
make p300_004
make p300_119
make p300_374
make p300_271
make p300_267
make p300_337
make p300_168
make p300_108
make p300_196
make p300_383
make p300_357
make p300_294
make p300_198
make p300_137
make p300_013
make p300_255
make p300_117
make p300_340
make p300_248
make p300_303
make p300_083
make p300_240
make p300_351
make p300_377
make p300_344
make p300_325
make p300_341
make p300_125
make p300_096
make p300_328
make p300_103
make p300_070
make p300_224
make p300_017
make p300_279
make p300_395
make p300_056
make p300_276
make p300_124
make p300_141
make p300_118
make p300_329
make p300_236
make p300_379
make p300_099
make p300_132
make p300_232
make p300_225
make p300_113
make p300_177
make p300_355
make p300_287
make p300_190
make p300_372
make p300_081
make p300_015
make p300_123
make p300_285
make p300_008
make p300_089
make p300_136
make p300_188
make p300_110
make p300_399
make p300_165
make p300_226
make p300_087
make p300_054
make p300_140
make p300_350
make p300_014
make p300_282
make p300_217
make p300_261
make p300_297
make p300_038
make p300_205
make p300_316
make p300_009
make p300_115
make p300_149
make p300_012
make p300_129
make p300_088
make p300_046
make p300_116
make p300_292
make p300_312
make p300_105
make p300_332
make p300_268
make p300_239
make p300_384
make p300_051
make p300_011
make p300_095
make p300_166
make p300_163
make p300_127
make p300_313
make p300_270
make p300_182
make p300_367
make p300_320
make p300_298
make p300_348
make p300_220
make p300_148
make p300_201
making  p292
make p292_307
make p292_072
make p292_361
make p292_211
make p292_129
make p292_049
make p292_314
make p292_297
make p292_371
make p292_421
make p292_068
make p292_230
make p292_349
make p292_066
make p292_051
make p292_418
make p292_244
make p292_109
make p292_251
make p292_259
make p292_221
make p292_308
make p292_282
make p292_388
make p292_233
make p292_267
make p292_358
make p292_136
make p292_029
make p292_413
make p292_200
make p292_117
make p292_074
make p292_235
make p292_070
make p292_101
make p292_401
make p292_305
make p292_138
make p292_055
make p292_194
make p292_318
make p292_048
make p292_160
make p292_285
make p292_374
make p292_112
make p292_238
make p292_370
make p292_317
make p292_213
make p292_208
make p292_204
make p292_053
make p292_111
make p292_077
make p292_254
make p292_286
make p292_423
make p292_041
make p292_140
make p292_293
make p292_164
make p292_217
make p292_040
make p292_242
make p292_329
make p292_313
make p292_222
make p292_303
make p292_139
make p292_243
make p292_337
make p292_083
make p292_255
make p292_060
make p292_089
make p292_320
make p292_025
make p292_380
make p292_014
make p292_266
make p292_366
make p292_400
make p292_203
make p292_247
make p292_094
make p292_311
make p292_384
make p292_398
make p292_265
make p292_291
make p292_367
make p292_092
make p292_038
make p292_045
make p292_365
make p292_354
make p292_355
make p292_104
make p292_257
make p292_278
make p292_199
make p292_039
make p292_034
make p292_362
make p292_368
make p292_304
make p292_382
make p292_047
make p292_076
make p292_152
make p292_424
make p292_085
make p292_245
make p292_310
make p292_106
make p292_119
make p292_207
make p292_231
make p292_344
make p292_404
make p292_148
make p292_214
make p292_154
make p292_274
make p292_315
make p292_381
make p292_237
make p292_378
make p292_157
make p292_087
make p292_420
make p292_180
make p292_159
make p292_392
make p292_142
make p292_167
make p292_198
make p292_052
make p292_319
make p292_387
make p292_331
make p292_372
make p292_383
make p292_414
make p292_232
make p292_309
make p292_386
make p292_350
make p292_229
make p292_021
make p292_375
make p292_227
make p292_162
make p292_153
make p292_137
make p292_353
make p292_346
make p292_163
make p292_292
make p292_058
make p292_183
make p292_097
make p292_090
make p292_405
make p292_020
make p292_171
make p292_250
make p292_223
make p292_220
make p292_294
make p292_373
make p292_246
make p292_189
make p292_407
make p292_335
make p292_360
make p292_185
make p292_268
make p292_364
make p292_324
make p292_262
make p292_298
make p292_288
make p292_306
make p292_125
make p292_295
make p292_065
make p292_273
make p292_032
make p292_399
make p292_263
make p292_122
make p292_352
make p292_339
make p292_131
make p292_224
make p292_351
make p292_151
make p292_169
make p292_409
make p292_256
make p292_155
make p292_170
make p292_397
make p292_393
make p292_249
make p292_347
make p292_184
make p292_299
make p292_191
make p292_075
make p292_102
make p292_127
make p292_334
make p292_289
make p292_088
make p292_252
make p292_323
make p292_186
make p292_036
make p292_181
make p292_177
make p292_201
make p292_022
make p292_031
make p292_084
make p292_389
make p292_143
make p292_080
make p292_057
make p292_210
make p292_219
make p292_206
make p292_202
make p292_067
make p292_239
make p292_363
make p292_341
make p292_359
make p292_343
make p292_228
make p292_391
make p292_396
make p292_168
make p292_402
make p292_059
make p292_410
make p292_082
make p292_188
make p292_253
make p292_069
make p292_050
make p292_023
make p292_001
make p292_290
make p292_328
make p292_132
make p292_269
make p292_345
make p292_130
make p292_408
make p292_330
make p292_241
make p292_412
make p292_300
make p292_321
make p292_146
make p292_166
make p292_030
make p292_296
make p292_174
make p292_118
make p292_322
make p292_348
make p292_107
make p292_091
make p292_422
make p292_193
make p292_312
make p292_277
make p292_240
make p292_325
make p292_123
make p292_179
make p292_115
make p292_175
make p292_149
make p292_015
make p292_394
make p292_369
make p292_356
make p292_336
make p292_276
make p292_327
make p292_128
make p292_044
make p292_205
make p292_116
make p292_340
make p292_390
make p292_073
make p292_332
make p292_061
make p292_027
make p292_105
make p292_150
make p292_280
make p292_417
make p292_035
make p292_134
make p292_120
make p292_379
make p292_046
make p292_357
make p292_165
make p292_236
make p292_026
make p292_017
make p292_124
make p292_110
make p292_209
make p292_415
make p292_064
make p292_216
make p292_043
make p292_195
make p292_284
make p292_114
make p292_326
make p292_416
make p292_248
make p292_264
make p292_108
make p292_145
make p292_272
make p292_377
make p292_333
make p292_275
make p292_419
make p292_071
make p292_113
make p292_376
make p292_270
make p292_096
make p292_144
make p292_081
make p292_261
make p292_173
make p292_100
make p292_126
make p292_301
make p292_187
make p292_135
make p292_395
make p292_271
make p292_411
make p292_121
make p292_196
make p292_016
make p292_279
make p292_133
make p292_161
make p292_406
make p292_215
make p292_095
make p292_385
make p292_192
make p292_172
make p292_042
make p292_287
make p292_218
make p292_158
make p292_033
make p292_103
make p292_212
make p292_099
make p292_098
make p292_226
make p292_225
make p292_078
make p292_056
make p292_156
make p292_234
make p292_086
make p292_013
make p292_147
make p292_403
make p292_182
make p292_062
make p292_316
make p292_283
make p292_054
make p292_281
make p292_178
make p292_141
make p292_024
make p292_190
make p292_028
make p292_342
make p292_037
make p292_063
make p292_338
make p292_093
make p292_260
make p292_302
make p292_176
make p292_197
make p292_258
make p292_079
making  p279
make p279_120
make p279_031
make p279_226
make p279_362
make p279_014
make p279_052
make p279_252
make p279_228
make p279_334
make p279_071
make p279_270
make p279_348
make p279_222
make p279_345
make p279_371
make p279_232
make p279_307
make p279_171
make p279_349
make p279_138
make p279_265
make p279_174
make p279_099
make p279_329
make p279_167
make p279_207
make p279_089
make p279_074
make p279_283
make p279_025
make p279_178
make p279_063
make p279_399
make p279_100
make p279_293
make p279_036
make p279_312
make p279_321
make p279_221
make p279_194
make p279_116
make p279_132
make p279_196
make p279_155
make p279_130
make p279_192
make p279_069
make p279_085
make p279_047
make p279_300
make p279_184
make p279_318
make p279_395
make p279_008
make p279_289
make p279_142
make p279_050
make p279_162
make p279_341
make p279_255
make p279_096
make p279_338
make p279_263
make p279_203
make p279_043
make p279_238
make p279_128
make p279_068
make p279_201
make p279_405
make p279_274
make p279_403
make p279_303
make p279_220
make p279_310
make p279_136
make p279_058
make p279_311
make p279_224
make p279_376
make p279_365
make p279_176
make p279_083
make p279_111
make p279_355
make p279_360
make p279_212
make p279_002
make p279_359
make p279_214
make p279_124
make p279_223
make p279_211
make p279_241
make p279_092
make p279_379
make p279_024
make p279_325
make p279_400
make p279_275
make p279_035
make p279_326
make p279_049
make p279_279
make p279_164
make p279_073
make p279_344
make p279_386
make p279_185
make p279_249
make p279_146
make p279_110
make p279_213
make p279_147
make p279_313
make p279_078
make p279_109
make p279_159
make p279_044
make p279_301
make p279_193
make p279_353
make p279_259
make p279_197
make p279_286
make p279_149
make p279_156
make p279_234
make p279_037
make p279_308
make p279_284
make p279_272
make p279_114
make p279_015
make p279_198
make p279_257
make p279_087
make p279_404
make p279_107
make p279_070
make p279_385
make p279_183
make p279_057
make p279_079
make p279_084
make p279_354
make p279_123
make p279_169
make p279_013
make p279_281
make p279_157
make p279_374
make p279_384
make p279_172
make p279_305
make p279_022
make p279_402
make p279_145
make p279_340
make p279_306
make p279_045
make p279_191
make p279_342
make p279_104
make p279_246
make p279_064
make p279_151
make p279_398
make p279_391
make p279_021
make p279_028
make p279_060
make p279_278
make p279_027
make p279_020
make p279_023
make p279_125
make p279_187
make p279_357
make p279_219
make p279_315
make p279_086
make p279_370
make p279_154
make p279_316
make p279_016
make p279_390
make p279_394
make p279_041
make p279_158
make p279_007
make p279_235
make p279_029
make p279_137
make p279_144
make p279_387
make p279_276
make p279_061
make p279_339
make p279_322
make p279_054
make p279_059
make p279_160
make p279_051
make p279_121
make p279_347
make p279_319
make p279_260
make p279_298
make p279_161
make p279_108
make p279_135
make p279_331
make p279_336
make p279_337
make p279_377
make p279_271
make p279_296
make p279_163
make p279_205
make p279_140
make p279_048
make p279_180
make p279_200
make p279_189
make p279_038
make p279_126
make p279_215
make p279_148
make p279_113
make p279_153
make p279_098
make p279_367
make p279_277
make p279_358
make p279_287
make p279_268
make p279_361
make p279_320
make p279_009
make p279_119
make p279_003
make p279_242
make p279_292
make p279_343
make p279_094
make p279_373
make p279_004
make p279_269
make p279_330
make p279_129
make p279_152
make p279_302
make p279_264
make p279_077
make p279_056
make p279_042
make p279_324
make p279_039
make p279_066
make p279_081
make p279_378
make p279_294
make p279_181
make p279_250
make p279_106
make p279_206
make p279_095
make p279_018
make p279_314
make p279_247
make p279_288
make p279_237
make p279_304
make p279_143
make p279_093
make p279_199
make p279_101
make p279_072
make p279_168
make p279_182
make p279_368
make p279_179
make p279_244
make p279_012
make p279_229
make p279_382
make p279_131
make p279_195
make p279_258
make p279_190
make p279_010
make p279_122
make p279_375
make p279_118
make p279_033
make p279_177
make p279_351
make p279_166
make p279_282
make p279_332
make p279_243
make p279_251
make p279_026
make p279_186
make p279_388
make p279_230
make p279_011
make p279_297
make p279_397
make p279_254
make p279_202
make p279_005
make p279_290
make p279_295
make p279_262
make p279_165
make p279_256
make p279_115
make p279_346
make p279_188
make p279_218
make p279_393
make p279_127
make p279_363
make p279_090
make p279_175
make p279_380
make p279_091
make p279_225
make p279_231
make p279_317
make p279_236
make p279_019
make p279_017
make p279_065
make p279_396
make p279_030
make p279_034
make p279_333
make p279_209
make p279_210
make p279_134
make p279_248
make p279_372
make p279_088
make p279_273
make p279_335
make p279_366
make p279_062
make p279_381
make p279_323
make p279_309
make p279_076
make p279_006
make p279_032
make p279_389
make p279_141
make p279_291
make p279_055
make p279_280
make p279_383
make p279_364
make p279_067
make p279_352
make p279_356
make p279_245
Traceback (most recent call last):
  File "/home/hh2263/Speaker-Diarization/augmentation_ver3.py", line 112, in <module>
    augmentation(SRC_path,ir_path,idx_start,idx_end)
  File "/home/hh2263/Speaker-Diarization/augmentation_ver3.py", line 101, in augmentation
    jam_out)
  File "/home/hh2263/muda/muda/core.py", line 168, in save
    psf.write(filename_audio, y, sr, **kwargs)
  File "/home/hh2263/miniconda3/envs/spokenweb/lib/python3.7/site-packages/soundfile.py", line 431, in write
    subtype, endian, format, closefd) as f:
  File "/home/hh2263/miniconda3/envs/spokenweb/lib/python3.7/site-packages/soundfile.py", line 740, in __init__
    self._file = self._open(file, mode_int, closefd)
  File "/home/hh2263/miniconda3/envs/spokenweb/lib/python3.7/site-packages/soundfile.py", line 1265, in _open
    "Error opening {0!r}: ".format(self.name))
  File "/home/hh2263/miniconda3/envs/spokenweb/lib/python3.7/site-packages/soundfile.py", line 1455, in _error_check
    raise RuntimeError(prefix + _ffi.string(err_str).decode('utf-8', 'replace'))
RuntimeError: Error opening '/scratch/hh2263/VCTK/VCTK-Corpus/wav48_muda_2/p279/p279_245_g00.wav': System error.
