making  p288
making  p310
make p310_243
make p310_129
make p310_198
make p310_323
make p310_422
make p310_398
make p310_330
make p310_107
make p310_372
make p310_074
make p310_115
make p310_318
make p310_147
make p310_160
make p310_206
make p310_278
make p310_121
make p310_290
make p310_172
make p310_306
make p310_081
make p310_208
make p310_112
make p310_345
make p310_275
make p310_070
make p310_108
make p310_122
make p310_073
make p310_178
make p310_205
make p310_008
make p310_052
make p310_025
make p310_241
make p310_002
make p310_348
make p310_169
make p310_282
make p310_313
make p310_242
make p310_351
make p310_197
make p310_175
make p310_298
make p310_402
make p310_142
make p310_042
make p310_086
make p310_280
make p310_168
make p310_194
make p310_229
make p310_040
make p310_337
make p310_284
make p310_096
make p310_093
make p310_026
make p310_379
make p310_382
make p310_218
make p310_004
make p310_021
make p310_120
make p310_236
make p310_124
make p310_279
make p310_294
make p310_127
make p310_105
make p310_257
make p310_346
make p310_394
make p310_183
make p310_363
make p310_389
make p310_145
make p310_146
make p310_385
make p310_131
make p310_100
make p310_357
make p310_063
make p310_180
make p310_327
make p310_212
make p310_418
make p310_207
make p310_332
make p310_254
make p310_204
make p310_158
make p310_030
make p310_356
make p310_324
make p310_080
make p310_384
make p310_261
make p310_181
make p310_239
make p310_098
make p310_253
make p310_245
make p310_417
make p310_288
make p310_138
make p310_353
make p310_161
make p310_133
make p310_071
make p310_155
make p310_377
make p310_056
make p310_420
make p310_355
make p310_286
make p310_200
make p310_395
make p310_300
make p310_410
make p310_144
make p310_271
make p310_401
make p310_150
make p310_094
make p310_299
make p310_378
make p310_424
make p310_076
make p310_034
make p310_157
make p310_170
make p310_412
make p310_062
make p310_358
make p310_381
make p310_251
make p310_283
make p310_246
make p310_240
make p310_018
make p310_139
make p310_314
make p310_163
make p310_036
make p310_329
make p310_022
make p310_341
make p310_334
make p310_001
make p310_153
make p310_392
make p310_029
make p310_176
make p310_069
make p310_187
make p310_047
make p310_024
make p310_097
make p310_118
make p310_308
make p310_292
make p310_276
make p310_006
make p310_319
make p310_309
make p310_233
make p310_368
make p310_349
make p310_307
make p310_352
make p310_250
make p310_053
make p310_405
make p310_152
make p310_125
make p310_213
make p310_060
make p310_397
make p310_164
make p310_361
make p310_407
make p310_369
make p310_376
make p310_149
make p310_196
make p310_136
make p310_055
make p310_419
make p310_406
make p310_400
make p310_387
make p310_373
make p310_141
make p310_344
make p310_088
make p310_362
make p310_099
make p310_354
make p310_202
make p310_014
make p310_259
make p310_075
make p310_339
make p310_403
make p310_058
make p310_027
make p310_068
make p310_148
make p310_391
make p310_032
make p310_054
make p310_188
make p310_104
make p310_264
make p310_151
make p310_322
make p310_228
make p310_302
make p310_193
make p310_061
make p310_287
make p310_185
make p310_297
make p310_304
make p310_285
make p310_182
make p310_262
make p310_203
make p310_268
make p310_291
make p310_360
make p310_126
making  p339
make p339_169
make p339_304
make p339_414
make p339_259
make p339_264
make p339_205
make p339_083
make p339_099
make p339_150
make p339_295
make p339_122
make p339_316
make p339_085
make p339_190
make p339_284
make p339_144
make p339_321
make p339_333
make p339_413
make p339_315
make p339_282
make p339_137
make p339_291
make p339_130
make p339_391
make p339_387
make p339_351
make p339_289
make p339_285
make p339_312
make p339_046
make p339_070
make p339_140
make p339_417
make p339_108
make p339_308
make p339_135
make p339_367
make p339_178
make p339_297
make p339_385
make p339_223
make p339_113
make p339_424
make p339_185
make p339_175
make p339_026
make p339_017
make p339_080
make p339_324
make p339_133
make p339_274
make p339_033
make p339_263
make p339_129
make p339_408
make p339_090
make p339_373
make p339_410
make p339_415
make p339_272
make p339_142
make p339_197
make p339_214
make p339_111
make p339_040
make p339_400
make p339_300
make p339_195
make p339_172
make p339_292
make p339_198
make p339_072
make p339_361
make p339_203
make p339_247
make p339_233
make p339_145
make p339_215
make p339_249
make p339_011
make p339_288
make p339_310
make p339_307
make p339_273
make p339_002
make p339_251
make p339_323
make p339_381
make p339_071
make p339_382
make p339_238
make p339_405
make p339_397
make p339_128
make p339_252
make p339_157
make p339_254
make p339_201
make p339_097
make p339_020
make p339_025
make p339_302
make p339_059
make p339_389
make p339_380
make p339_006
make p339_029
make p339_301
make p339_290
make p339_286
make p339_041
make p339_303
make p339_325
make p339_326
make p339_258
make p339_237
make p339_036
make p339_253
make p339_035
make p339_105
make p339_055
make p339_265
make p339_322
make p339_132
make p339_003
make p339_081
make p339_394
make p339_356
make p339_345
make p339_309
make p339_138
make p339_275
make p339_412
make p339_244
make p339_239
make p339_095
make p339_104
make p339_374
make p339_179
make p339_226
make p339_134
make p339_170
make p339_240
make p339_022
make p339_207
make p339_042
make p339_074
make p339_208
make p339_117
make p339_119
make p339_311
make p339_057
make p339_219
make p339_001
make p339_353
make p339_255
make p339_062
make p339_213
make p339_078
make p339_357
make p339_077
make p339_328
make p339_052
make p339_363
make p339_393
make p339_403
make p339_359
make p339_392
make p339_227
make p339_331
make p339_347
make p339_024
make p339_120
make p339_306
make p339_115
make p339_102
make p339_354
make p339_402
make p339_318
make p339_125
make p339_127
make p339_242
make p339_063
make p339_418
make p339_173
make p339_136
make p339_298
make p339_379
make p339_043
make p339_411
make p339_093
make p339_269
make p339_216
make p339_016
make p339_221
make p339_158
make p339_082
make p339_162
make p339_092
make p339_341
make p339_228
make p339_360
make p339_193
make p339_131
make p339_060
make p339_278
make p339_103
make p339_218
make p339_329
make p339_155
make p339_337
make p339_406
make p339_048
make p339_091
make p339_206
make p339_065
make p339_395
make p339_030
make p339_067
make p339_340
make p339_098
make p339_220
make p339_084
make p339_118
make p339_191
make p339_141
make p339_183
make p339_281
make p339_166
make p339_271
make p339_262
make p339_149
make p339_377
make p339_075
make p339_279
make p339_146
make p339_423
make p339_187
make p339_419
make p339_277
make p339_293
make p339_335
make p339_256
make p339_165
make p339_217
make p339_266
make p339_168
make p339_054
make p339_086
make p339_032
make p339_378
make p339_176
make p339_181
make p339_152
make p339_123
make p339_296
make p339_186
make p339_362
make p339_421
make p339_261
make p339_398
make p339_147
make p339_034
make p339_243
make p339_177
make p339_348
make p339_338
make p339_314
make p339_114
make p339_232
make p339_283
make p339_366
make p339_192
make p339_320
make p339_210
make p339_094
make p339_352
make p339_204
make p339_246
make p339_332
make p339_045
make p339_230
make p339_161
make p339_088
make p339_154
make p339_245
make p339_375
make p339_188
make p339_109
make p339_009
make p339_089
make p339_390
make p339_110
make p339_327
make p339_019
make p339_358
make p339_087
make p339_051
make p339_346
make p339_068
make p339_015
make p339_371
make p339_021
make p339_386
make p339_160
make p339_250
make p339_211
make p339_344
make p339_370
make p339_212
make p339_014
make p339_364
make p339_164
make p339_027
make p339_053
make p339_319
make p339_369
make p339_116
make p339_018
make p339_143
make p339_005
make p339_222
make p339_336
make p339_305
make p339_121
make p339_404
make p339_050
make p339_156
make p339_079
make p339_270
make p339_268
make p339_236
make p339_355
make p339_241
make p339_047
make p339_171
make p339_407
make p339_422
make p339_396
make p339_334
make p339_202
make p339_349
make p339_124
make p339_399
make p339_317
make p339_151
make p339_066
make p339_159
make p339_196
make p339_013
make p339_376
make p339_330
make p339_008
make p339_260
make p339_126
make p339_200
make p339_199
make p339_023
make p339_096
make p339_064
make p339_409
make p339_383
make p339_076
make p339_069
make p339_107
make p339_388
make p339_343
make p339_101
make p339_339
make p339_194
make p339_299
make p339_056
make p339_372
make p339_148
make p339_182
make p339_287
make p339_294
make p339_248
make p339_225
make p339_384
make p339_401
make p339_209
make p339_038
make p339_416
make p339_112
make p339_061
make p339_044
make p339_350
make p339_167
make p339_139
make p339_280
make p339_010
make p339_174
make p339_184
make p339_028
make p339_058
make p339_234
make p339_276
make p339_037
make p339_368
make p339_420
make p339_180
make p339_229
make p339_153
make p339_004
make p339_100
make p339_189
make p339_039
make p339_224
make p339_163
make p339_012
make p339_342
make p339_049
make p339_365
make p339_267
make p339_231
make p339_031
make p339_313
make p339_257
make p339_007
make p339_073
make p339_235
making  p280
make p280_369
make p280_384
make p280_290
make p280_210
make p280_132
make p280_157
make p280_195
make p280_140
make p280_171
make p280_101
make p280_328
make p280_360
make p280_052
make p280_325
make p280_107
make p280_399
make p280_192
make p280_160
make p280_196
make p280_297
make p280_353
make p280_141
make p280_120
make p280_064
make p280_089
make p280_148
make p280_264
make p280_241
make p280_304
make p280_161
make p280_011
make p280_260
make p280_090
make p280_364
make p280_117
make p280_235
make p280_062
make p280_033
make p280_095
make p280_025
make p280_187
make p280_083
make p280_373
make p280_138
make p280_024
make p280_265
make p280_186
make p280_314
make p280_338
make p280_136
make p280_077
make p280_351
make p280_124
make p280_377
make p280_208
make p280_181
make p280_149
make p280_183
make p280_084
make p280_352
make p280_014
make p280_227
make p280_088
make p280_395
make p280_335
make p280_096
make p280_020
make p280_048
make p280_211
make p280_193
make p280_057
make p280_127
make p280_362
make p280_267
make p280_164
make p280_104
make p280_323
make p280_284
make p280_061
make p280_228
make p280_340
make p280_156
make p280_017
make p280_035
make p280_303
make p280_229
make p280_270
make p280_050
make p280_034
make p280_311
make p280_240
make p280_130
make p280_198
make p280_212
make p280_309
make p280_363
make p280_080
make p280_295
make p280_275
make p280_222
make p280_355
make p280_019
make p280_012
make p280_015
make p280_392
make p280_041
make p280_334
make p280_349
make p280_308
make p280_288
make p280_299
make p280_257
make p280_230
make p280_357
make p280_194
make p280_243
make p280_237
make p280_367
make p280_366
make p280_204
make p280_093
make p280_022
make p280_043
make p280_406
make p280_070
make p280_038
make p280_346
make p280_137
make p280_324
make p280_154
make p280_215
make p280_197
make p280_224
make p280_387
make p280_031
make p280_236
make p280_202
make p280_322
make p280_382
make p280_086
make p280_199
make p280_402
make p280_013
make p280_277
make p280_082
make p280_166
make p280_300
make p280_305
make p280_205
make p280_245
make p280_403
make p280_200
make p280_049
make p280_165
make p280_092
make p280_067
make p280_376
make p280_123
make p280_263
make p280_016
make p280_054
make p280_365
make p280_320
make p280_115
make p280_401
make p280_042
make p280_006
make p280_280
make p280_393
make p280_381
make p280_244
make p280_386
make p280_306
make p280_007
make p280_151
make p280_337
make p280_134
make p280_162
make p280_102
make p280_398
make p280_158
make p280_023
make p280_114
make p280_172
make p280_169
make p280_391
make p280_313
make p280_331
make p280_249
make p280_178
make p280_217
make p280_348
make p280_060
make p280_281
make p280_111
make p280_247
make p280_146
make p280_276
make p280_374
make p280_252
make p280_118
make p280_108
make p280_110
make p280_408
make p280_028
make p280_226
make p280_339
make p280_272
make p280_409
make p280_209
make p280_036
make p280_119
make p280_091
make p280_356
make p280_094
make p280_301
make p280_375
make p280_273
make p280_180
make p280_407
make p280_216
make p280_182
make p280_343
make p280_232
make p280_285
make p280_135
make p280_159
make p280_126
make p280_153
make p280_037
make p280_122
make p280_330
make p280_312
make p280_341
make p280_333
make p280_177
make p280_318
make p280_058
make p280_203
make p280_287
make p280_188
make p280_032
make p280_003
make p280_379
make p280_223
make p280_139
make p280_289
make p280_150
make p280_097
make p280_319
make p280_315
make p280_231
make p280_105
make p280_233
make p280_170
make p280_242
make p280_342
make p280_253
make p280_274
make p280_189
make p280_410
make p280_390
make p280_316
make p280_239
make p280_131
make p280_302
make p280_071
make p280_388
make p280_344
make p280_380
make p280_385
make p280_206
make p280_021
make p280_051
make p280_396
make p280_278
make p280_145
make p280_029
make p280_063
make p280_152
make p280_317
make p280_076
make p280_213
make p280_405
make p280_293
make p280_081
make p280_142
make p280_359
make p280_258
make p280_383
make p280_055
make p280_005
make p280_133
make p280_250
make p280_256
make p280_059
make p280_085
make p280_174
make p280_008
make p280_371
make p280_046
make p280_327
make p280_009
make p280_259
make p280_116
make p280_326
make p280_039
make p280_098
make p280_065
make p280_103
make p280_219
make p280_296
make p280_207
make p280_347
make p280_179
make p280_255
make p280_221
make p280_246
make p280_099
make p280_026
make p280_201
make p280_167
make p280_266
make p280_404
make p280_225
make p280_113
make p280_045
make p280_254
make p280_329
make p280_053
make p280_307
make p280_271
make p280_368
make p280_184
make p280_350
make p280_163
make p280_072
make p280_269
make p280_332
make p280_066
make p280_155
make p280_100
make p280_125
make p280_106
make p280_292
make p280_321
Traceback (most recent call last):
  File "/home/hh2263/Speaker-Diarization/augmentation_ver3.py", line 112, in <module>
    augmentation(SRC_path,ir_path,idx_start,idx_end)
  File "/home/hh2263/Speaker-Diarization/augmentation_ver3.py", line 101, in augmentation
    jam_out)
  File "/home/hh2263/muda/muda/core.py", line 168, in save
    psf.write(filename_audio, y, sr, **kwargs)
  File "/home/hh2263/miniconda3/envs/spokenweb/lib/python3.7/site-packages/soundfile.py", line 431, in write
    subtype, endian, format, closefd) as f:
  File "/home/hh2263/miniconda3/envs/spokenweb/lib/python3.7/site-packages/soundfile.py", line 740, in __init__
    self._file = self._open(file, mode_int, closefd)
  File "/home/hh2263/miniconda3/envs/spokenweb/lib/python3.7/site-packages/soundfile.py", line 1265, in _open
    "Error opening {0!r}: ".format(self.name))
  File "/home/hh2263/miniconda3/envs/spokenweb/lib/python3.7/site-packages/soundfile.py", line 1455, in _error_check
    raise RuntimeError(prefix + _ffi.string(err_str).decode('utf-8', 'replace'))
RuntimeError: Error opening '/scratch/hh2263/VCTK/VCTK-Corpus/wav48_muda_2/p280/p280_321_g03.wav': System error.
