making  p238
making  p294
making  p257
make p257_271
make p257_030
make p257_398
make p257_165
make p257_005
make p257_039
make p257_319
make p257_309
make p257_341
make p257_293
make p257_379
make p257_303
make p257_351
make p257_200
make p257_216
make p257_366
make p257_040
make p257_390
make p257_060
make p257_144
make p257_356
make p257_397
make p257_099
make p257_279
make p257_283
make p257_004
make p257_182
make p257_006
make p257_209
make p257_199
make p257_359
make p257_381
make p257_370
make p257_352
make p257_290
make p257_194
make p257_330
make p257_023
make p257_261
make p257_045
make p257_280
make p257_400
make p257_031
make p257_212
make p257_138
make p257_149
make p257_281
make p257_001
make p257_228
make p257_158
make p257_329
make p257_395
make p257_151
make p257_221
make p257_119
make p257_007
make p257_111
make p257_318
make p257_377
make p257_021
make p257_087
make p257_067
make p257_268
make p257_190
make p257_422
make p257_276
make p257_410
make p257_213
make p257_317
make p257_171
make p257_115
make p257_113
make p257_201
make p257_125
make p257_092
make p257_236
make p257_081
make p257_338
make p257_362
make p257_179
make p257_016
make p257_036
make p257_368
make p257_043
make p257_387
make p257_308
make p257_411
make p257_203
make p257_058
make p257_393
make p257_224
make p257_018
make p257_262
make p257_035
make p257_028
make p257_344
make p257_112
make p257_178
make p257_345
make p257_176
make p257_403
make p257_237
make p257_091
make p257_071
make p257_227
make p257_177
make p257_118
make p257_407
make p257_313
make p257_069
make p257_084
make p257_022
make p257_417
make p257_246
make p257_311
make p257_181
make p257_008
make p257_162
make p257_378
make p257_260
make p257_104
make p257_121
make p257_233
make p257_314
make p257_223
make p257_334
make p257_269
make p257_430
make p257_383
make p257_204
make p257_164
make p257_068
make p257_050
make p257_011
make p257_046
make p257_402
make p257_385
make p257_096
make p257_074
make p257_414
make p257_145
make p257_157
make p257_367
make p257_192
make p257_239
make p257_220
make p257_015
make p257_354
make p257_306
make p257_020
make p257_090
make p257_357
make p257_097
make p257_089
make p257_394
make p257_235
make p257_425
make p257_421
make p257_066
make p257_029
make p257_148
make p257_275
make p257_075
make p257_153
make p257_305
make p257_041
make p257_206
make p257_263
make p257_238
make p257_243
make p257_063
make p257_014
make p257_128
make p257_382
make p257_272
make p257_037
make p257_226
make p257_241
make p257_073
make p257_315
make p257_101
make p257_320
make p257_048
make p257_082
make p257_197
make p257_002
make p257_184
make p257_109
make p257_009
make p257_086
make p257_401
make p257_419
make p257_328
make p257_052
make p257_017
make p257_225
make p257_059
make p257_163
make p257_195
make p257_420
make p257_274
make p257_183
make p257_346
make p257_159
make p257_116
make p257_217
make p257_232
make p257_049
make p257_363
make p257_185
make p257_078
make p257_134
make p257_244
make p257_219
make p257_110
make p257_270
make p257_047
make p257_208
make p257_287
make p257_211
make p257_358
make p257_350
make p257_034
make p257_408
make p257_247
make p257_292
make p257_215
make p257_210
make p257_155
make p257_277
make p257_152
make p257_405
make p257_428
make p257_427
make p257_304
make p257_076
make p257_361
make p257_396
make p257_415
make p257_404
make p257_340
make p257_245
make p257_130
make p257_349
make p257_426
make p257_289
make p257_038
make p257_302
make p257_094
make p257_301
make p257_010
make p257_278
make p257_107
make p257_135
make p257_123
make p257_364
make p257_310
make p257_326
make p257_296
make p257_044
make p257_012
make p257_323
make p257_106
make p257_365
make p257_348
make p257_299
make p257_117
make p257_386
make p257_353
make p257_307
make p257_327
make p257_161
make p257_321
make p257_129
make p257_375
make p257_264
make p257_242
make p257_406
make p257_248
make p257_388
make p257_024
make p257_140
make p257_273
make p257_120
make p257_231
make p257_391
make p257_062
make p257_132
make p257_267
make p257_234
make p257_409
make p257_324
make p257_122
make p257_333
make p257_431
make p257_335
make p257_218
making  p298
make p298_123
make p298_345
make p298_022
make p298_232
make p298_302
make p298_028
make p298_396
make p298_170
make p298_037
make p298_069
make p298_259
make p298_258
make p298_216
make p298_192
make p298_369
make p298_175
make p298_266
make p298_024
make p298_379
make p298_372
make p298_017
make p298_157
make p298_387
make p298_342
make p298_244
make p298_119
make p298_254
make p298_186
make p298_113
make p298_011
make p298_225
make p298_197
make p298_204
make p298_351
make p298_221
make p298_292
make p298_044
make p298_207
make p298_276
make p298_318
make p298_073
make p298_389
make p298_239
make p298_107
make p298_191
make p298_148
make p298_358
make p298_240
make p298_277
make p298_098
make p298_114
make p298_393
make p298_136
make p298_014
make p298_356
make p298_316
make p298_383
make p298_255
make p298_131
make p298_334
make p298_051
make p298_050
make p298_374
make p298_360
make p298_251
make p298_006
make p298_032
make p298_015
make p298_295
make p298_293
make p298_320
make p298_285
make p298_346
make p298_210
make p298_194
make p298_062
make p298_234
make p298_116
make p298_181
make p298_155
make p298_004
make p298_224
make p298_392
make p298_112
make p298_092
make p298_151
make p298_367
make p298_363
make p298_052
make p298_005
make p298_243
make p298_402
make p298_361
make p298_169
make p298_199
make p298_322
make p298_353
make p298_327
make p298_337
make p298_059
make p298_030
make p298_341
make p298_111
make p298_315
make p298_307
make p298_009
make p298_162
make p298_137
make p298_068
make p298_066
make p298_230
make p298_398
make p298_144
make p298_016
make p298_213
make p298_008
make p298_159
make p298_126
make p298_177
make p298_085
make p298_103
make p298_296
make p298_267
make p298_364
make p298_208
make p298_043
make p298_355
make p298_138
make p298_135
make p298_298
make p298_180
make p298_195
make p298_026
make p298_333
make p298_160
make p298_019
make p298_294
make p298_029
make p298_212
make p298_146
make p298_096
make p298_198
make p298_193
make p298_263
make p298_222
make p298_174
make p298_045
make p298_273
make p298_002
make p298_404
make p298_147
make p298_388
make p298_118
make p298_370
make p298_010
make p298_140
make p298_324
make p298_057
make p298_185
make p298_065
make p298_101
make p298_211
make p298_117
make p298_082
make p298_003
make p298_357
make p298_039
make p298_053
make p298_095
make p298_100
make p298_317
make p298_097
make p298_102
make p298_340
make p298_190
make p298_382
make p298_288
make p298_081
make p298_347
make p298_078
make p298_104
make p298_007
make p298_099
make p298_278
make p298_001
make p298_354
make p298_343
make p298_163
make p298_047
make p298_297
make p298_184
make p298_368
make p298_284
make p298_238
make p298_227
make p298_289
make p298_089
make p298_257
make p298_400
make p298_321
make p298_074
make p298_312
make p298_206
make p298_246
make p298_390
make p298_219
make p298_375
make p298_072
make p298_139
make p298_305
make p298_129
make p298_282
make p298_344
make p298_262
make p298_179
make p298_088
make p298_091
make p298_049
make p298_055
make p298_303
make p298_176
make p298_256
make p298_142
make p298_274
make p298_287
make p298_290
make p298_329
make p298_152
make p298_158
make p298_336
make p298_399
make p298_271
make p298_041
make p298_237
make p298_242
make p298_060
make p298_300
make p298_384
make p298_260
make p298_020
make p298_128
make p298_013
make p298_038
make p298_314
make p298_077
make p298_299
make p298_161
make p298_182
make p298_261
make p298_269
make p298_395
make p298_378
make p298_173
make p298_058
make p298_120
make p298_220
make p298_110
make p298_348
make p298_031
make p298_054
make p298_035
make p298_362
make p298_108
make p298_033
make p298_309
make p298_249
make p298_063
make p298_335
make p298_122
make p298_141
make p298_301
make p298_338
make p298_064
make p298_200
make p298_018
make p298_325
make p298_339
make p298_350
make p298_121
make p298_250
make p298_115
make p298_172
make p298_373
make p298_403
make p298_205
make p298_214
make p298_330
make p298_323
make p298_080
make p298_279
make p298_272
make p298_223
make p298_034
make p298_067
make p298_332
make p298_366
make p298_145
make p298_061
make p298_048
make p298_150
make p298_281
make p298_134
make p298_201
make p298_352
make p298_241
make p298_264
make p298_124
make p298_036
make p298_245
make p298_386
make p298_149
make p298_231
make p298_236
make p298_079
make p298_106
make p298_226
make p298_187
make p298_094
make p298_202
make p298_311
make p298_167
make p298_203
make p298_228
make p298_153
make p298_268
make p298_165
make p298_253
make p298_270
make p298_385
make p298_042
make p298_235
make p298_178
make p298_143
make p298_217
make p298_381
make p298_183
make p298_075
make p298_331
make p298_070
make p298_349
make p298_130
make p298_304
make p298_306
make p298_233
make p298_105
make p298_291
make p298_087
make p298_209
make p298_188
make p298_023
make p298_021
make p298_084
make p298_280
make p298_156
make p298_025
make p298_265
make p298_127
make p298_394
make p298_326
make p298_313
make p298_365
make p298_125
make p298_040
make p298_189
make p298_109
make p298_397
make p298_319
make p298_027
make p298_359
make p298_083
make p298_380
make p298_391
make p298_046
make p298_405
make p298_283
make p298_275
make p298_166
make p298_371
make p298_376
make p298_071
make p298_196
make p298_286
make p298_247
make p298_076
make p298_252
make p298_229
make p298_248
make p298_308
make p298_328
make p298_090
make p298_086
make p298_218
make p298_012
make p298_154
make p298_215
make p298_133
make p298_168
make p298_132
make p298_401
make p298_310
make p298_377
make p298_056
make p298_164
make p298_171
make p298_093
making  p363
make p363_173
make p363_379
make p363_344
make p363_067
make p363_051
make p363_106
make p363_050
make p363_144
make p363_328
make p363_077
make p363_264
make p363_048
make p363_215
make p363_045
make p363_287
make p363_322
make p363_071
make p363_176
make p363_389
make p363_001
make p363_293
make p363_221
make p363_307
make p363_096
make p363_306
make p363_140
make p363_049
make p363_060
make p363_207
make p363_098
make p363_079
make p363_331
make p363_335
make p363_209
make p363_417
make p363_254
make p363_247
make p363_002
make p363_004
make p363_373
make p363_201
make p363_296
make p363_245
make p363_037
make p363_303
make p363_257
make p363_165
make p363_237
make p363_403
make p363_273
make p363_390
make p363_395
make p363_272
make p363_056
make p363_010
make p363_145
make p363_401
make p363_371
make p363_115
make p363_406
make p363_172
make p363_263
make p363_294
make p363_258
make p363_253
make p363_119
make p363_175
make p363_086
make p363_044
make p363_020
make p363_013
make p363_309
make p363_256
make p363_179
make p363_152
make p363_092
make p363_351
make p363_298
make p363_312
make p363_291
make p363_022
make p363_381
make p363_133
make p363_290
make p363_162
make p363_029
make p363_088
make p363_397
make p363_422
make p363_180
make p363_297
make p363_411
make p363_320
make p363_385
make p363_089
make p363_317
make p363_327
make p363_368
make p363_416
make p363_267
make p363_153
make p363_213
make p363_139
Traceback (most recent call last):
  File "/home/hh2263/Speaker-Diarization/augmentation_ver3.py", line 112, in <module>
    augmentation(SRC_path,ir_path,idx_start,idx_end)
  File "/home/hh2263/Speaker-Diarization/augmentation_ver3.py", line 101, in augmentation
    jam_out)
  File "/home/hh2263/muda/muda/core.py", line 168, in save
    psf.write(filename_audio, y, sr, **kwargs)
  File "/home/hh2263/miniconda3/envs/spokenweb/lib/python3.7/site-packages/soundfile.py", line 431, in write
    subtype, endian, format, closefd) as f:
  File "/home/hh2263/miniconda3/envs/spokenweb/lib/python3.7/site-packages/soundfile.py", line 740, in __init__
    self._file = self._open(file, mode_int, closefd)
  File "/home/hh2263/miniconda3/envs/spokenweb/lib/python3.7/site-packages/soundfile.py", line 1265, in _open
    "Error opening {0!r}: ".format(self.name))
  File "/home/hh2263/miniconda3/envs/spokenweb/lib/python3.7/site-packages/soundfile.py", line 1455, in _error_check
    raise RuntimeError(prefix + _ffi.string(err_str).decode('utf-8', 'replace'))
RuntimeError: Error opening '/scratch/hh2263/VCTK/VCTK-Corpus/wav48_muda_2/p363/p363_139_g00.wav': System error.
