making  p272
making  p232
making  p269
make p269_053
make p269_226
make p269_387
make p269_250
make p269_066
make p269_197
make p269_167
make p269_256
make p269_247
make p269_333
make p269_233
make p269_065
make p269_157
make p269_064
make p269_242
make p269_227
make p269_122
make p269_124
make p269_211
make p269_335
make p269_261
make p269_268
make p269_219
make p269_082
make p269_134
make p269_389
make p269_152
make p269_185
make p269_077
make p269_056
make p269_173
make p269_012
make p269_188
make p269_146
make p269_260
make p269_311
make p269_259
make p269_158
make p269_232
make p269_377
make p269_323
make p269_102
make p269_359
make p269_097
make p269_086
make p269_183
make p269_117
make p269_395
make p269_047
make p269_388
make p269_300
make p269_221
make p269_020
make p269_403
make p269_010
make p269_101
make p269_367
make p269_302
make p269_217
make p269_338
make p269_258
make p269_058
make p269_029
make p269_344
make p269_073
make p269_384
make p269_164
make p269_328
make p269_136
make p269_138
make p269_083
make p269_141
make p269_290
make p269_169
make p269_033
make p269_220
make p269_005
make p269_162
make p269_176
make p269_111
make p269_305
make p269_081
make p269_283
make p269_198
make p269_392
make p269_236
make p269_067
make p269_248
make p269_281
make p269_313
make p269_130
make p269_376
make p269_175
make p269_140
make p269_160
make p269_043
make p269_131
make p269_084
make p269_348
make p269_031
make p269_143
make p269_350
make p269_127
make p269_249
make p269_265
make p269_277
make p269_201
make p269_191
make p269_145
make p269_159
make p269_306
make p269_382
make p269_327
make p269_050
make p269_385
make p269_108
make p269_399
make p269_174
make p269_257
make p269_379
make p269_361
make p269_356
make p269_072
make p269_003
make p269_028
make p269_112
make p269_089
make p269_373
make p269_092
make p269_150
make p269_170
make p269_125
make p269_276
make p269_094
make p269_322
make p269_240
make p269_071
make p269_107
make p269_212
make p269_288
make p269_103
make p269_114
make p269_245
make p269_194
make p269_378
make p269_269
make p269_026
make p269_339
make p269_251
make p269_285
make p269_096
make p269_342
make p269_203
make p269_228
make p269_182
make p269_205
make p269_001
make p269_230
make p269_386
make p269_206
make p269_063
make p269_006
make p269_038
make p269_133
make p269_294
make p269_254
make p269_293
make p269_368
make p269_052
make p269_380
make p269_190
make p269_154
make p269_398
make p269_208
make p269_218
make p269_014
make p269_223
make p269_113
make p269_266
make p269_030
make p269_329
make p269_151
make p269_383
make p269_091
making  p274
make p274_184
make p274_063
make p274_332
make p274_027
make p274_393
make p274_307
make p274_242
make p274_317
make p274_053
make p274_442
make p274_292
make p274_220
make p274_304
make p274_314
make p274_070
make p274_055
make p274_276
make p274_137
make p274_444
make p274_155
make p274_211
make p274_066
make p274_089
make p274_107
make p274_389
make p274_426
make p274_018
make p274_139
make p274_083
make p274_257
make p274_061
make p274_029
make p274_274
make p274_072
make p274_343
make p274_410
make p274_154
make p274_432
make p274_151
make p274_212
make p274_021
make p274_299
make p274_197
make p274_074
make p274_248
make p274_016
make p274_341
make p274_221
make p274_109
make p274_255
make p274_126
make p274_209
make p274_087
make p274_293
make p274_223
make p274_012
make p274_230
make p274_080
make p274_222
make p274_468
make p274_160
make p274_403
make p274_182
make p274_092
make p274_093
make p274_100
make p274_095
make p274_415
make p274_124
make p274_183
make p274_238
make p274_319
make p274_355
make p274_283
make p274_226
make p274_193
make p274_132
make p274_262
make p274_084
make p274_249
make p274_075
make p274_013
make p274_014
make p274_306
make p274_364
make p274_450
make p274_315
make p274_145
make p274_097
make p274_290
make p274_291
make p274_198
make p274_461
make p274_327
make p274_424
make p274_449
make p274_260
make p274_408
make p274_334
make p274_420
make p274_035
make p274_252
make p274_174
make p274_349
make p274_459
make p274_110
make p274_025
make p274_039
make p274_418
make p274_310
make p274_362
make p274_454
make p274_133
make p274_232
make p274_417
make p274_438
make p274_128
make p274_056
make p274_164
make p274_425
make p274_434
make p274_344
make p274_047
make p274_228
make p274_275
make p274_435
make p274_157
make p274_114
make p274_178
make p274_258
make p274_250
make p274_104
make p274_333
make p274_313
make p274_163
make p274_023
make p274_189
make p274_148
make p274_412
make p274_120
make p274_141
make p274_224
make p274_267
make p274_263
make p274_006
make p274_041
make p274_208
make p274_052
make p274_392
make p274_321
make p274_266
make p274_345
make p274_030
make p274_338
make p274_244
make p274_227
make p274_123
make p274_335
make p274_234
make p274_152
make p274_065
make p274_217
make p274_447
make p274_073
make p274_357
make p274_259
make p274_328
make p274_108
make p274_269
make p274_261
make p274_280
make p274_254
make p274_122
make p274_094
make p274_005
make p274_165
make p274_295
make p274_062
make p274_325
make p274_394
make p274_456
make p274_158
make p274_380
make p274_397
make p274_007
make p274_286
make p274_015
make p274_112
make p274_421
make p274_186
make p274_156
make p274_469
make p274_437
make p274_177
make p274_237
make p274_339
make p274_385
make p274_445
make p274_225
make p274_354
make p274_413
make p274_455
make p274_264
make p274_320
make p274_067
make p274_312
make p274_316
make p274_057
make p274_467
make p274_101
make p274_117
make p274_129
make p274_399
make p274_203
make p274_054
make p274_098
make p274_441
make p274_161
make p274_240
make p274_446
make p274_300
make p274_453
make p274_460
make p274_363
make p274_214
make p274_348
make p274_205
make p274_045
make p274_011
make p274_305
make p274_046
make p274_256
make p274_140
make p274_196
make p274_322
make p274_115
make p274_210
make p274_143
make p274_194
make p274_251
make p274_390
make p274_090
make p274_356
make p274_318
make p274_033
make p274_081
make p274_026
make p274_059
make p274_296
make p274_366
make p274_361
make p274_431
make p274_004
make p274_207
make p274_279
make p274_010
make p274_060
make p274_173
make p274_071
make p274_340
make p274_202
make p274_301
make p274_337
make p274_102
make p274_365
make p274_201
make p274_353
make p274_405
make p274_326
make p274_199
make p274_358
make p274_377
make p274_206
make p274_116
make p274_374
make p274_448
make p274_085
make p274_342
make p274_135
make p274_398
make p274_351
make p274_171
make p274_142
make p274_022
make p274_118
make p274_167
make p274_130
make p274_464
make p274_028
make p274_457
make p274_433
make p274_298
make p274_360
make p274_381
make p274_367
make p274_099
make p274_281
make p274_144
make p274_346
make p274_331
make p274_076
make p274_003
make p274_419
make p274_401
make p274_188
make p274_253
make p274_347
make p274_278
make p274_231
make p274_009
make p274_147
make p274_079
make p274_106
make p274_179
make p274_138
make p274_272
make p274_091
make p274_215
make p274_396
make p274_297
make p274_407
make p274_309
make p274_386
make p274_423
make p274_032
make p274_181
make p274_416
make p274_422
make p274_359
make p274_387
make p274_192
make p274_409
make p274_391
make p274_324
make p274_170
make p274_289
make p274_440
make p274_008
make p274_271
make p274_175
make p274_017
make p274_187
make p274_236
make p274_470
make p274_288
make p274_384
make p274_452
make p274_103
make p274_050
make p274_465
make p274_372
make p274_241
make p274_245
make p274_323
make p274_082
make p274_273
make p274_382
make p274_229
make p274_378
make p274_113
make p274_239
make p274_020
make p274_168
make p274_443
make p274_451
make p274_458
make p274_436
make p274_282
make p274_058
make p274_111
make p274_169
make p274_466
make p274_302
make p274_149
make p274_119
make p274_086
make p274_191
make p274_311
make p274_284
make p274_064
make p274_383
make p274_285
make p274_078
make p274_153
make p274_036
make p274_038
make p274_150
make p274_176
make p274_190
make p274_200
make p274_350
make p274_136
make p274_330
make p274_270
make p274_088
make p274_096
make p274_044
make p274_368
make p274_127
make p274_352
make p274_375
make p274_037
make p274_043
make p274_213
make p274_235
make p274_040
make p274_162
make p274_048
make p274_388
make p274_185
make p274_051
make p274_069
make p274_462
make p274_247
make p274_218
make p274_031
make p274_411
make p274_024
make p274_243
make p274_373
make p274_216
make p274_369
make p274_406
make p274_379
make p274_068
make p274_121
make p274_105
make p274_427
make p274_002
make p274_336
make p274_294
make p274_414
make p274_428
make p274_430
make p274_376
make p274_268
make p274_329
make p274_429
make p274_277
make p274_019
make p274_246
make p274_125
make p274_463
make p274_042
make p274_371
make p274_204
make p274_404
make p274_287
make p274_146
make p274_308
make p274_034
make p274_370
make p274_159
make p274_134
make p274_195
make p274_402
make p274_131
make p274_049
make p274_400
make p274_219
make p274_077
make p274_233
make p274_166
make p274_439
make p274_303
make p274_180
making  p318
make p318_240
make p318_406
make p318_297
make p318_138
make p318_239
make p318_279
make p318_177
make p318_398
make p318_180
make p318_062
make p318_127
make p318_211
make p318_418
make p318_254
make p318_204
make p318_022
make p318_149
make p318_275
make p318_186
make p318_042
make p318_015
make p318_404
make p318_319
make p318_342
make p318_152
make p318_082
make p318_373
make p318_107
make p318_224
make p318_034
make p318_216
make p318_271
make p318_391
make p318_308
make p318_268
make p318_357
make p318_381
make p318_285
make p318_293
make p318_031
make p318_396
make p318_183
make p318_276
make p318_102
make p318_094
make p318_153
make p318_424
make p318_172
make p318_012
make p318_409
make p318_213
make p318_029
make p318_408
make p318_317
make p318_328
make p318_198
make p318_193
make p318_354
make p318_043
make p318_040
make p318_237
make p318_261
make p318_306
make p318_201
make p318_168
make p318_411
make p318_144
make p318_236
make p318_257
make p318_387
make p318_295
make p318_263
make p318_208
make p318_222
make p318_036
make p318_392
make p318_179
make p318_134
make p318_148
make p318_363
make p318_394
make p318_011
make p318_087
make p318_366
make p318_207
make p318_292
make p318_142
make p318_035
make p318_126
make p318_266
make p318_049
make p318_298
make p318_188
make p318_121
make p318_033
make p318_067
make p318_377
make p318_312
make p318_205
make p318_061
make p318_128
make p318_313
make p318_283
make p318_347
make p318_174
make p318_413
make p318_056
make p318_361
make p318_384
make p318_353
make p318_158
make p318_111
make p318_110
make p318_023
make p318_399
make p318_156
make p318_030
make p318_070
make p318_038
make p318_333
make p318_135
make p318_100
make p318_117
make p318_151
make p318_405
make p318_181
make p318_273
make p318_212
make p318_017
make p318_423
make p318_305
make p318_214
make p318_401
make p318_340
make p318_220
make p318_097
make p318_294
make p318_332
make p318_129
make p318_364
make p318_321
make p318_300
make p318_234
make p318_221
make p318_315
make p318_231
make p318_113
make p318_307
make p318_278
make p318_259
make p318_066
make p318_155
make p318_341
make p318_191
make p318_287
make p318_037
make p318_243
make p318_161
make p318_069
make p318_242
make p318_255
make p318_166
make p318_360
make p318_272
make p318_160
make p318_389
make p318_080
make p318_344
make p318_026
make p318_132
make p318_302
make p318_072
make p318_171
make p318_414
make p318_269
make p318_075
make p318_025
make p318_372
make p318_024
make p318_256
make p318_184
make p318_230
make p318_139
make p318_303
make p318_163
make p318_309
make p318_334
make p318_241
make p318_402
make p318_383
make p318_252
make p318_331
make p318_154
make p318_090
make p318_362
make p318_005
make p318_170
make p318_375
make p318_365
make p318_140
make p318_359
make p318_350
make p318_178
make p318_219
make p318_125
make p318_291
make p318_076
make p318_304
make p318_356
make p318_052
make p318_200
make p318_001
make p318_050
make p318_330
make p318_073
make p318_109
make p318_380
make p318_119
make p318_098
make p318_316
make p318_274
make p318_013
make p318_258
make p318_335
make p318_235
make p318_421
make p318_289
make p318_068
make p318_238
make p318_045
make p318_226
make p318_133
make p318_227
make p318_039
make p318_412
make p318_250
make p318_248
make p318_299
make p318_101
make p318_095
make p318_403
make p318_232
make p318_326
make p318_167
make p318_395
make p318_369
make p318_244
make p318_120
make p318_400
make p318_123
make p318_397
make p318_253
make p318_346
make p318_092
make p318_018
make p318_327
make p318_290
make p318_074
make p318_194
make p318_063
make p318_370
make p318_296
make p318_047
make p318_192
make p318_415
make p318_103
make p318_310
make p318_124
make p318_131
make p318_162
make p318_064
make p318_416
make p318_053
make p318_055
make p318_288
make p318_215
make p318_006
make p318_150
make p318_301
make p318_277
make p318_229
make p318_105
make p318_041
make p318_079
make p318_147
make p318_114
make p318_358
make p318_311
make p318_190
make p318_286
make p318_420
make p318_270
make p318_329
make p318_077
make p318_059
make p318_251
make p318_078
make p318_197
make p318_325
make p318_008
make p318_096
make p318_086
make p318_210
make p318_046
make p318_225
make p318_337
make p318_386
make p318_345
make p318_355
make p318_196
make p318_267
Traceback (most recent call last):
  File "/home/hh2263/Speaker-Diarization/augmentation_ver3.py", line 112, in <module>
    augmentation(SRC_path,ir_path,idx_start,idx_end)
  File "/home/hh2263/Speaker-Diarization/augmentation_ver3.py", line 101, in augmentation
    jam_out)
  File "/home/hh2263/muda/muda/core.py", line 168, in save
    psf.write(filename_audio, y, sr, **kwargs)
  File "/home/hh2263/miniconda3/envs/spokenweb/lib/python3.7/site-packages/soundfile.py", line 431, in write
    subtype, endian, format, closefd) as f:
  File "/home/hh2263/miniconda3/envs/spokenweb/lib/python3.7/site-packages/soundfile.py", line 740, in __init__
    self._file = self._open(file, mode_int, closefd)
  File "/home/hh2263/miniconda3/envs/spokenweb/lib/python3.7/site-packages/soundfile.py", line 1265, in _open
    "Error opening {0!r}: ".format(self.name))
  File "/home/hh2263/miniconda3/envs/spokenweb/lib/python3.7/site-packages/soundfile.py", line 1455, in _error_check
    raise RuntimeError(prefix + _ffi.string(err_str).decode('utf-8', 'replace'))
RuntimeError: Error opening '/scratch/hh2263/VCTK/VCTK-Corpus/wav48_muda_2/p318/p318_267_g00.wav': System error.
