making  p264
making  p304
making  p258
make p258_055
make p258_183
make p258_282
make p258_397
make p258_373
make p258_074
make p258_369
make p258_023
make p258_126
make p258_210
make p258_259
make p258_063
make p258_113
make p258_052
make p258_047
make p258_281
make p258_258
make p258_238
make p258_217
make p258_209
make p258_141
make p258_263
make p258_314
make p258_353
make p258_285
make p258_290
make p258_173
make p258_303
make p258_225
make p258_021
make p258_348
make p258_098
make p258_273
make p258_230
make p258_147
make p258_386
make p258_090
make p258_138
make p258_143
make p258_340
make p258_291
make p258_030
make p258_402
make p258_193
make p258_344
make p258_070
make p258_164
make p258_116
make p258_058
make p258_398
make p258_031
make p258_130
make p258_213
make p258_121
make p258_195
make p258_085
make p258_222
make p258_196
make p258_214
make p258_040
make p258_212
make p258_170
make p258_075
make p258_151
make p258_248
make p258_367
make p258_394
make p258_308
make p258_388
make p258_309
make p258_004
make p258_069
make p258_337
make p258_276
make p258_062
make p258_053
make p258_192
make p258_294
make p258_071
make p258_347
make p258_408
make p258_256
make p258_208
make p258_287
make p258_155
make p258_120
make p258_332
make p258_127
make p258_033
make p258_184
make p258_078
make p258_242
make p258_219
make p258_111
make p258_272
make p258_372
make p258_200
make p258_323
make p258_091
make p258_048
make p258_226
make p258_046
make p258_177
make p258_313
make p258_405
make p258_168
make p258_354
make p258_241
make p258_159
make p258_162
make p258_304
make p258_073
make p258_028
make p258_167
make p258_336
make p258_144
make p258_331
make p258_051
make p258_229
make p258_049
make p258_310
make p258_321
make p258_371
make p258_260
make p258_003
make p258_292
make p258_108
make p258_100
make p258_378
make p258_105
make p258_295
make p258_370
make p258_008
make p258_215
make p258_133
make p258_095
make p258_399
make p258_103
make p258_065
make p258_364
make p258_093
make p258_157
make p258_181
make p258_362
make p258_009
make p258_161
make p258_190
make p258_288
make p258_318
make p258_182
make p258_201
make p258_118
make p258_312
make p258_109
make p258_396
make p258_245
make p258_102
make p258_080
make p258_384
make p258_239
make p258_335
make p258_227
make p258_216
make p258_366
make p258_179
make p258_271
make p258_081
make p258_125
make p258_171
make p258_385
make p258_042
make p258_297
make p258_316
make p258_137
make p258_376
make p258_059
make p258_326
make p258_084
make p258_140
make p258_358
make p258_254
make p258_197
make p258_375
make p258_342
make p258_205
make p258_278
make p258_165
make p258_338
make p258_148
make p258_235
make p258_352
make p258_221
make p258_414
make p258_152
make p258_250
make p258_243
make p258_322
make p258_015
make p258_307
make p258_357
make p258_035
make p258_029
make p258_363
make p258_412
make p258_096
make p258_101
make p258_041
make p258_175
make p258_180
make p258_234
make p258_114
make p258_013
make p258_050
make p258_156
make p258_172
make p258_068
make p258_086
make p258_178
make p258_305
make p258_185
make p258_083
make p258_107
make p258_014
make p258_262
make p258_237
make p258_189
make p258_390
make p258_122
make p258_199
make p258_204
make p258_233
make p258_037
make p258_002
make p258_267
make p258_289
make p258_025
make p258_380
make p258_145
make p258_407
make p258_395
make p258_283
make p258_207
make p258_132
make p258_064
make p258_011
make p258_123
make p258_277
make p258_038
make p258_066
make p258_039
make p258_346
make p258_056
make p258_403
make p258_410
make p258_129
make p258_324
make p258_387
make p258_261
make p258_296
make p258_186
make p258_400
make p258_146
make p258_142
make p258_124
make p258_043
make p258_224
make p258_072
make p258_057
make p258_374
make p258_356
make p258_020
make p258_270
make p258_191
make p258_244
make p258_329
make p258_302
make p258_154
make p258_019
make p258_274
make p258_328
make p258_026
make p258_024
make p258_249
make p258_166
make p258_252
make p258_044
make p258_268
make p258_067
make p258_253
make p258_317
make p258_293
make p258_194
make p258_251
make p258_112
make p258_198
make p258_087
make p258_018
make p258_092
make p258_228
make p258_117
make p258_247
make p258_211
make p258_257
make p258_131
make p258_017
make p258_104
make p258_054
make p258_361
make p258_365
make p258_088
make p258_355
make p258_163
make p258_264
make p258_350
make p258_110
make p258_411
make p258_076
make p258_393
make p258_359
make p258_099
make p258_325
make p258_334
make p258_006
make p258_094
make p258_077
make p258_299
making  p253
make p253_185
make p253_305
make p253_317
make p253_387
make p253_064
make p253_241
make p253_331
make p253_090
make p253_111
make p253_390
make p253_028
make p253_058
make p253_163
make p253_194
make p253_293
make p253_146
make p253_265
make p253_067
make p253_201
make p253_216
make p253_283
make p253_213
make p253_391
make p253_304
make p253_018
make p253_153
make p253_066
make p253_120
make p253_290
make p253_139
make p253_118
make p253_385
make p253_244
make p253_339
make p253_170
make p253_384
make p253_027
make p253_402
make p253_032
make p253_356
make p253_405
make p253_083
make p253_217
make p253_182
make p253_233
make p253_376
make p253_228
make p253_095
make p253_053
make p253_180
make p253_195
make p253_371
make p253_177
make p253_191
make p253_407
make p253_350
make p253_148
make p253_314
make p253_171
make p253_004
make p253_372
make p253_276
make p253_403
make p253_085
make p253_001
make p253_388
make p253_162
make p253_245
make p253_270
make p253_237
make p253_176
make p253_288
make p253_124
make p253_296
make p253_383
make p253_106
make p253_063
make p253_267
make p253_264
make p253_183
make p253_108
make p253_361
make p253_030
make p253_071
make p253_178
make p253_252
make p253_326
make p253_037
make p253_107
make p253_234
make p253_394
make p253_232
make p253_256
make p253_207
make p253_279
make p253_057
make p253_277
make p253_092
make p253_309
make p253_023
make p253_156
make p253_161
make p253_190
make p253_338
make p253_301
make p253_012
make p253_065
make p253_109
make p253_367
make p253_007
make p253_044
make p253_248
make p253_218
make p253_119
make p253_298
make p253_100
make p253_112
make p253_225
make p253_322
make p253_008
make p253_096
make p253_327
make p253_199
make p253_219
make p253_253
make p253_154
make p253_358
make p253_251
make p253_015
make p253_297
make p253_021
make p253_360
make p253_202
make p253_272
make p253_337
make p253_239
make p253_401
make p253_313
make p253_077
make p253_034
make p253_203
make p253_188
make p253_142
make p253_002
make p253_258
make p253_136
make p253_333
make p253_189
make p253_378
make p253_330
make p253_227
make p253_110
make p253_224
make p253_150
make p253_113
make p253_013
make p253_221
make p253_386
make p253_300
make p253_186
make p253_235
make p253_054
make p253_040
make p253_319
make p253_261
make p253_175
make p253_242
make p253_404
make p253_205
make p253_059
make p253_127
make p253_230
make p253_133
make p253_039
make p253_223
make p253_055
make p253_364
make p253_123
make p253_145
make p253_042
make p253_010
make p253_291
make p253_187
make p253_410
make p253_020
make p253_344
make p253_135
make p253_332
make p253_031
make p253_141
make p253_069
make p253_169
make p253_363
make p253_038
make p253_324
make p253_285
make p253_307
make p253_074
make p253_009
make p253_130
make p253_311
make p253_131
make p253_408
make p253_075
make p253_033
make p253_220
make p253_243
make p253_164
make p253_045
make p253_147
make p253_377
make p253_181
make p253_226
make p253_173
make p253_149
make p253_011
make p253_098
make p253_369
make p253_062
make p253_003
make p253_335
make p253_269
make p253_229
make p253_036
make p253_340
make p253_341
make p253_303
make p253_082
make p253_273
make p253_260
make p253_289
make p253_318
make p253_051
make p253_197
make p253_041
make p253_198
make p253_334
make p253_357
make p253_024
make p253_249
make p253_167
make p253_292
make p253_294
make p253_208
make p253_061
make p253_359
make p253_355
make p253_214
make p253_211
make p253_212
make p253_005
make p253_132
make p253_336
make p253_271
make p253_320
make p253_250
make p253_222
make p253_025
make p253_281
make p253_035
make p253_128
make p253_375
make p253_328
make p253_400
make p253_084
make p253_060
make p253_078
make p253_254
make p253_397
make p253_255
make p253_379
make p253_215
make p253_179
make p253_274
make p253_043
make p253_103
make p253_399
make p253_088
make p253_266
make p253_048
make p253_268
make p253_282
make p253_368
make p253_366
make p253_343
make p253_014
make p253_310
make p253_016
make p253_206
make p253_275
make p253_089
make p253_134
make p253_152
make p253_373
make p253_348
make p253_144
make p253_345
make p253_029
make p253_129
make p253_342
make p253_247
make p253_068
make p253_081
make p253_114
make p253_409
make p253_102
make p253_263
make p253_079
make p253_308
make p253_072
make p253_097
make p253_184
make p253_302
make p253_121
make p253_209
make p253_352
make p253_168
make p253_050
make p253_052
make p253_346
make p253_076
make p253_026
make p253_278
make p253_231
make p253_196
make p253_381
make p253_122
make p253_351
make p253_143
make p253_329
make p253_157
make p253_086
make p253_392
make p253_091
make p253_047
make p253_073
make p253_126
make p253_080
make p253_049
make p253_056
make p253_093
make p253_138
make p253_140
make p253_299
make p253_151
make p253_046
make p253_117
make p253_160
make p253_323
make p253_087
make p253_262
make p253_115
make p253_287
make p253_017
make p253_280
make p253_374
make p253_192
make p253_349
make p253_238
make p253_316
make p253_165
make p253_380
make p253_240
make p253_099
make p253_365
make p253_382
make p253_354
make p253_125
make p253_158
make p253_200
make p253_104
make p253_236
make p253_116
make p253_101
make p253_257
making  p241
make p241_300
make p241_368
make p241_082
make p241_297
make p241_001
make p241_234
make p241_149
make p241_058
make p241_081
make p241_048
make p241_366
make p241_326
make p241_278
make p241_290
make p241_255
make p241_043
make p241_065
make p241_167
make p241_042
make p241_285
make p241_329
make p241_239
make p241_233
make p241_176
make p241_244
make p241_236
make p241_132
make p241_231
make p241_025
make p241_275
make p241_175
make p241_148
make p241_209
make p241_251
make p241_309
make p241_346
make p241_187
make p241_301
make p241_240
make p241_356
make p241_119
make p241_188
make p241_354
make p241_032
make p241_178
make p241_121
make p241_246
make p241_163
make p241_328
make p241_035
make p241_118
make p241_230
make p241_331
make p241_049
make p241_340
make p241_281
make p241_220
make p241_362
make p241_108
make p241_159
make p241_224
make p241_227
make p241_034
make p241_353
make p241_116
make p241_094
make p241_322
make p241_104
make p241_235
make p241_144
make p241_154
make p241_248
make p241_274
make p241_078
make p241_041
make p241_237
make p241_343
make p241_289
make p241_294
make p241_179
make p241_173
make p241_016
make p241_177
make p241_067
make p241_214
make p241_128
make p241_019
make p241_337
make p241_252
make p241_057
make p241_330
make p241_358
make p241_373
make p241_063
make p241_319
make p241_130
make p241_247
make p241_040
make p241_191
make p241_241
make p241_071
make p241_223
make p241_009
make p241_088
make p241_320
make p241_062
make p241_336
make p241_164
make p241_103
make p241_198
make p241_272
make p241_005
make p241_276
make p241_147
make p241_287
make p241_169
make p241_137
make p241_221
make p241_349
make p241_029
make p241_314
make p241_076
make p241_064
make p241_036
make p241_212
make p241_268
make p241_299
make p241_334
make p241_307
make p241_203
make p241_098
make p241_033
make p241_270
make p241_206
make p241_114
make p241_249
make p241_215
make p241_257
make p241_256
make p241_347
make p241_129
make p241_183
make p241_013
make p241_324
make p241_345
make p241_079
make p241_195
make p241_218
make p241_360
make p241_135
make p241_168
make p241_181
make p241_165
make p241_115
make p241_099
make p241_219
make p241_371
make p241_200
make p241_266
make p241_044
make p241_372
make p241_216
make p241_014
make p241_238
make p241_292
make p241_196
make p241_026
make p241_095
make p241_011
make p241_369
make p241_295
make p241_228
make p241_365
make p241_089
make p241_273
make p241_055
make p241_277
make p241_139
make p241_298
make p241_357
make p241_102
make p241_111
make p241_012
make p241_068
make p241_217
make p241_282
make p241_261
make p241_186
make p241_260
make p241_344
make p241_185
make p241_047
make p241_317
make p241_243
make p241_051
make p241_077
make p241_151
make p241_172
make p241_338
make p241_210
make p241_286
make p241_180
make p241_006
make p241_155
make p241_264
make p241_053
make p241_027
make p241_045
make p241_192
make p241_232
make p241_030
make p241_017
make p241_199
make p241_332
make p241_296
make p241_061
make p241_157
make p241_211
make p241_306
make p241_190
make p241_193
make p241_359
make p241_152
make p241_133
make p241_166
make p241_074
make p241_250
make p241_325
make p241_072
make p241_283
make p241_056
make p241_262
make p241_008
make p241_321
make p241_125
make p241_117
make p241_083
make p241_258
make p241_073
make p241_143
make p241_146
make p241_007
make p241_069
make p241_136
make p241_352
make p241_087
make p241_109
make p241_280
make p241_153
make p241_075
make p241_182
make p241_302
make p241_070
make p241_254
make p241_271
make p241_124
make p241_093
make p241_091
make p241_145
make p241_100
make p241_291
make p241_310
make p241_150
make p241_253
make p241_105
make p241_293
make p241_018
make p241_259
make p241_123
make p241_028
make p241_141
make p241_127
make p241_351
make p241_120
make p241_323
make p241_107
make p241_024
make p241_140
make p241_112
make p241_305
make p241_279
make p241_288
make p241_267
make p241_202
make p241_037
make p241_101
make p241_370
make p241_126
make p241_226
make p241_122
make p241_010
make p241_161
make p241_046
make p241_059
make p241_162
make p241_092
make p241_142
make p241_003
make p241_174
make p241_313
make p241_023
make p241_225
make p241_374
make p241_050
make p241_205
make p241_096
make p241_213
make p241_138
make p241_311
make p241_080
make p241_208
make p241_158
make p241_308
make p241_364
make p241_229
make p241_204
make p241_113
make p241_039
make p241_303
make p241_031
make p241_052
make p241_333
make p241_315
make p241_038
make p241_085
make p241_171
Traceback (most recent call last):
  File "/home/hh2263/Speaker-Diarization/augmentation_ver3.py", line 112, in <module>
    augmentation(SRC_path,ir_path,idx_start,idx_end)
  File "/home/hh2263/Speaker-Diarization/augmentation_ver3.py", line 101, in augmentation
    jam_out)
  File "/home/hh2263/muda/muda/core.py", line 168, in save
    psf.write(filename_audio, y, sr, **kwargs)
  File "/home/hh2263/miniconda3/envs/spokenweb/lib/python3.7/site-packages/soundfile.py", line 431, in write
    subtype, endian, format, closefd) as f:
  File "/home/hh2263/miniconda3/envs/spokenweb/lib/python3.7/site-packages/soundfile.py", line 740, in __init__
    self._file = self._open(file, mode_int, closefd)
  File "/home/hh2263/miniconda3/envs/spokenweb/lib/python3.7/site-packages/soundfile.py", line 1265, in _open
    "Error opening {0!r}: ".format(self.name))
  File "/home/hh2263/miniconda3/envs/spokenweb/lib/python3.7/site-packages/soundfile.py", line 1455, in _error_check
    raise RuntimeError(prefix + _ffi.string(err_str).decode('utf-8', 'replace'))
RuntimeError: Error opening '/scratch/hh2263/VCTK/VCTK-Corpus/wav48_muda_2/p241/p241_171_g03.wav': System error.
