making  p287
making  p285
making  p248
make p248_102
make p248_027
make p248_053
make p248_129
make p248_007
make p248_207
make p248_331
make p248_030
make p248_004
make p248_135
make p248_090
make p248_096
make p248_046
make p248_322
make p248_258
make p248_249
make p248_268
make p248_362
make p248_299
make p248_152
make p248_005
make p248_171
make p248_088
make p248_254
make p248_021
make p248_166
make p248_136
make p248_228
make p248_145
make p248_371
make p248_131
make p248_216
make p248_323
make p248_105
make p248_309
make p248_097
make p248_164
make p248_343
make p248_183
make p248_315
make p248_316
make p248_203
make p248_048
make p248_082
make p248_307
make p248_246
make p248_077
make p248_241
make p248_191
make p248_214
make p248_014
make p248_174
make p248_148
make p248_178
make p248_089
make p248_242
make p248_368
make p248_352
make p248_306
make p248_195
make p248_271
make p248_149
make p248_064
make p248_358
make p248_192
make p248_240
make p248_107
make p248_239
make p248_364
make p248_205
make p248_177
make p248_361
make p248_154
make p248_140
make p248_187
make p248_099
make p248_369
make p248_161
make p248_123
make p248_281
make p248_118
make p248_122
make p248_301
make p248_273
make p248_125
make p248_176
make p248_056
make p248_126
make p248_370
make p248_365
make p248_355
make p248_210
make p248_172
make p248_237
make p248_336
make p248_146
make p248_259
make p248_286
make p248_127
make p248_354
make p248_095
make p248_106
make p248_198
make p248_057
make p248_032
make p248_117
make p248_225
make p248_353
make p248_016
make p248_076
make p248_298
make p248_367
make p248_039
make p248_036
make p248_282
make p248_360
make p248_071
make p248_190
make p248_252
make p248_153
make p248_260
make p248_147
make p248_277
make p248_063
make p248_339
make p248_120
make p248_028
make p248_338
make p248_314
make p248_357
make p248_289
make p248_121
make p248_080
make p248_262
make p248_034
make p248_128
make p248_162
make p248_223
make p248_266
make p248_067
make p248_226
make p248_026
make p248_062
make p248_285
make p248_068
make p248_359
make p248_200
make p248_349
make p248_320
make p248_012
make p248_157
make p248_218
make p248_288
make p248_073
make p248_212
make p248_224
make p248_290
make p248_294
make p248_155
make p248_024
make p248_074
make p248_043
make p248_134
make p248_272
make p248_151
make p248_181
making  p277
make p277_338
make p277_457
make p277_246
make p277_169
make p277_221
make p277_181
make p277_080
make p277_119
make p277_097
make p277_093
make p277_212
make p277_277
make p277_182
make p277_055
make p277_189
make p277_185
Traceback (most recent call last):
  File "/home/hh2263/Speaker-Diarization/augmentation_ver3.py", line 112, in <module>
    augmentation(SRC_path,ir_path,idx_start,idx_end)
  File "/home/hh2263/Speaker-Diarization/augmentation_ver3.py", line 101, in augmentation
    jam_out)
  File "/home/hh2263/muda/muda/core.py", line 168, in save
    psf.write(filename_audio, y, sr, **kwargs)
  File "/home/hh2263/miniconda3/envs/spokenweb/lib/python3.7/site-packages/soundfile.py", line 431, in write
    subtype, endian, format, closefd) as f:
  File "/home/hh2263/miniconda3/envs/spokenweb/lib/python3.7/site-packages/soundfile.py", line 740, in __init__
    self._file = self._open(file, mode_int, closefd)
  File "/home/hh2263/miniconda3/envs/spokenweb/lib/python3.7/site-packages/soundfile.py", line 1265, in _open
    "Error opening {0!r}: ".format(self.name))
  File "/home/hh2263/miniconda3/envs/spokenweb/lib/python3.7/site-packages/soundfile.py", line 1455, in _error_check
    raise RuntimeError(prefix + _ffi.string(err_str).decode('utf-8', 'replace'))
RuntimeError: Error opening '/scratch/hh2263/VCTK/VCTK-Corpus/wav48_muda_2/p277/p277_185_g00.wav': System error.
